Log file open, 09/01/16 11:42:02
LogInit:Display: Running engine for game: OceanProject
LogPlatformFile: Not using cached read wrapper
LogInit:Display: RandInit(1869771543) SRandInit(1869771544).
LogTaskGraph: Started task graph with 4 named threads and 7 total threads with 1 sets of task threads.
LogStats: Stats thread started at 0.077609
LogInit: Version: 4.12.5-3039270+++UE4+Release-4.12
LogInit: API Version: 2992821
LogInit: Net Version: 3039270
LogDevObjectVersion: Number of dev versions registered: 13
LogDevObjectVersion:   Dev-Blueprints (B0D832E4-1F89-4F0D-ACCF-7EB736FD4AA2): 3
LogDevObjectVersion:   Dev-Build (E1C64328-A22C-4D53-A36C-8E866417BD8C): 0
LogDevObjectVersion:   Dev-Core (375EC13C-06E4-48FB-B500-84F0262A717E): 1
LogDevObjectVersion:   Dev-Editor (E4B068ED-F494-42E9-A231-DA0B2E46BB41): 2
LogDevObjectVersion:   Dev-Framework (CFFC743F-43B0-4480-9391-14DF171D2073): 6
LogDevObjectVersion:   Dev-Mobile (B02B49B5-BB20-44E9-A304-32B752E40360): 0
LogDevObjectVersion:   Dev-Networking (A4E4105C-59A1-49B5-A7C5-40C4547EDFEE): 0
LogDevObjectVersion:   Dev-Online (39C831C9-5AE6-47DC-9A44-9C173E1C8E7C): 0
LogDevObjectVersion:   Dev-Physics (78F01B33-EBEA-4F98-B9B4-84EACCB95AA2): 0
LogDevObjectVersion:   Dev-Platform (6631380F-2D4D-43E0-8009-CF276956A95A): 0
LogDevObjectVersion:   Dev-Rendering (12F88B9F-8875-4AFC-A67C-D90C383ABD29): 2
LogDevObjectVersion:   Dev-Sequencer (7B5AE74C-D270-4C10-A958-57980B212A5A): 0
LogDevObjectVersion:   Dev-VR (D7296918-1DD6-4BDD-9DE2-64A83CC13884): 0
LogInit: Compiled (64-bit): Jul  6 2016 09:09:46
LogInit: Compiled with Visual C++: 19.00.23026.00
LogInit: Build Configuration: Development
LogInit: Branch Name: ++UE4+Release-4.12
LogInit: Command line: -EpicPortal 
LogInit: Base directory: D:/Unreal Engine/Epic Games/4.12/Engine/Binaries/Win64/
LogInit: Installed Engine Build: 1
LogInit: Using libcurl 7.41.0
LogInit:  - built for x86_64-pc-win32
LogInit:  - supports SSL with WinSSL
LogInit:  - other features:
LogInit:      CURL_VERSION_SSL
LogInit:      CURL_VERSION_IPV6
LogInit:      CURL_VERSION_ASYNCHDNS
LogInit:      CURL_VERSION_LARGEFILE
LogInit:      CURL_VERSION_IDN
LogInit:  CurlRequestOptions (configurable via config and command line):
LogInit:  - bVerifyPeer = true  - Libcurl will verify peer certificate
LogInit:  - bUseHttpProxy = false  - Libcurl will NOT use HTTP proxy
LogInit:  - bDontReuseConnections = false  - Libcurl will reuse connections
LogInit:  - CertBundlePath = nullptr  - Libcurl will use whatever was configured at build time.
LogInit: Presizing for max 8388607 objects, including 0 objects not considered by GC, pre-allocating 0 bytes for permanent pool.
LogInit: Object subsystem initialized
[2016.09.01-09.42.02:706][  0]LogInit: Selected Device Profile: [Windows]
[2016.09.01-09.42.02:706][  0]LogInit: Applying CVar settings loaded from the selected device profile: [Windows]
[2016.09.01-09.42.02:716][  0]LogInit: Computer: LAPTOP-2J9C5DVQ
[2016.09.01-09.42.02:716][  0]LogInit: User: jeen1
[2016.09.01-09.42.02:716][  0]LogInit: CPU Page size=65536, Cores=4
[2016.09.01-09.42.02:716][  0]LogInit: High frequency timer resolution =2.531250 MHz
[2016.09.01-09.42.02:716][  0]LogMemory: Memory total: Physical=7.8GB (8GB approx)
[2016.09.01-09.42.02:716][  0]LogMemory: Platform Memory Stats for Windows
[2016.09.01-09.42.02:716][  0]LogMemory: Process Physical Memory: 190.75 MB used, 190.75 MB peak
[2016.09.01-09.42.02:716][  0]LogMemory: Process Virtual Memory: 195.20 MB used, 195.20 MB peak
[2016.09.01-09.42.02:716][  0]LogMemory: Physical Memory: 5429.59 MB used, 8019.78 MB total
[2016.09.01-09.42.02:716][  0]LogMemory: Virtual Memory: 554.52 MB used, 134217728.00 MB total
[2016.09.01-09.42.02:756][  0]LogTextLocalizationManager: No specific translations for ('en-US') exist, so ('en') translations will be used.
[2016.09.01-09.42.03:155][  0]LogD3D11RHI: D3D11 adapters:
[2016.09.01-09.42.03:696][  0]LogD3D11RHI:    0. 'NVIDIA GeForce GTX 960M' (Feature Level 11_0)
[2016.09.01-09.42.03:696][  0]LogD3D11RHI:       2018/0/4009 MB DedicatedVideo/DedicatedSystem/SharedSystem, Outputs:1, VendorId:0x10de
[2016.09.01-09.42.03:705][  0]LogD3D11RHI:    1. 'Intel(R) HD Graphics 530' (Feature Level 11_0)
[2016.09.01-09.42.03:705][  0]LogD3D11RHI:       128/0/4009 MB DedicatedVideo/DedicatedSystem/SharedSystem, Outputs:0, VendorId:0x8086
[2016.09.01-09.42.03:707][  0]LogD3D11RHI:    2. 'Microsoft Basic Render Driver' (Feature Level 11_0)
[2016.09.01-09.42.03:707][  0]LogD3D11RHI:       0/0/4009 MB DedicatedVideo/DedicatedSystem/SharedSystem, Outputs:0, VendorId:0x1414
[2016.09.01-09.42.03:707][  0]LogD3D11RHI: Chosen D3D11 Adapter: 0
[2016.09.01-09.42.03:713][  0]LogD3D11RHI: Creating new Direct3DDevice
[2016.09.01-09.42.03:713][  0]LogD3D11RHI:     GPU DeviceId: 0x139b (for the marketing name, search the web for "GPU Device Id")
[2016.09.01-09.42.03:713][  0]LogWindows: EnumDisplayDevices:
[2016.09.01-09.42.03:713][  0]LogWindows:    0. 'Intel(R) HD Graphics 530' (P:1 D:1)
[2016.09.01-09.42.03:713][  0]LogWindows:    1. 'Intel(R) HD Graphics 530' (P:0 D:0)
[2016.09.01-09.42.03:713][  0]LogWindows:    2. 'Intel(R) HD Graphics 530' (P:0 D:0)
[2016.09.01-09.42.03:713][  0]LogWindows: DebugString: PrimaryIsNotTheChoosenAdapter PrimaryIsNotTheChoosenAdapter PrimaryIsNotTheChoosenAdapter FoundDriverCount:0 
[2016.09.01-09.42.03:713][  0]LogD3D11RHI:     Adapter Name: NVIDIA GeForce GTX 960M
[2016.09.01-09.42.03:713][  0]LogD3D11RHI:   Driver Version: Unknown (internal:Unknown, unified:Unknown)
[2016.09.01-09.42.03:713][  0]LogD3D11RHI:      Driver Date: Unknown
[2016.09.01-09.42.03:713][  0]LogRHI: Texture pool is 1361 MB (70% of 1945 MB)
[2016.09.01-09.42.04:206][  0]LogD3D11RHI: Async texture creation enabled
[2016.09.01-09.42.04:239][  0]LogD3D11RHI: GPU Timing Frequency: 1000.000000 (Debug: 2 1)
[2016.09.01-09.42.04:239][  0]LogShaderCompilers: Guid format shader working directory is 5 characters bigger than the processId version (C:/Users/jeen1/Desktop/OceanProject-4.12/Intermediate/Shaders/WorkingDirectory/12100/).
[2016.09.01-09.42.04:240][  0]LogShaderCompilers: Cleaned the shader compiler working directory 'C:/Users/jeen1/AppData/Local/Temp/UnrealShaderWorkingDir/45E15C4D41EA74ACBB4A948B4D0E042F/'.
[2016.09.01-09.42.04:240][  0]LogShaderCompilers:Display: Using Local Shader Compiler.
[2016.09.01-09.42.05:178][  0]LogTemp:Display: Loaded TP AllDesktopTargetPlatform
[2016.09.01-09.42.05:187][  0]LogTemp:Display: Loaded TP WindowsClientTargetPlatform
[2016.09.01-09.42.05:197][  0]LogTemp:Display: Loaded TP WindowsNoEditorTargetPlatform
[2016.09.01-09.42.05:207][  0]LogTemp:Display: Loaded TP WindowsServerTargetPlatform
[2016.09.01-09.42.05:215][  0]LogTemp:Display: Loaded TP WindowsTargetPlatform
[2016.09.01-09.42.05:223][  0]LogTemp:Display: Loaded TP AndroidTargetPlatform
[2016.09.01-09.42.05:232][  0]LogTemp:Display: Loaded TP Android_ASTCTargetPlatform
[2016.09.01-09.42.05:240][  0]LogTemp:Display: Loaded TP Android_ATCTargetPlatform
[2016.09.01-09.42.05:248][  0]LogTemp:Display: Loaded TP Android_DXTTargetPlatform
[2016.09.01-09.42.05:255][  0]LogTemp:Display: Loaded TP Android_ETC1TargetPlatform
[2016.09.01-09.42.05:264][  0]LogTemp:Display: Loaded TP Android_ETC2TargetPlatform
[2016.09.01-09.42.05:280][  0]LogTemp:Display: Loaded TP Android_MultiTargetPlatform
[2016.09.01-09.42.05:280][  0]LogTemp:Display: Loaded TP Android_PVRTCTargetPlatform
[2016.09.01-09.42.05:282][  0]LogTemp:Display: Loaded TP HTML5TargetPlatform
[2016.09.01-09.42.05:304][  0]LogTemp:Display: Loaded TP IOSTargetPlatform
[2016.09.01-09.42.05:312][  0]LogTemp:Display: Loaded TP TVOSTargetPlatform
[2016.09.01-09.42.05:320][  0]LogTemp:Display: Loaded TP LinuxNoEditorTargetPlatform
[2016.09.01-09.42.05:328][  0]LogTemp:Display: Loaded TP LinuxServerTargetPlatform
[2016.09.01-09.42.05:338][  0]LogTemp:Display: Loaded TP LinuxTargetPlatform
[2016.09.01-09.42.05:338][  0]LogTargetPlatformManager:Display: Building Assets For Windows
[2016.09.01-09.42.05:423][  0]LogDerivedDataCache:Display: Max Cache Size: 512 MB
[2016.09.01-09.42.05:512][  0]LogDerivedDataCache: Loaded boot cache 0.09s 74MB C:/Users/jeen1/AppData/Local/UnrealEngine/4.12/DerivedDataCache/Boot.ddc.
[2016.09.01-09.42.05:513][  0]LogDerivedDataCache:Display: Loaded Boot cache: C:/Users/jeen1/AppData/Local/UnrealEngine/4.12/DerivedDataCache/Boot.ddc
[2016.09.01-09.42.05:513][  0]LogDerivedDataCache: FDerivedDataBackendGraph:  Pak pak cache file C:/Users/jeen1/Desktop/OceanProject-4.12/DerivedDataCache/DDC.ddp not found, will not use a pak cache.
[2016.09.01-09.42.05:513][  0]LogDerivedDataCache: Unable to find inner node Pak for hierarchical cache Hierarchy.
[2016.09.01-09.42.05:513][  0]LogDerivedDataCache: FDerivedDataBackendGraph:  CompressedPak pak cache file C:/Users/jeen1/Desktop/OceanProject-4.12/DerivedDataCache/Compressed.ddp not found, will not use a pak cache.
[2016.09.01-09.42.05:513][  0]LogDerivedDataCache: Unable to find inner node CompressedPak for hierarchical cache Hierarchy.
[2016.09.01-09.42.05:531][  0]LogDerivedDataCache:Display: Pak cache opened for reading ../../../Engine/DerivedDataCache/Compressed.ddp.
[2016.09.01-09.42.05:545][  0]LogDerivedDataCache: Using Local data cache path C:/Users/jeen1/AppData/Local/UnrealEngine/Common/DerivedDataCache: Writable
[2016.09.01-09.42.05:749][  0]LogInit: Selected Device Profile: [Windows]
[2016.09.01-09.42.05:750][  0]LogContentStreaming: Texture pool size is 0.00 MB
[2016.09.01-09.42.05:909][  0]LogMeshUtilities: No automatic mesh reduction module available
[2016.09.01-09.42.05:909][  0]LogMeshUtilities: No automatic mesh merging module available
[2016.09.01-09.42.05:909][  0]LogMeshUtilities: No distributed automatic mesh merging module available
[2016.09.01-09.42.06:176][  0]LogAssetRegistry: FAssetRegistry took 0.0218 seconds to start up
[2016.09.01-09.42.06:179][  0]LogDirectoryWatcher:Warning: Failed to begin reading directory changes for C:/Users/jeen1/Desktop/OceanProject-4.12/Plugins/OceanPlugin/Content/. Error: The system cannot find the file specified. (0x00000002)
[2016.09.01-09.42.06:293][  0]LogPackageLocalizationCache: Processed 5 localized package path(s) for 2 prioritized culture(s) in 0.113783 seconds
[2016.09.01-09.42.06:300][  0]LogUObjectArray: 28739 objects as part of root set at end of initial load.
[2016.09.01-09.42.06:300][  0]LogUObjectAllocator: 5855632 out of 0 bytes used by permanent object pool.
[2016.09.01-09.42.06:300][  0]LogUObjectArray: CloseDisregardForGC: 0/0 objects in disregard for GC pool
[2016.09.01-09.42.06:305][  0]LogInit: WinSock: version 1.1 (2.2), MaxSocks=32767, MaxUdp=65467
[2016.09.01-09.42.06:499][  0]LogSlate: SlateFontCache - WITH_FREETYPE: 1, WITH_HARFBUZZ: 1
[2016.09.01-09.42.06:499][  0]LogSlate: SlateFontCache - WITH_FREETYPE: 1, WITH_HARFBUZZ: 1
[2016.09.01-09.42.07:491][  0]LogUdpMessaging: Initializing bridge on interface 0.0.0.0:0 to multicast group 230.0.0.1:6666.
[2016.09.01-09.42.07:755][  0]SourceControl: Info Source control is disabled
[2016.09.01-09.42.07:756][  0]SourceControl: Info Source control is disabled
[2016.09.01-09.42.07:767][  0]SourceControl: Info Source control is disabled
[2016.09.01-09.42.07:779][  0]SourceControl: Info Source control is disabled
[2016.09.01-09.42.08:092][  0]LogEngine: Initializing Engine...
[2016.09.01-09.42.08:093][  0]LogHMD: SteamVR failed to initialize.  Err: 110
[2016.09.01-09.42.08:094][  0]LogHMD: SteamVR failed to initialize.  Err: 110
[2016.09.01-09.42.08:243][  0]LogAIModule: Creating AISystem for world NewWorld
[2016.09.01-09.42.08:247][  0]LogInit: XAudio2 using 'Speakers (Realtek High Definition Audio)' : 2 channels at 48 kHz using 32 bits per sample (channel mask 0x3)
[2016.09.01-09.42.08:256][  0]LogInit: FAudioDevice initialized.
[2016.09.01-09.42.08:307][  0]LogDerivedDataCache: Saved boot cache 0.05s 74MB C:/Users/jeen1/AppData/Local/UnrealEngine/4.12/DerivedDataCache/Boot.ddc.
[2016.09.01-09.42.08:320][  0]LogInit: Texture streaming: Enabled
[2016.09.01-09.42.08:349][  0]LogInit: Transaction tracking system initialized
[2016.09.01-09.42.08:372][  0]BlueprintLog: New page: Editor Load
[2016.09.01-09.42.08:482][  0]LocalizationService: Info Localization service is disabled
[2016.09.01-09.42.08:550][  0]LogConsoleResponse:Display: 
[2016.09.01-09.42.08:652][  0]LogCook:Display: Max memory allowance for cook 8192mb
[2016.09.01-09.42.08:652][  0]LogCook:Display: Mobile HDR setting 1
[2016.09.01-09.42.08:758][  0]LogFileCache: Scanning file cache for directory 'C:/Users/jeen1/Desktop/OceanProject-4.12/Content/' took 0.02s
[2016.09.01-09.42.08:763][  0]SourceControl: Info Source control is disabled
[2016.09.01-09.42.08:763][  0]Cmd: MAP LOAD FILE="C:/Users/jeen1/Desktop/OceanProject-4.12/Content/Maps/dcSkyTestMap.umap" TEMPLATE=0 SHOWPROGRESS=1 FEATURELEVEL=3
[2016.09.01-09.42.08:764][  0]LightingResults: New page: Lighting Build
[2016.09.01-09.42.08:766][  0]MapCheck: New page: Map Check
[2016.09.01-09.42.08:766][  0]LightingResults: New page: Lighting Build
[2016.09.01-09.42.09:620][  0]LogLinker:Warning: Asset '../../../Engine/Plugins/TrueSkyPlugin/Content/trueSkyMacros.uasset' has been saved with empty engine version. The asset will be loaded but may be incompatible.
[2016.09.01-09.42.11:243][  0]LogLinker:Warning: Asset 'C:/Users/jeen1/Desktop/OceanProject-4.12/Content/TrueSky/Moon.uasset' has been saved with empty engine version. The asset will be loaded but may be incompatible.
[2016.09.01-09.42.11:258][  0]LogBlueprint:Warning: Compiler Warning CreatePinForVariable: 'LightComponent' variable not found. Base class was probably changed.
[2016.09.01-09.42.11:259][  0]LogBlueprint:Warning: Compiler Warning CreatePinForVariable: 'LightComponent' variable not found. Base class was probably changed.
[2016.09.01-09.42.11:259][  0]LogBlueprint:Warning: Compiler Warning Could not find a variable named "LightComponent" in 'dcSkyTestMap_C'.
Make sure 'dcSkyTestMap_C' has been compiled for  trueSKYLighting 
[2016.09.01-09.42.11:259][  0]LogBlueprint:Warning: Compiler Warning Could not find a variable named "LightComponent" in 'dcSkyTestMap_C'.
Make sure 'dcSkyTestMap_C' has been compiled for  trueSKYLighting 
[2016.09.01-09.42.11:259][  0]LogBlueprint:Warning: Compiler Warning [0009.57] Compile of PersistentLevel.dcSkyTestMap successful, but with 4 Warning(s) [in 6 ms] (/Game/Maps/dcSkyTestMap.dcSkyTestMap:PersistentLevel.dcSkyTestMap)
[2016.09.01-09.42.11:259][  0]LogBlueprint:Warning: Compiler Warning [0009.57] Compile of PersistentLevel.dcSkyTestMap successful, but with 5 Warning(s) [in 0 ms] (/Game/Maps/dcSkyTestMap.dcSkyTestMap:PersistentLevel.dcSkyTestMap)
[2016.09.01-09.42.11:260][  0]LogBlueprint:Warning: Compiler Warning [0009.57] Compile of PersistentLevel.dcSkyTestMap successful, but with 6 Warning(s) [in 0 ms] (/Game/Maps/dcSkyTestMap.dcSkyTestMap:PersistentLevel.dcSkyTestMap)
[2016.09.01-09.42.11:266][  0]LogBlueprint:Warning: Compiler Warning CreatePinForVariable: 'LightComponent' variable not found. Base class was probably changed.
[2016.09.01-09.42.11:267][  0]LogBlueprint:Warning: Compiler Warning CreatePinForVariable: 'LightComponent' variable not found. Base class was probably changed.
[2016.09.01-09.42.11:267][  0]LogBlueprint:Warning: Compiler Warning Could not find a variable named "LightComponent" in 'dcSkyTestMap_C'.
Make sure 'dcSkyTestMap_C' has been compiled for  trueSKYLighting 
[2016.09.01-09.42.11:267][  0]LogBlueprint:Warning: Compiler Warning Could not find a variable named "LightComponent" in 'dcSkyTestMap_C'.
Make sure 'dcSkyTestMap_C' has been compiled for  trueSKYLighting 
[2016.09.01-09.42.11:267][  0]LogBlueprint:Warning: Compiler Warning [0009.57] Compile of PersistentLevel.dcSkyTestMap successful, but with 4 Warning(s) [in 6 ms] (/Game/Maps/dcSkyTestMap.dcSkyTestMap:PersistentLevel.dcSkyTestMap)
[2016.09.01-09.42.11:267][  0]LogBlueprint:Warning: Compiler Warning [0009.57] Compile of PersistentLevel.dcSkyTestMap successful, but with 5 Warning(s) [in 0 ms] (/Game/Maps/dcSkyTestMap.dcSkyTestMap:PersistentLevel.dcSkyTestMap)
[2016.09.01-09.42.11:267][  0]LogBlueprint:Warning: Compiler Warning [0009.57] Compile of PersistentLevel.dcSkyTestMap successful, but with 6 Warning(s) [in 0 ms] (/Game/Maps/dcSkyTestMap.dcSkyTestMap:PersistentLevel.dcSkyTestMap)
[2016.09.01-09.42.11:454][  0]LogSkeletalMesh:Warning: Building adjacency information for skeletal mesh '/Game/ShipsAndExamples/ManOfWar/Meshes/Front_Sails_LOD.Front_Sails_LOD'. Please resave the asset.
[2016.09.01-09.42.11:508][  0]LogSkeletalMesh:Warning: Building adjacency information for skeletal mesh '/Game/ShipsAndExamples/ManOfWar/Meshes/Front_Sails_LOD.Front_Sails_LOD'. Please resave the asset.
[2016.09.01-09.42.11:517][  0]LogSkeletalMesh:Warning: Building adjacency information for skeletal mesh '/Game/ShipsAndExamples/ManOfWar/Meshes/Front_Sails_LOD.Front_Sails_LOD'. Please resave the asset.
[2016.09.01-09.42.11:603][  0]LogSkeletalMesh:Warning: Building adjacency information for skeletal mesh '/Game/ShipsAndExamples/ManOfWar/Meshes/Back_Sails_LOD.Back_Sails_LOD'. Please resave the asset.
[2016.09.01-09.42.11:680][  0]LogSkeletalMesh:Warning: Building adjacency information for skeletal mesh '/Game/ShipsAndExamples/ManOfWar/Meshes/Back_Sails_LOD.Back_Sails_LOD'. Please resave the asset.
[2016.09.01-09.42.11:689][  0]LogSkeletalMesh:Warning: Building adjacency information for skeletal mesh '/Game/ShipsAndExamples/ManOfWar/Meshes/Back_Sails_LOD.Back_Sails_LOD'. Please resave the asset.
[2016.09.01-09.42.11:792][  0]LogSkeletalMesh:Warning: Building adjacency information for skeletal mesh '/Game/ShipsAndExamples/ManOfWar/Flag/Flag_01.Flag_01'. Please resave the asset.
[2016.09.01-09.42.12:279][  0]LogMaterial: Missing cached shader map for material M_Ocean_SSR, compiling. 
[2016.09.01-09.42.12:283][  0]LogMaterial:Warning: Failed to compile Material Instance /Game/Ocean/Materials/M_Ocean_Versions/M_Inst_Ocean_SSR_Foam_Cubemap.M_Inst_Ocean_SSR_Foam_Cubemap with Base M_Ocean_SSR for platform PCD3D_SM5, Default Material will be used in game.
[2016.09.01-09.42.12:283][  0]LogMaterial:Warning: 	(Node TextureSampleParameterCube) TextureSampleParameter> Sampler type is Color, should be Linear Color for /Engine/MapTemplates/Sky/Desert_Outer_HDR.Desert_Outer_HDR
[2016.09.01-09.42.12:310][  0]LogMaterial: Missing cached shader map for material M_Ocean, compiling. 
[2016.09.01-09.42.12:314][  0]LogMaterial:Warning: Failed to compile Material Instance /Game/Ocean/Materials/M_Ocean_Versions/M_Inst_Ocean_Foam_Cubemap.M_Inst_Ocean_Foam_Cubemap with Base M_Ocean for platform PCD3D_SM5, Default Material will be used in game.
[2016.09.01-09.42.12:314][  0]LogMaterial:Warning: 	(Node TextureSampleParameterCube) TextureSampleParameter> Sampler type is Color, should be Linear Color for /Engine/MapTemplates/Sky/Desert_Outer_HDR.Desert_Outer_HDR
[2016.09.01-09.42.13:205][  0]LogAIModule: Creating AISystem for world dcSkyTestMap
[2016.09.01-09.42.13:681][  0]LogEditorServer: Finished looking for orphan Actors (0.000 secs)
[2016.09.01-09.42.13:681][  0]Cmd: MAP CHECKDEP NOCLEARLOG
[2016.09.01-09.42.13:854][  0]MapCheck: Info Map check complete: 0 Error(s), 0 Warning(s), took 172.398ms to complete.
[2016.09.01-09.42.13:854][  0]LogFileHelpers: Loading map 'dcSkyTestMap' took 5.091
[2016.09.01-09.42.13:945][  0]LogCollectionManager: Loaded 0 collections in 0.002588 seconds
[2016.09.01-09.42.13:994][  0]LogFileCache: Scanning file cache for directory 'C:/Users/jeen1/Desktop/OceanProject-4.12/Saved/Collections/' took 0.01s
[2016.09.01-09.42.13:994][  0]LogFileCache: Scanning file cache for directory 'C:/Users/jeen1/Desktop/OceanProject-4.12/Content/Developers/jeen1/Collections/' took 0.01s
[2016.09.01-09.42.13:995][  0]LogFileCache: Scanning file cache for directory 'C:/Users/jeen1/Desktop/OceanProject-4.12/Content/Collections/' took 0.01s
[2016.09.01-09.42.13:995][  0]LogCollectionManager: Rebuilt the GUID cache for 0 collections in 0.000006 seconds
[2016.09.01-09.42.14:018][  0]LogContentBrowser: Native class hierarchy populated in 0.0231 seconds. Added 2065 classes and 380 folders.
[2016.09.01-09.42.14:025][  0]LogStats: UGameplayTagsManager::ConstructGameplayTagTree: Construct from data asset -  0.000 s
[2016.09.01-09.42.14:025][  0]LogStats: UGameplayTagsManager::ConstructGameplayTagTree: GameplayTagTreeChangedEvent.Broadcast -  0.000 s
[2016.09.01-09.42.14:027][  0]LogContentBrowser: Native class hierarchy updated for 'GameplayTags' in 0.0018 seconds. Added 12 classes and 0 folders.
[2016.09.01-09.42.14:033][  0]LogContentBrowser: Native class hierarchy updated for 'WidgetCarousel' in 0.0015 seconds. Added 0 classes and 0 folders.
[2016.09.01-09.42.14:102][  0]LogContentBrowser: Native class hierarchy updated for 'AddContentDialog' in 0.0016 seconds. Added 0 classes and 0 folders.
[2016.09.01-09.42.14:328][  0]LogContentBrowser: Native class hierarchy updated for 'SceneOutliner' in 0.0018 seconds. Added 1 classes and 2 folders.
[2016.09.01-09.42.14:341][  0]LogCrashTracker: Crashtracker disabled due to settings.
[2016.09.01-09.42.14:347][  0]LogUObjectGlobals:Warning: Failed to find object 'Class None.'
[2016.09.01-09.42.14:380][  0]LogContentBrowser: Native class hierarchy updated for 'HierarchicalLODOutliner' in 0.0034 seconds. Added 1 classes and 2 folders.
[2016.09.01-09.42.14:380][  0]LogLoad: Full Startup: 12.69 seconds (BP compile: 0.97 seconds)
[2016.09.01-09.42.14:380][  0]LogExternalProfiler: Found external profiler: VSPerf
[2016.09.01-09.42.14:380][  0]LogExternalProfiler: Using external profiler: VSPerf
[2016.09.01-09.42.14:399][  0]LogOcInput: OculusInput pre-init called
[2016.09.01-09.42.14:443][  0]LogContentStreaming: Texture pool size now 700 MB
[2016.09.01-09.42.14:580][  1]Cmd: UpdateLandscapeEditorData -warnings
[2016.09.01-09.42.14:590][  1]LogFileCache: Retrieving MD5 hashes for directory 'C:/Users/jeen1/Desktop/OceanProject-4.12/Content/' took 0.18s
[2016.09.01-09.42.14:621][  2]LogRenderer: Reallocating scene render targets to support 508x452 (Frame:2).
[2016.09.01-09.42.14:644][  2]TrueSky:Display: Simul version 4.1 build 382
[2016.09.01-09.42.14:644][  2]TrueSky:Display: Loaded trueSKY dynamic library ../../../Engine//binaries/thirdparty/simul/Win64/TrueSkyPluginRender_MT.dll.
[2016.09.01-09.42.14:833][  2]LogRenderer: Reallocating scene render targets to support 680x604 (Frame:2).
[2016.09.01-09.42.14:947][  2]LogAssetRegistry: Asset discovery search completed in 8.7936 seconds
[2016.09.01-09.42.14:947][  2]LogCollectionManager: Rebuilt the object cache for 0 collections in 0.000000 seconds (found 0 objects)
[2016.09.01-09.42.14:947][  2]LogCollectionManager: Fixed up redirectors for 0 collections in 0.000051 seconds (updated 0 objects)
[2016.09.01-09.53.15:517][ 65]Cmd: QUIT_EDITOR
[2016.09.01-09.53.16:075][ 65]LogWindowsTextInputMethodSystem:Display: IME system now deactivated.
[2016.09.01-09.53.16:188][ 65]LogExit: Preparing to exit.
[2016.09.01-09.53.18:020][ 65]LogExit: Editor shut down
[2016.09.01-09.53.18:021][ 65]LogExit: Transaction tracking system shut down
[2016.09.01-09.53.20:062][ 65]LogObj: Freed 0b from 0 cluster array pools.
[2016.09.01-09.53.20:063][ 65]LogExit: Object subsystem successfully closed.
[2016.09.01-09.53.20:486][ 65]LogD3D11RHI: Shutdown
[2016.09.01-09.53.20:495][ 65]LogD3D11RHI: CleanupD3DDevice
[2016.09.01-09.53.20:576][ 65]LogD3D11RHI: ~FD3D11DynamicRHI
[2016.09.01-09.53.21:397][ 65]LogModuleManager: Shutting down and abandoning module HierarchicalLODOutliner (217)
[2016.09.01-09.53.21:404][ 65]LogModuleManager: Shutting down and abandoning module CrashTracker (216)
[2016.09.01-09.53.21:404][ 65]LogModuleManager: Shutting down and abandoning module SceneOutliner (215)
[2016.09.01-09.53.21:404][ 65]LogModuleManager: Shutting down and abandoning module WidgetCarousel (214)
[2016.09.01-09.53.21:415][ 65]LogModuleManager: Shutting down and abandoning module AddContentDialog (213)
[2016.09.01-09.53.21:465][ 65]LogModuleManager: Shutting down and abandoning module GameplayTags (212)
[2016.09.01-09.53.21:465][ 65]LogModuleManager: Shutting down and abandoning module EditorWidgets (211)
[2016.09.01-09.53.21:465][ 65]LogModuleManager: Shutting down and abandoning module CollectionManager (210)
[2016.09.01-09.53.21:501][ 65]LogModuleManager: Shutting down and abandoning module StatsViewer (209)
[2016.09.01-09.53.21:556][ 65]LogModuleManager: Shutting down and abandoning module FoliageEdit (208)
[2016.09.01-09.53.21:562][ 65]LogModuleManager: Shutting down and abandoning module LandscapeEditor (207)
[2016.09.01-09.53.21:596][ 65]LogModuleManager: Shutting down and abandoning module SceneDepthPickerMode (206)
[2016.09.01-09.53.21:596][ 65]LogModuleManager: Shutting down and abandoning module ActorPickerMode (205)
[2016.09.01-09.53.21:596][ 65]LogModuleManager: Shutting down and abandoning module GeometryMode (204)
[2016.09.01-09.53.21:596][ 65]LogModuleManager: Shutting down and abandoning module TextureAlignMode (203)
[2016.09.01-09.53.21:596][ 65]LogModuleManager: Shutting down and abandoning module BspMode (202)
[2016.09.01-09.53.21:613][ 65]LogModuleManager: Shutting down and abandoning module HardwareSurvey (201)
[2016.09.01-09.53.21:624][ 65]LogModuleManager: Shutting down and abandoning module SequenceRecorderSections (200)
[2016.09.01-09.53.21:624][ 65]LogModuleManager: Shutting down and abandoning module SequenceRecorder (199)
[2016.09.01-09.53.21:651][ 65]LogModuleManager: Shutting down and abandoning module AutomationWorker (198)
[2016.09.01-09.53.21:651][ 65]LogModuleManager: Shutting down and abandoning module MatineeToLevelSequence (197)
[2016.09.01-09.53.21:658][ 65]LogModuleManager: Shutting down and abandoning module PlacementMode (196)
[2016.09.01-09.53.21:666][ 65]LogModuleManager: Shutting down and abandoning module LevelSequenceEditor (195)
[2016.09.01-09.53.21:717][ 65]LogModuleManager: Shutting down and abandoning module CharacterAI (194)
[2016.09.01-09.53.21:717][ 65]LogModuleManager: Shutting down and abandoning module SmartSnapping (193)
[2016.09.01-09.53.21:717][ 65]LogModuleManager: Shutting down and abandoning module SessionServices (192)
[2016.09.01-09.53.21:717][ 65]LogModuleManager: Shutting down and abandoning module ViewportSnapping (191)
[2016.09.01-09.53.21:717][ 65]LogModuleManager: Shutting down and abandoning module LogVisualizer (190)
[2016.09.01-09.53.21:732][ 65]LogModuleManager: Shutting down and abandoning module GameProjectGeneration (189)
[2016.09.01-09.53.21:759][ 65]LogModuleManager: Shutting down and abandoning module IntroTutorials (188)
[2016.09.01-09.53.21:767][ 65]LogModuleManager: Shutting down and abandoning module EditorLiveStreaming (187)
[2016.09.01-09.53.21:767][ 65]LogModuleManager: Shutting down and abandoning module IOSPlatformEditor (186)
[2016.09.01-09.53.21:781][ 65]LogModuleManager: Shutting down and abandoning module HTML5PlatformEditor (185)
[2016.09.01-09.53.21:781][ 65]LogModuleManager: Shutting down and abandoning module AndroidDeviceDetection (184)
[2016.09.01-09.53.22:736][ 65]LogModuleManager: Shutting down and abandoning module AndroidPlatformEditor (183)
[2016.09.01-09.53.22:832][ 65]LogModuleManager: Shutting down and abandoning module IOSRuntimeSettings (182)
[2016.09.01-09.53.22:832][ 65]LogModuleManager: Shutting down and abandoning module AndroidRuntimeSettings (181)
[2016.09.01-09.53.22:832][ 65]LogModuleManager: Shutting down and abandoning module MergeActors (180)
[2016.09.01-09.53.22:843][ 65]LogModuleManager: Shutting down and abandoning module SizeMap (179)
[2016.09.01-09.53.22:843][ 65]LogModuleManager: Shutting down and abandoning module TreeMap (178)
[2016.09.01-09.53.22:852][ 65]LogModuleManager: Shutting down and abandoning module ReferenceViewer (177)
[2016.09.01-09.53.22:857][ 65]LogModuleManager: Shutting down and abandoning module LocalizationService (176)
[2016.09.01-09.53.22:869][ 65]LogModuleManager: Shutting down and abandoning module LocalizationDashboard (175)
[2016.09.01-09.53.22:881][ 65]LogModuleManager: Shutting down and abandoning module HardwareTargeting (174)
[2016.09.01-09.53.22:885][ 65]LogModuleManager: Shutting down and abandoning module DeviceProfileEditor (173)
[2016.09.01-09.53.22:893][ 65]LogModuleManager: Shutting down and abandoning module UndoHistory (172)
[2016.09.01-09.53.22:908][ 65]LogModuleManager: Shutting down and abandoning module UserFeedback (171)
[2016.09.01-09.53.22:908][ 65]LogModuleManager: Shutting down and abandoning module XmlParser (170)
[2016.09.01-09.53.22:921][ 65]LogModuleManager: Shutting down and abandoning module Blutility (169)
[2016.09.01-09.53.22:934][ 65]LogModuleManager: Shutting down and abandoning module ProjectTargetPlatformEditor (168)
[2016.09.01-09.53.22:946][ 65]LogModuleManager: Shutting down and abandoning module ProjectSettingsViewer (167)
[2016.09.01-09.53.22:947][ 65]LogModuleManager: Shutting down and abandoning module InputBindingEditor (166)
[2016.09.01-09.53.22:969][ 65]LogModuleManager: Shutting down and abandoning module EditorSettingsViewer (165)
[2016.09.01-09.53.22:969][ 65]LogModuleManager: Shutting down and abandoning module SettingsEditor (164)
[2016.09.01-09.53.23:011][ 65]LogModuleManager: Shutting down and abandoning module ProjectLauncher (163)
[2016.09.01-09.53.23:047][ 65]LogModuleManager: Shutting down and abandoning module SessionFrontend (162)
[2016.09.01-09.53.23:078][ 65]LogModuleManager: Shutting down and abandoning module ProfilerClient (161)
[2016.09.01-09.53.23:090][ 65]LogModuleManager: Shutting down and abandoning module TargetDeviceServices (160)
[2016.09.01-09.53.23:099][ 65]LogModuleManager: Shutting down and abandoning module DeviceManager (159)
[2016.09.01-09.53.23:165][ 65]LogModuleManager: Shutting down and abandoning module AutomationController (158)
[2016.09.01-09.53.23:171][ 65]LogModuleManager: Shutting down and abandoning module AutomationWindow (157)
[2016.09.01-09.53.23:192][ 65]LogModuleManager: Shutting down and abandoning module Layers (156)
[2016.09.01-09.53.23:248][ 65]LogModuleManager: Shutting down and abandoning module ComponentVisualizers (155)
[2016.09.01-09.53.23:248][ 65]LogModuleManager: Shutting down and abandoning module DetailCustomizations (154)
[2016.09.01-09.53.23:293][ 65]LogModuleManager: Shutting down and abandoning module PackagesDialog (153)
[2016.09.01-09.53.23:330][ 65]LogModuleManager: Shutting down and abandoning module Persona (152)
[2016.09.01-09.53.23:383][ 65]LogModuleManager: Shutting down and abandoning module Kismet (151)
[2016.09.01-09.53.23:388][ 65]LogModuleManager: Shutting down and abandoning module GraphEditor (150)
[2016.09.01-09.53.23:443][ 65]LogModuleManager: Shutting down and abandoning module ClassViewer (149)
[2016.09.01-09.53.23:487][ 65]LogModuleManager: Shutting down and abandoning module Toolbox (148)
[2016.09.01-09.53.23:501][ 65]LogModuleManager: Shutting down and abandoning module ModuleUI (147)
[2016.09.01-09.53.23:516][ 65]LogModuleManager: Shutting down and abandoning module MovieSceneTools (146)
[2016.09.01-09.53.23:536][ 65]LogModuleManager: Shutting down and abandoning module OutputLog (145)
[2016.09.01-09.53.23:550][ 65]LogModuleManager: Shutting down and abandoning module GammaUI (144)
[2016.09.01-09.53.23:577][ 65]LogModuleManager: Shutting down and abandoning module Documentation (143)
[2016.09.01-09.53.23:577][ 65]LogModuleManager: Shutting down and abandoning module StreamingPauseRendering (142)
[2016.09.01-09.53.23:577][ 65]LogModuleManager: Shutting down and abandoning module AnalyticsET (141)
[2016.09.01-09.53.23:577][ 65]LogModuleManager: Shutting down and abandoning module Analytics (140)
[2016.09.01-09.53.23:577][ 65]LogModuleManager: Shutting down and abandoning module PortalServices (139)
[2016.09.01-09.53.23:577][ 65]LogModuleManager: Shutting down and abandoning module PortalRpc (138)
[2016.09.01-09.53.23:577][ 65]LogModuleManager: Shutting down and abandoning module MessagingRpc (137)
[2016.09.01-09.53.23:577][ 65]LogModuleManager: Shutting down and abandoning module GameplayDebugger (136)
[2016.09.01-09.53.23:577][ 65]LogModuleManager: Shutting down and abandoning module AITestSuite (135)
[2016.09.01-09.53.23:587][ 65]LogModuleManager: Shutting down and abandoning module AIModule (134)
[2016.09.01-09.53.23:587][ 65]LogModuleManager: Shutting down and abandoning module ProfilerService (133)
[2016.09.01-09.53.23:708][ 65]LogModuleManager: Shutting down and abandoning module TaskGraph (132)
[2016.09.01-09.53.23:745][ 65]LogModuleManager: Shutting down and abandoning module OceanPlugin (131)
[2016.09.01-09.53.23:751][ 65]LogModuleManager: Shutting down and abandoning module TrueSkyEditorPlugin (130)
[2016.09.01-09.53.23:751][ 65]LogModuleManager: Shutting down and abandoning module SlateRemote (129)
[2016.09.01-09.53.23:752][ 65]LogModuleManager: Shutting down and abandoning module SteamVRController (128)
[2016.09.01-09.53.23:752][ 65]LogModuleManager: Shutting down and abandoning module SteamVR (127)
[2016.09.01-09.53.23:752][ 65]LogModuleManager: Shutting down and abandoning module ProceduralMeshComponent (126)
[2016.09.01-09.53.23:752][ 65]LogModuleManager: Shutting down and abandoning module OculusLibrary (125)
[2016.09.01-09.53.23:752][ 65]LogModuleManager: Shutting down and abandoning module OculusInput (124)
[2016.09.01-09.53.23:752][ 65]LogModuleManager: Shutting down and abandoning module CustomMeshComponent (123)
[2016.09.01-09.53.23:752][ 65]LogModuleManager: Shutting down and abandoning module CableComponent (122)
[2016.09.01-09.53.23:752][ 65]LogModuleManager: Shutting down and abandoning module ArchVisCharacter (121)
[2016.09.01-09.53.23:752][ 65]LogModuleManager: Shutting down and abandoning module MediaPlayerEditor (120)
[2016.09.01-09.53.23:835][ 65]LogModuleManager: Shutting down and abandoning module HTML5Networking (119)
[2016.09.01-09.53.23:835][ 65]LogModuleManager: Shutting down and abandoning module SuperSearch (118)
[2016.09.01-09.53.23:835][ 65]LogModuleManager: Shutting down and abandoning module SuperSearchEditor (117)
[2016.09.01-09.53.23:835][ 65]LogModuleManager: Shutting down and abandoning module SpeedTreeImporter (116)
[2016.09.01-09.53.23:835][ 65]LogModuleManager: Shutting down and abandoning module PluginBrowser (115)
[2016.09.01-09.53.23:903][ 65]LogModuleManager: Shutting down and abandoning module EpicSurvey (114)
[2016.09.01-09.53.23:903][ 65]LogModuleManager: Shutting down and abandoning module DesktopPlatform (113)
[2016.09.01-09.53.23:922][ 65]LogModuleManager: Shutting down and abandoning module VisualStudioSourceCodeAccess (112)
[2016.09.01-09.53.23:934][ 65]LogModuleManager: Shutting down and abandoning module UObjectPlugin (111)
[2016.09.01-09.53.23:934][ 65]LogModuleManager: Shutting down and abandoning module SubversionSourceControl (110)
[2016.09.01-09.53.23:954][ 65]LogModuleManager: Shutting down and abandoning module PerforceSourceControl (109)
[2016.09.01-09.53.23:992][ 65]LogModuleManager: Shutting down and abandoning module SourceControl (108)
[2016.09.01-09.53.24:013][ 65]LogModuleManager: Shutting down and abandoning module GitSourceControl (107)
[2016.09.01-09.53.24:025][ 65]LogModuleManager: Shutting down and abandoning module LightPropagationVolumeEditor (106)
[2016.09.01-09.53.24:025][ 65]LogModuleManager: Shutting down and abandoning module PaperTiledImporter (105)
[2016.09.01-09.53.24:028][ 65]LogModuleManager: Shutting down and abandoning module PaperSpriteSheetImporter (104)
[2016.09.01-09.53.24:028][ 65]LogModuleManager: Shutting down and abandoning module MeshPaint (103)
[2016.09.01-09.53.24:035][ 65]LogModuleManager: Shutting down and abandoning module PixelInspectorModule (102)
[2016.09.01-09.53.24:049][ 65]LogModuleManager: Shutting down and abandoning module HotReload (101)
[2016.09.01-09.53.24:095][ 65]LogModuleManager: Shutting down and abandoning module MainFrame (100)
[2016.09.01-09.53.24:107][ 65]LogModuleManager: Shutting down and abandoning module LevelEditor (99)
[2016.09.01-09.53.24:108][ 65]LogModuleManager: Shutting down and abandoning module ContentBrowser (98)
[2016.09.01-09.53.24:110][ 65]LogModuleManager: Shutting down and abandoning module Paper2DEditor (97)
[2016.09.01-09.53.24:135][ 65]LogModuleManager: Shutting down and abandoning module OceanProject (96)
[2016.09.01-09.53.24:135][ 65]LogModuleManager: Shutting down and abandoning module TrueSkyPlugin (95)
[2016.09.01-09.53.24:157][ 65]LogModuleManager: Shutting down and abandoning module UdpMessaging (94)
[2016.09.01-09.53.24:258][ 65]LogModuleManager: Shutting down and abandoning module LightPropagationVolumeRuntime (93)
[2016.09.01-09.53.24:258][ 65]LogModuleManager: Shutting down and abandoning module Paper2D (92)
[2016.09.01-09.53.24:272][ 65]LogModuleManager: Shutting down and abandoning module WindowsMoviePlayer (91)
[2016.09.01-09.53.24:272][ 65]LogModuleManager: Shutting down and abandoning module Media (90)
[2016.09.01-09.53.24:272][ 65]LogModuleManager: Shutting down and abandoning module WmfMedia (89)
[2016.09.01-09.53.24:277][ 65]LogModuleManager: Shutting down and abandoning module MediaAssets (88)
[2016.09.01-09.53.24:277][ 65]LogModuleManager: Shutting down and abandoning module GameLiveStreaming (87)
[2016.09.01-09.53.24:291][ 65]LogModuleManager: Shutting down and abandoning module GameplayTagsEditor (86)
[2016.09.01-09.53.24:291][ 65]LogModuleManager: Shutting down and abandoning module OnlineBlueprintSupport (85)
[2016.09.01-09.53.24:291][ 65]LogModuleManager: Shutting down and abandoning module VREditor (84)
[2016.09.01-09.53.24:299][ 65]LogModuleManager: Shutting down and abandoning module GameplayTasksEditor (83)
[2016.09.01-09.53.24:299][ 65]LogModuleManager: Shutting down and abandoning module PropertyEditor (82)
[2016.09.01-09.53.24:306][ 65]LogModuleManager: Shutting down and abandoning module BehaviorTreeEditor (81)
[2016.09.01-09.53.24:338][ 65]LogModuleManager: Shutting down and abandoning module FunctionalTesting (80)
[2016.09.01-09.53.24:338][ 65]LogModuleManager: Shutting down and abandoning module CollisionAnalyzer (79)
[2016.09.01-09.53.24:360][ 65]LogModuleManager: Shutting down and abandoning module Sequencer (78)
[2016.09.01-09.53.24:393][ 65]LogModuleManager: Shutting down and abandoning module WorkspaceMenuStructure (77)
[2016.09.01-09.53.24:393][ 65]LogModuleManager: Shutting down and abandoning module MessageLog (76)
[2016.09.01-09.53.24:398][ 65]LogModuleManager: Shutting down and abandoning module AssetTools (75)
[2016.09.01-09.53.24:466][ 65]LogModuleManager: Shutting down and abandoning module UMGEditor (74)
[2016.09.01-09.53.24:505][ 65]LogModuleManager: Shutting down and abandoning module UMG (73)
[2016.09.01-09.53.24:527][ 65]LogModuleManager: Shutting down and abandoning module SlateReflector (72)
[2016.09.01-09.53.24:549][ 65]LogModuleManager: Shutting down and abandoning module Slate (71)
[2016.09.01-09.53.24:555][ 65]LogModuleManager: Shutting down and abandoning module EditorStyle (70)
[2016.09.01-09.53.24:557][ 65]LogModuleManager: Shutting down and abandoning module SourceCodeAccess (69)
[2016.09.01-09.53.24:557][ 65]LogModuleManager: Shutting down and abandoning module HeadMountedDisplay (68)
[2016.09.01-09.53.24:557][ 65]LogModuleManager: Shutting down and abandoning module XAudio2 (67)
[2016.09.01-09.53.24:557][ 65]LogModuleManager: Shutting down and abandoning module Networking (65)
[2016.09.01-09.53.24:557][ 65]LogModuleManager: Shutting down and abandoning module Core (64)
[2016.09.01-09.53.24:557][ 65]LogModuleManager: Shutting down and abandoning module DirectoryWatcher (63)
[2016.09.01-09.53.24:558][ 65]LogModuleManager: Shutting down and abandoning module AssetRegistry (62)
[2016.09.01-09.53.24:777][ 65]LogModuleManager: Shutting down and abandoning module KismetCompiler (61)
[2016.09.01-09.53.24:777][ 65]LogModuleManager: Shutting down and abandoning module PhysXFormats (60)
[2016.09.01-09.53.24:786][ 65]LogModuleManager: Shutting down and abandoning module MeshUtilities (59)
[2016.09.01-09.53.24:818][ 65]LogModuleManager: Shutting down and abandoning module DerivedDataCache (58)
[2016.09.01-09.53.24:863][ 65]LogDerivedDataCache: Shutdown
[2016.09.01-09.53.24:863][ 65]LogModuleManager: Shutting down and abandoning module VulkanShaderFormat (57)
[2016.09.01-09.53.24:875][ 65]LogModuleManager: Shutting down and abandoning module ShaderFormatOpenGL (56)
[2016.09.01-09.53.24:884][ 65]LogModuleManager: Shutting down and abandoning module ShaderFormatD3D (55)
[2016.09.01-09.53.24:909][ 65]LogModuleManager: Shutting down and abandoning module MetalShaderFormat (54)
[2016.09.01-09.53.24:917][ 65]LogModuleManager: Shutting down and abandoning module TextureFormatUncompressed (53)
[2016.09.01-09.53.24:917][ 65]LogModuleManager: Shutting down and abandoning module TextureFormatPVR (52)
[2016.09.01-09.53.24:928][ 65]LogModuleManager: Shutting down and abandoning module TextureFormatIntelISPCTexComp (51)
[2016.09.01-09.53.24:940][ 65]LogModuleManager: Shutting down and abandoning module TextureFormatDXT (50)
[2016.09.01-09.53.24:950][ 65]LogModuleManager: Shutting down and abandoning module ImageWrapper (49)
[2016.09.01-09.53.24:950][ 65]LogModuleManager: Shutting down and abandoning module TextureFormatASTC (48)
[2016.09.01-09.53.24:950][ 65]LogModuleManager: Shutting down and abandoning module TextureFormatAndroid (47)
[2016.09.01-09.53.24:950][ 65]LogModuleManager: Shutting down and abandoning module AudioFormatOpus (46)
[2016.09.01-09.53.24:957][ 65]LogModuleManager: Shutting down and abandoning module AudioFormatOgg (45)
[2016.09.01-09.53.24:964][ 65]LogModuleManager: Shutting down and abandoning module AudioFormatADPCM (44)
[2016.09.01-09.53.24:968][ 65]LogModuleManager: Shutting down and abandoning module LinuxTargetPlatform (43)
[2016.09.01-09.53.24:968][ 65]LogModuleManager: Shutting down and abandoning module LinuxServerTargetPlatform (42)
[2016.09.01-09.53.24:976][ 65]LogModuleManager: Shutting down and abandoning module LinuxNoEditorTargetPlatform (41)
[2016.09.01-09.53.24:979][ 65]LogModuleManager: Shutting down and abandoning module TVOSTargetPlatform (40)
[2016.09.01-09.53.24:979][ 65]LogModuleManager: Shutting down and abandoning module Messaging (39)
[2016.09.01-09.53.24:979][ 65]LogModuleManager: Shutting down and abandoning module IOSTargetPlatform (38)
[2016.09.01-09.53.24:979][ 65]LogModuleManager: Shutting down and abandoning module HTML5TargetPlatform (37)
[2016.09.01-09.53.24:979][ 65]LogModuleManager: Shutting down and abandoning module Android_PVRTCTargetPlatform (36)
[2016.09.01-09.53.24:979][ 65]LogModuleManager: Shutting down and abandoning module Android_MultiTargetPlatform (35)
[2016.09.01-09.53.24:988][ 65]LogModuleManager: Shutting down and abandoning module Android_ETC2TargetPlatform (34)
[2016.09.01-09.53.24:988][ 65]LogModuleManager: Shutting down and abandoning module Android_ETC1TargetPlatform (33)
[2016.09.01-09.53.24:988][ 65]LogModuleManager: Shutting down and abandoning module Android_DXTTargetPlatform (32)
[2016.09.01-09.53.24:988][ 65]LogModuleManager: Shutting down and abandoning module Android_ATCTargetPlatform (31)
[2016.09.01-09.53.24:988][ 65]LogModuleManager: Shutting down and abandoning module Android_ASTCTargetPlatform (30)
[2016.09.01-09.53.24:988][ 65]LogModuleManager: Shutting down and abandoning module AndroidTargetPlatform (29)
[2016.09.01-09.53.24:988][ 65]LogModuleManager: Shutting down and abandoning module WindowsTargetPlatform (28)
[2016.09.01-09.53.24:988][ 65]LogModuleManager: Shutting down and abandoning module WindowsServerTargetPlatform (27)
[2016.09.01-09.53.25:001][ 65]LogModuleManager: Shutting down and abandoning module WindowsNoEditorTargetPlatform (26)
[2016.09.01-09.53.25:008][ 65]LogModuleManager: Shutting down and abandoning module WindowsClientTargetPlatform (25)
[2016.09.01-09.53.25:013][ 65]LogModuleManager: Shutting down and abandoning module AllDesktopTargetPlatform (24)
[2016.09.01-09.53.25:013][ 65]LogModuleManager: Shutting down and abandoning module TargetPlatform (23)
[2016.09.01-09.53.25:019][ 65]LogModuleManager: Shutting down and abandoning module InputCore (22)
[2016.09.01-09.53.25:019][ 65]LogModuleManager: Shutting down and abandoning module Settings (21)
[2016.09.01-09.53.25:019][ 65]LogModuleManager: Shutting down and abandoning module OnlineSubsystem (19)
[2016.09.01-09.53.25:019][ 65]LogModuleManager: Shutting down and abandoning module HTTP (18)
[2016.09.01-09.53.29:529][ 65]LogModuleManager: Shutting down and abandoning module XMPP (17)
[2016.09.01-09.53.29:562][ 65]LogModuleManager: Shutting down and abandoning module OculusRift (16)
[2016.09.01-09.53.29:621][ 65]LogModuleManager: Shutting down and abandoning module ExampleDeviceProfileSelector (15)
[2016.09.01-09.53.29:621][ 65]LogModuleManager: Shutting down and abandoning module TextureCompressor (14)
[2016.09.01-09.53.29:639][ 65]LogModuleManager: Shutting down and abandoning module ShaderCore (13)
[2016.09.01-09.53.29:639][ 65]LogModuleManager: Shutting down and abandoning module Landscape (12)
[2016.09.01-09.53.29:639][ 65]LogModuleManager: Shutting down and abandoning module SlateRHIRenderer (11)
[2016.09.01-09.53.29:710][ 65]LogModuleManager: Shutting down and abandoning module OpenGLDrv (10)
[2016.09.01-09.53.29:725][ 65]LogModuleManager: Shutting down and abandoning module D3D11RHI (9)
[2016.09.01-09.53.29:725][ 65]LogModuleManager: Shutting down and abandoning module AnimGraphRuntime (8)
[2016.09.01-09.53.29:725][ 65]LogModuleManager: Shutting down and abandoning module Renderer (7)
[2016.09.01-09.53.29:725][ 65]LogModuleManager: Shutting down and abandoning module Engine (6)
[2016.09.01-09.53.29:725][ 65]LogModuleManager: Shutting down and abandoning module CoreUObject (5)
[2016.09.01-09.53.29:725][ 65]LogModuleManager: Shutting down and abandoning module NetworkFile (4)
[2016.09.01-09.53.29:749][ 65]LogModuleManager: Shutting down and abandoning module StreamingFile (3)
[2016.09.01-09.53.29:775][ 65]LogModuleManager: Shutting down and abandoning module SandboxFile (2)
[2016.09.01-09.53.29:789][ 65]LogModuleManager: Shutting down and abandoning module PakFile (1)
[2016.09.01-09.53.29:847][ 65]LogExit: Exiting.
[2016.09.01-09.53.29:861][ 65]Log file closed, 09/01/16 11:53:29
