Log file open, 08/31/16 20:41:55
LogInit:Display: Running engine for game: OceanProject
LogPlatformFile: Not using cached read wrapper
LogInit:Display: RandInit(1375804667) SRandInit(1375804668).
LogTaskGraph: Started task graph with 4 named threads and 7 total threads with 1 sets of task threads.
LogStats: Stats thread started at 0.090802
LogInit: Version: 4.12.5-3039270+++UE4+Release-4.12
LogInit: API Version: 2992821
LogInit: Net Version: 3039270
LogDevObjectVersion: Number of dev versions registered: 13
LogDevObjectVersion:   Dev-Blueprints (B0D832E4-1F89-4F0D-ACCF-7EB736FD4AA2): 3
LogDevObjectVersion:   Dev-Build (E1C64328-A22C-4D53-A36C-8E866417BD8C): 0
LogDevObjectVersion:   Dev-Core (375EC13C-06E4-48FB-B500-84F0262A717E): 1
LogDevObjectVersion:   Dev-Editor (E4B068ED-F494-42E9-A231-DA0B2E46BB41): 2
LogDevObjectVersion:   Dev-Framework (CFFC743F-43B0-4480-9391-14DF171D2073): 6
LogDevObjectVersion:   Dev-Mobile (B02B49B5-BB20-44E9-A304-32B752E40360): 0
LogDevObjectVersion:   Dev-Networking (A4E4105C-59A1-49B5-A7C5-40C4547EDFEE): 0
LogDevObjectVersion:   Dev-Online (39C831C9-5AE6-47DC-9A44-9C173E1C8E7C): 0
LogDevObjectVersion:   Dev-Physics (78F01B33-EBEA-4F98-B9B4-84EACCB95AA2): 0
LogDevObjectVersion:   Dev-Platform (6631380F-2D4D-43E0-8009-CF276956A95A): 0
LogDevObjectVersion:   Dev-Rendering (12F88B9F-8875-4AFC-A67C-D90C383ABD29): 2
LogDevObjectVersion:   Dev-Sequencer (7B5AE74C-D270-4C10-A958-57980B212A5A): 0
LogDevObjectVersion:   Dev-VR (D7296918-1DD6-4BDD-9DE2-64A83CC13884): 0
LogInit: Compiled (64-bit): Jul  6 2016 09:09:46
LogInit: Compiled with Visual C++: 19.00.23026.00
LogInit: Build Configuration: Development
LogInit: Branch Name: ++UE4+Release-4.12
LogInit: Command line: -EpicPortal 
LogInit: Base directory: D:/Unreal Engine/Epic Games/4.12/Engine/Binaries/Win64/
LogInit: Installed Engine Build: 1
LogInit: Using libcurl 7.41.0
LogInit:  - built for x86_64-pc-win32
LogInit:  - supports SSL with WinSSL
LogInit:  - other features:
LogInit:      CURL_VERSION_SSL
LogInit:      CURL_VERSION_IPV6
LogInit:      CURL_VERSION_ASYNCHDNS
LogInit:      CURL_VERSION_LARGEFILE
LogInit:      CURL_VERSION_IDN
LogInit:  CurlRequestOptions (configurable via config and command line):
LogInit:  - bVerifyPeer = true  - Libcurl will verify peer certificate
LogInit:  - bUseHttpProxy = false  - Libcurl will NOT use HTTP proxy
LogInit:  - bDontReuseConnections = false  - Libcurl will reuse connections
LogInit:  - CertBundlePath = nullptr  - Libcurl will use whatever was configured at build time.
LogInit: Presizing for max 8388607 objects, including 0 objects not considered by GC, pre-allocating 0 bytes for permanent pool.
LogInit: Object subsystem initialized
[2016.08.31-18.41.55:749][  0]LogInit: Selected Device Profile: [Windows]
[2016.08.31-18.41.55:749][  0]LogInit: Applying CVar settings loaded from the selected device profile: [Windows]
[2016.08.31-18.41.55:758][  0]LogInit: Computer: LAPTOP-2J9C5DVQ
[2016.08.31-18.41.55:758][  0]LogInit: User: jeen1
[2016.08.31-18.41.55:758][  0]LogInit: CPU Page size=65536, Cores=4
[2016.08.31-18.41.55:758][  0]LogInit: High frequency timer resolution =2.531248 MHz
[2016.08.31-18.41.55:758][  0]LogMemory: Memory total: Physical=7.8GB (8GB approx)
[2016.08.31-18.41.55:759][  0]LogMemory: Platform Memory Stats for Windows
[2016.08.31-18.41.55:759][  0]LogMemory: Process Physical Memory: 190.70 MB used, 190.70 MB peak
[2016.08.31-18.41.55:759][  0]LogMemory: Process Virtual Memory: 195.30 MB used, 195.30 MB peak
[2016.08.31-18.41.55:759][  0]LogMemory: Physical Memory: 6004.36 MB used, 8019.78 MB total
[2016.08.31-18.41.55:759][  0]LogMemory: Virtual Memory: 554.52 MB used, 134217728.00 MB total
[2016.08.31-18.41.55:801][  0]LogTextLocalizationManager: No specific translations for ('en-US') exist, so ('en') translations will be used.
[2016.08.31-18.41.56:210][  0]LogD3D11RHI: D3D11 adapters:
[2016.08.31-18.41.56:872][  0]LogD3D11RHI:    0. 'NVIDIA GeForce GTX 960M' (Feature Level 11_0)
[2016.08.31-18.41.56:872][  0]LogD3D11RHI:       2018/0/4009 MB DedicatedVideo/DedicatedSystem/SharedSystem, Outputs:1, VendorId:0x10de
[2016.08.31-18.41.56:880][  0]LogD3D11RHI:    1. 'Intel(R) HD Graphics 530' (Feature Level 11_0)
[2016.08.31-18.41.56:880][  0]LogD3D11RHI:       128/0/4009 MB DedicatedVideo/DedicatedSystem/SharedSystem, Outputs:0, VendorId:0x8086
[2016.08.31-18.41.56:883][  0]LogD3D11RHI:    2. 'Microsoft Basic Render Driver' (Feature Level 11_0)
[2016.08.31-18.41.56:883][  0]LogD3D11RHI:       0/0/4009 MB DedicatedVideo/DedicatedSystem/SharedSystem, Outputs:0, VendorId:0x1414
[2016.08.31-18.41.56:883][  0]LogD3D11RHI: Chosen D3D11 Adapter: 0
[2016.08.31-18.41.56:888][  0]LogD3D11RHI: Creating new Direct3DDevice
[2016.08.31-18.41.56:888][  0]LogD3D11RHI:     GPU DeviceId: 0x139b (for the marketing name, search the web for "GPU Device Id")
[2016.08.31-18.41.56:888][  0]LogWindows: EnumDisplayDevices:
[2016.08.31-18.41.56:888][  0]LogWindows:    0. 'Intel(R) HD Graphics 530' (P:1 D:1)
[2016.08.31-18.41.56:888][  0]LogWindows:    1. 'Intel(R) HD Graphics 530' (P:0 D:0)
[2016.08.31-18.41.56:888][  0]LogWindows:    2. 'Intel(R) HD Graphics 530' (P:0 D:0)
[2016.08.31-18.41.56:888][  0]LogWindows: DebugString: PrimaryIsNotTheChoosenAdapter PrimaryIsNotTheChoosenAdapter PrimaryIsNotTheChoosenAdapter FoundDriverCount:0 
[2016.08.31-18.41.56:888][  0]LogD3D11RHI:     Adapter Name: NVIDIA GeForce GTX 960M
[2016.08.31-18.41.56:888][  0]LogD3D11RHI:   Driver Version: Unknown (internal:Unknown, unified:Unknown)
[2016.08.31-18.41.56:888][  0]LogD3D11RHI:      Driver Date: Unknown
[2016.08.31-18.41.56:888][  0]LogRHI: Texture pool is 1361 MB (70% of 1945 MB)
[2016.08.31-18.41.57:411][  0]LogD3D11RHI: Async texture creation enabled
[2016.08.31-18.41.57:446][  0]LogD3D11RHI: GPU Timing Frequency: 1000.000000 (Debug: 2 1)
[2016.08.31-18.41.57:446][  0]LogShaderCompilers: Guid format shader working directory is 5 characters bigger than the processId version (C:/Users/jeen1/Desktop/OceanProject-4.12/Intermediate/Shaders/WorkingDirectory/14384/).
[2016.08.31-18.41.57:446][  0]LogShaderCompilers: Cleaned the shader compiler working directory 'C:/Users/jeen1/AppData/Local/Temp/UnrealShaderWorkingDir/14EB89924E157A48AE4AD5BE3F6F7AE3/'.
[2016.08.31-18.41.57:446][  0]LogShaderCompilers:Display: Using Local Shader Compiler.
[2016.08.31-18.41.58:548][  0]LogTemp:Display: Loaded TP AllDesktopTargetPlatform
[2016.08.31-18.41.58:557][  0]LogTemp:Display: Loaded TP WindowsClientTargetPlatform
[2016.08.31-18.41.58:568][  0]LogTemp:Display: Loaded TP WindowsNoEditorTargetPlatform
[2016.08.31-18.41.58:577][  0]LogTemp:Display: Loaded TP WindowsServerTargetPlatform
[2016.08.31-18.41.58:589][  0]LogTemp:Display: Loaded TP WindowsTargetPlatform
[2016.08.31-18.41.58:598][  0]LogTemp:Display: Loaded TP AndroidTargetPlatform
[2016.08.31-18.41.58:607][  0]LogTemp:Display: Loaded TP Android_ASTCTargetPlatform
[2016.08.31-18.41.58:615][  0]LogTemp:Display: Loaded TP Android_ATCTargetPlatform
[2016.08.31-18.41.58:623][  0]LogTemp:Display: Loaded TP Android_DXTTargetPlatform
[2016.08.31-18.41.58:632][  0]LogTemp:Display: Loaded TP Android_ETC1TargetPlatform
[2016.08.31-18.41.58:641][  0]LogTemp:Display: Loaded TP Android_ETC2TargetPlatform
[2016.08.31-18.41.58:659][  0]LogTemp:Display: Loaded TP Android_MultiTargetPlatform
[2016.08.31-18.41.58:659][  0]LogTemp:Display: Loaded TP Android_PVRTCTargetPlatform
[2016.08.31-18.41.58:660][  0]LogTemp:Display: Loaded TP HTML5TargetPlatform
[2016.08.31-18.41.58:684][  0]LogTemp:Display: Loaded TP IOSTargetPlatform
[2016.08.31-18.41.58:697][  0]LogTemp:Display: Loaded TP TVOSTargetPlatform
[2016.08.31-18.41.58:715][  0]LogTemp:Display: Loaded TP LinuxNoEditorTargetPlatform
[2016.08.31-18.41.58:726][  0]LogTemp:Display: Loaded TP LinuxServerTargetPlatform
[2016.08.31-18.41.58:735][  0]LogTemp:Display: Loaded TP LinuxTargetPlatform
[2016.08.31-18.41.58:735][  0]LogTargetPlatformManager:Display: Building Assets For Windows
[2016.08.31-18.41.58:839][  0]LogDerivedDataCache:Display: Max Cache Size: 512 MB
[2016.08.31-18.41.58:944][  0]LogDerivedDataCache: Loaded boot cache 0.11s 74MB C:/Users/jeen1/AppData/Local/UnrealEngine/4.12/DerivedDataCache/Boot.ddc.
[2016.08.31-18.41.58:944][  0]LogDerivedDataCache:Display: Loaded Boot cache: C:/Users/jeen1/AppData/Local/UnrealEngine/4.12/DerivedDataCache/Boot.ddc
[2016.08.31-18.41.58:946][  0]LogDerivedDataCache: FDerivedDataBackendGraph:  Pak pak cache file C:/Users/jeen1/Desktop/OceanProject-4.12/DerivedDataCache/DDC.ddp not found, will not use a pak cache.
[2016.08.31-18.41.58:946][  0]LogDerivedDataCache: Unable to find inner node Pak for hierarchical cache Hierarchy.
[2016.08.31-18.41.58:946][  0]LogDerivedDataCache: FDerivedDataBackendGraph:  CompressedPak pak cache file C:/Users/jeen1/Desktop/OceanProject-4.12/DerivedDataCache/Compressed.ddp not found, will not use a pak cache.
[2016.08.31-18.41.58:946][  0]LogDerivedDataCache: Unable to find inner node CompressedPak for hierarchical cache Hierarchy.
[2016.08.31-18.41.58:967][  0]LogDerivedDataCache:Display: Pak cache opened for reading ../../../Engine/DerivedDataCache/Compressed.ddp.
[2016.08.31-18.41.58:983][  0]LogDerivedDataCache: Using Local data cache path C:/Users/jeen1/AppData/Local/UnrealEngine/Common/DerivedDataCache: Writable
[2016.08.31-18.41.59:257][  0]LogInit: Selected Device Profile: [Windows]
[2016.08.31-18.41.59:257][  0]LogContentStreaming: Texture pool size is 0.00 MB
[2016.08.31-18.41.59:449][  0]LogMeshUtilities: No automatic mesh reduction module available
[2016.08.31-18.41.59:449][  0]LogMeshUtilities: No automatic mesh merging module available
[2016.08.31-18.41.59:449][  0]LogMeshUtilities: No distributed automatic mesh merging module available
[2016.08.31-18.41.59:750][  0]LogAssetRegistry: FAssetRegistry took 0.0216 seconds to start up
[2016.08.31-18.41.59:754][  0]LogDirectoryWatcher:Warning: Failed to begin reading directory changes for C:/Users/jeen1/Desktop/OceanProject-4.12/Plugins/OceanPlugin/Content/. Error: The system cannot find the file specified. (0x00000002)
[2016.08.31-18.41.59:853][  0]LogPackageLocalizationCache: Processed 5 localized package path(s) for 2 prioritized culture(s) in 0.098933 seconds
[2016.08.31-18.41.59:859][  0]LogUObjectArray: 28739 objects as part of root set at end of initial load.
[2016.08.31-18.41.59:859][  0]LogUObjectAllocator: 5855632 out of 0 bytes used by permanent object pool.
[2016.08.31-18.41.59:859][  0]LogUObjectArray: CloseDisregardForGC: 0/0 objects in disregard for GC pool
[2016.08.31-18.41.59:867][  0]LogInit: WinSock: version 1.1 (2.2), MaxSocks=32767, MaxUdp=65467
[2016.08.31-18.42.00:094][  0]LogSlate: SlateFontCache - WITH_FREETYPE: 1, WITH_HARFBUZZ: 1
[2016.08.31-18.42.00:094][  0]LogSlate: SlateFontCache - WITH_FREETYPE: 1, WITH_HARFBUZZ: 1
[2016.08.31-18.42.01:048][  0]LogUdpMessaging: Initializing bridge on interface 0.0.0.0:0 to multicast group 230.0.0.1:6666.
[2016.08.31-18.42.01:377][  0]SourceControl: Info Source control is disabled
[2016.08.31-18.42.01:379][  0]SourceControl: Info Source control is disabled
[2016.08.31-18.42.01:393][  0]SourceControl: Info Source control is disabled
[2016.08.31-18.42.01:408][  0]SourceControl: Info Source control is disabled
[2016.08.31-18.42.01:750][  0]LogEngine: Initializing Engine...
[2016.08.31-18.42.01:751][  0]LogHMD: SteamVR failed to initialize.  Err: 110
[2016.08.31-18.42.01:752][  0]LogHMD: SteamVR failed to initialize.  Err: 110
[2016.08.31-18.42.01:911][  0]LogAIModule: Creating AISystem for world NewWorld
[2016.08.31-18.42.01:916][  0]LogInit: XAudio2 using 'Speakers (Logitech G430 Gaming Headset)' : 2 channels at 44.1 kHz using 16 bits per sample (channel mask 0x3)
[2016.08.31-18.42.01:925][  0]LogInit: FAudioDevice initialized.
[2016.08.31-18.42.01:973][  0]LogDerivedDataCache: Saved boot cache 0.05s 74MB C:/Users/jeen1/AppData/Local/UnrealEngine/4.12/DerivedDataCache/Boot.ddc.
[2016.08.31-18.42.01:982][  0]LogInit: Texture streaming: Enabled
[2016.08.31-18.42.02:011][  0]LogInit: Transaction tracking system initialized
[2016.08.31-18.42.02:039][  0]BlueprintLog: New page: Editor Load
[2016.08.31-18.42.02:133][  0]LocalizationService: Info Localization service is disabled
[2016.08.31-18.42.02:212][  0]LogConsoleResponse:Display: 
[2016.08.31-18.42.02:336][  0]LogCook:Display: Max memory allowance for cook 8192mb
[2016.08.31-18.42.02:336][  0]LogCook:Display: Mobile HDR setting 1
[2016.08.31-18.42.02:478][  0]LogFileCache: Scanning file cache for directory 'C:/Users/jeen1/Desktop/OceanProject-4.12/Content/' took 0.03s
[2016.08.31-18.42.02:478][  0]SourceControl: Info Source control is disabled
[2016.08.31-18.42.02:478][  0]Cmd: MAP LOAD FILE="C:/Users/jeen1/Desktop/OceanProject-4.12/Content/Maps/dcSkyTestMap.umap" TEMPLATE=0 SHOWPROGRESS=1 FEATURELEVEL=3
[2016.08.31-18.42.02:479][  0]LightingResults: New page: Lighting Build
[2016.08.31-18.42.02:482][  0]MapCheck: New page: Map Check
[2016.08.31-18.42.02:482][  0]LightingResults: New page: Lighting Build
[2016.08.31-18.42.03:686][  0]LogLinker:Warning: Asset '../../../Engine/Plugins/TrueSkyPlugin/Content/trueSkyMacros.uasset' has been saved with empty engine version. The asset will be loaded but may be incompatible.
[2016.08.31-18.42.05:914][  0]LogLinker:Warning: Asset 'C:/Users/jeen1/Desktop/OceanProject-4.12/Content/TrueSky/Moon.uasset' has been saved with empty engine version. The asset will be loaded but may be incompatible.
[2016.08.31-18.42.05:935][  0]LogBlueprint:Warning: Compiler Warning CreatePinForVariable: 'LightComponent' variable not found. Base class was probably changed.
[2016.08.31-18.42.05:936][  0]LogBlueprint:Warning: Compiler Warning CreatePinForVariable: 'LightComponent' variable not found. Base class was probably changed.
[2016.08.31-18.42.05:936][  0]LogBlueprint:Warning: Compiler Warning Could not find a variable named "LightComponent" in 'dcSkyTestMap_C'.
Make sure 'dcSkyTestMap_C' has been compiled for  trueSKYLighting 
[2016.08.31-18.42.05:936][  0]LogBlueprint:Warning: Compiler Warning Could not find a variable named "LightComponent" in 'dcSkyTestMap_C'.
Make sure 'dcSkyTestMap_C' has been compiled for  trueSKYLighting 
[2016.08.31-18.42.05:936][  0]LogBlueprint:Warning: Compiler Warning [0011.39] Compile of PersistentLevel.dcSkyTestMap successful, but with 4 Warning(s) [in 9 ms] (/Game/Maps/dcSkyTestMap.dcSkyTestMap:PersistentLevel.dcSkyTestMap)
[2016.08.31-18.42.05:936][  0]LogBlueprint:Warning: Compiler Warning [0011.39] Compile of PersistentLevel.dcSkyTestMap successful, but with 5 Warning(s) [in 0 ms] (/Game/Maps/dcSkyTestMap.dcSkyTestMap:PersistentLevel.dcSkyTestMap)
[2016.08.31-18.42.05:936][  0]LogBlueprint:Warning: Compiler Warning [0011.39] Compile of PersistentLevel.dcSkyTestMap successful, but with 6 Warning(s) [in 0 ms] (/Game/Maps/dcSkyTestMap.dcSkyTestMap:PersistentLevel.dcSkyTestMap)
[2016.08.31-18.42.05:947][  0]LogBlueprint:Warning: Compiler Warning CreatePinForVariable: 'LightComponent' variable not found. Base class was probably changed.
[2016.08.31-18.42.05:947][  0]LogBlueprint:Warning: Compiler Warning CreatePinForVariable: 'LightComponent' variable not found. Base class was probably changed.
[2016.08.31-18.42.05:947][  0]LogBlueprint:Warning: Compiler Warning Could not find a variable named "LightComponent" in 'dcSkyTestMap_C'.
Make sure 'dcSkyTestMap_C' has been compiled for  trueSKYLighting 
[2016.08.31-18.42.05:947][  0]LogBlueprint:Warning: Compiler Warning Could not find a variable named "LightComponent" in 'dcSkyTestMap_C'.
Make sure 'dcSkyTestMap_C' has been compiled for  trueSKYLighting 
[2016.08.31-18.42.05:947][  0]LogBlueprint:Warning: Compiler Warning [0011.40] Compile of PersistentLevel.dcSkyTestMap successful, but with 4 Warning(s) [in 10 ms] (/Game/Maps/dcSkyTestMap.dcSkyTestMap:PersistentLevel.dcSkyTestMap)
[2016.08.31-18.42.05:947][  0]LogBlueprint:Warning: Compiler Warning [0011.40] Compile of PersistentLevel.dcSkyTestMap successful, but with 5 Warning(s) [in 0 ms] (/Game/Maps/dcSkyTestMap.dcSkyTestMap:PersistentLevel.dcSkyTestMap)
[2016.08.31-18.42.05:947][  0]LogBlueprint:Warning: Compiler Warning [0011.40] Compile of PersistentLevel.dcSkyTestMap successful, but with 6 Warning(s) [in 0 ms] (/Game/Maps/dcSkyTestMap.dcSkyTestMap:PersistentLevel.dcSkyTestMap)
[2016.08.31-18.42.06:126][  0]LogSkeletalMesh:Warning: Building adjacency information for skeletal mesh '/Game/ShipsAndExamples/ManOfWar/Flag/Flag_01.Flag_01'. Please resave the asset.
[2016.08.31-18.42.06:217][  0]LogSkeletalMesh:Warning: Building adjacency information for skeletal mesh '/Game/ShipsAndExamples/ManOfWar/Meshes/Front_Sails_LOD.Front_Sails_LOD'. Please resave the asset.
[2016.08.31-18.42.06:291][  0]LogSkeletalMesh:Warning: Building adjacency information for skeletal mesh '/Game/ShipsAndExamples/ManOfWar/Meshes/Front_Sails_LOD.Front_Sails_LOD'. Please resave the asset.
[2016.08.31-18.42.06:299][  0]LogSkeletalMesh:Warning: Building adjacency information for skeletal mesh '/Game/ShipsAndExamples/ManOfWar/Meshes/Front_Sails_LOD.Front_Sails_LOD'. Please resave the asset.
[2016.08.31-18.42.06:366][  0]LogSkeletalMesh:Warning: Building adjacency information for skeletal mesh '/Game/ShipsAndExamples/ManOfWar/Meshes/Back_Sails_LOD.Back_Sails_LOD'. Please resave the asset.
[2016.08.31-18.42.06:423][  0]LogSkeletalMesh:Warning: Building adjacency information for skeletal mesh '/Game/ShipsAndExamples/ManOfWar/Meshes/Back_Sails_LOD.Back_Sails_LOD'. Please resave the asset.
[2016.08.31-18.42.06:432][  0]LogSkeletalMesh:Warning: Building adjacency information for skeletal mesh '/Game/ShipsAndExamples/ManOfWar/Meshes/Back_Sails_LOD.Back_Sails_LOD'. Please resave the asset.
[2016.08.31-18.42.08:147][  0]LogMaterial: Missing cached shader map for material M_Ocean_SSR, compiling. 
[2016.08.31-18.42.08:156][  0]LogMaterial:Warning: Failed to compile Material Instance /Game/Ocean/Materials/M_Ocean_Versions/M_Inst_Ocean_SSR_Foam_Cubemap.M_Inst_Ocean_SSR_Foam_Cubemap with Base M_Ocean_SSR for platform PCD3D_SM5, Default Material will be used in game.
[2016.08.31-18.42.08:156][  0]LogMaterial:Warning: 	(Node TextureSampleParameterCube) TextureSampleParameter> Sampler type is Color, should be Linear Color for /Engine/MapTemplates/Sky/Desert_Outer_HDR.Desert_Outer_HDR
[2016.08.31-18.42.08:198][  0]LogMaterial: Missing cached shader map for material M_Ocean, compiling. 
[2016.08.31-18.42.08:212][  0]LogMaterial:Warning: Failed to compile Material Instance /Game/Ocean/Materials/M_Ocean_Versions/M_Inst_Ocean_Foam_Cubemap.M_Inst_Ocean_Foam_Cubemap with Base M_Ocean for platform PCD3D_SM5, Default Material will be used in game.
[2016.08.31-18.42.08:212][  0]LogMaterial:Warning: 	(Node TextureSampleParameterCube) TextureSampleParameter> Sampler type is Color, should be Linear Color for /Engine/MapTemplates/Sky/Desert_Outer_HDR.Desert_Outer_HDR
[2016.08.31-18.42.08:257][  0]LogAIModule: Creating AISystem for world dcSkyTestMap
[2016.08.31-18.42.09:041][  0]LogEditorServer: Finished looking for orphan Actors (0.000 secs)
[2016.08.31-18.42.09:042][  0]Cmd: MAP CHECKDEP NOCLEARLOG
[2016.08.31-18.42.09:285][  0]MapCheck: Info Map check complete: 0 Error(s), 0 Warning(s), took 243.034ms to complete.
[2016.08.31-18.42.09:286][  0]LogFileHelpers: Loading map 'dcSkyTestMap' took 6.807
[2016.08.31-18.42.09:407][  0]LogCollectionManager: Loaded 0 collections in 0.004776 seconds
[2016.08.31-18.42.09:456][  0]LogFileCache: Scanning file cache for directory 'C:/Users/jeen1/Desktop/OceanProject-4.12/Saved/Collections/' took 0.01s
[2016.08.31-18.42.09:456][  0]LogFileCache: Scanning file cache for directory 'C:/Users/jeen1/Desktop/OceanProject-4.12/Content/Developers/jeen1/Collections/' took 0.01s
[2016.08.31-18.42.09:456][  0]LogFileCache: Scanning file cache for directory 'C:/Users/jeen1/Desktop/OceanProject-4.12/Content/Collections/' took 0.01s
[2016.08.31-18.42.09:456][  0]LogCollectionManager: Rebuilt the GUID cache for 0 collections in 0.000002 seconds
[2016.08.31-18.42.09:474][  0]LogContentBrowser: Native class hierarchy populated in 0.0177 seconds. Added 2065 classes and 380 folders.
[2016.08.31-18.42.09:480][  0]LogStats: UGameplayTagsManager::ConstructGameplayTagTree: Construct from data asset -  0.000 s
[2016.08.31-18.42.09:481][  0]LogStats: UGameplayTagsManager::ConstructGameplayTagTree: GameplayTagTreeChangedEvent.Broadcast -  0.000 s
[2016.08.31-18.42.09:485][  0]LogContentBrowser: Native class hierarchy updated for 'GameplayTags' in 0.0046 seconds. Added 12 classes and 0 folders.
[2016.08.31-18.42.09:493][  0]LogContentBrowser: Native class hierarchy updated for 'WidgetCarousel' in 0.0018 seconds. Added 0 classes and 0 folders.
[2016.08.31-18.42.09:630][  0]LogContentBrowser: Native class hierarchy updated for 'AddContentDialog' in 0.0039 seconds. Added 0 classes and 0 folders.
[2016.08.31-18.42.09:944][  0]LogContentBrowser: Native class hierarchy updated for 'SceneOutliner' in 0.0029 seconds. Added 1 classes and 2 folders.
[2016.08.31-18.42.09:968][  0]LogCrashTracker: Crashtracker disabled due to settings.
[2016.08.31-18.42.09:973][  0]LogUObjectGlobals:Warning: Failed to find object 'Class None.'
[2016.08.31-18.42.10:003][  0]LogContentBrowser: Native class hierarchy updated for 'HierarchicalLODOutliner' in 0.0018 seconds. Added 1 classes and 2 folders.
[2016.08.31-18.42.10:003][  0]LogLoad: Full Startup: 15.45 seconds (BP compile: 1.66 seconds)
[2016.08.31-18.42.10:003][  0]LogExternalProfiler: Found external profiler: VSPerf
[2016.08.31-18.42.10:003][  0]LogExternalProfiler: Using external profiler: VSPerf
[2016.08.31-18.42.10:022][  0]LogOcInput: OculusInput pre-init called
[2016.08.31-18.42.10:063][  0]LogContentStreaming: Texture pool size now 700 MB
[2016.08.31-18.42.10:316][  1]Cmd: UpdateLandscapeEditorData -warnings
[2016.08.31-18.42.10:335][  1]LogFileCache: Retrieving MD5 hashes for directory 'C:/Users/jeen1/Desktop/OceanProject-4.12/Content/' took 0.30s
[2016.08.31-18.42.10:362][  2]LogRenderer: Reallocating scene render targets to support 504x436 (Frame:2).
[2016.08.31-18.42.10:387][  2]TrueSky:Display: Simul version 4.1 build 382
[2016.08.31-18.42.10:387][  2]TrueSky:Display: Loaded trueSKY dynamic library ../../../Engine//binaries/thirdparty/simul/Win64/TrueSkyPluginRender_MT.dll.
[2016.08.31-18.42.10:581][  2]LogRenderer: Reallocating scene render targets to support 668x584 (Frame:2).
[2016.08.31-18.42.11:115][  3]LogCollectionManager: Rebuilt the object cache for 0 collections in 0.000002 seconds (found 0 objects)
[2016.08.31-18.42.11:149][  3]LogAssetRegistry: Asset discovery search completed in 11.4205 seconds
[2016.08.31-18.42.11:149][  3]LogCollectionManager: Fixed up redirectors for 0 collections in 0.000011 seconds (updated 0 objects)
[2016.08.31-18.50.47:051][568]LogEditorViewport: Clicking on Actor (context menu): Landscape (LandscapeIslands)
[2016.08.31-18.51.18:495][570]LogRenderer: Reallocating scene render targets to support 800x688 (Frame:819).
[2016.08.31-18.51.30:276][880]TrueSky:Display: Project directory: D:\Unreal Engine\Epic Games\4.12\Engine\Binaries\Win64 
[2016.08.31-18.51.30:448][880]TrueSky:Display:  QTDIR  
[2016.08.31-18.51.30:900][880]TrueSky:Warning: Main.cpp(488): warning B0001: WARNING: errno!=0: Invalid argument 
[2016.08.31-18.51.30:993][880]TrueSky:Display: Loaded Library D:\Unreal Engine\Epic Games\4.12\Engine\Binaries\ThirdParty\Simul\Win64\Qt5Gui.dll 
[2016.08.31-18.51.31:009][880]TrueSky:Display: Loaded Library D:\Unreal Engine\Epic Games\4.12\Engine\Binaries\ThirdParty\Simul\Win64\SimulClouds_MD.dll 
[2016.08.31-18.51.31:025][880]TrueSky:Warning: d:\jarvis\releases\simulversion\4.1\simul\clouds\environment.cpp(69): warning B0001: WARNING: errno!=0: Invalid argument 
[2016.08.31-18.51.31:385][880]TrueSky:Display: Loaded Library D:\Unreal Engine\Epic Games\4.12\Engine\Binaries\ThirdParty\Simul\Win64\SequencerQtWidgets_MD.dll 
[2016.08.31-18.51.38:264][880]TrueSky:Display: File exists :/translations/translations/qt_ja.qm 
[2016.08.31-18.51.38:264][880]TrueSky:Display: No file /qt_en.qm 
[2016.08.31-18.51.38:265][880]TrueSky:Display: Failed to load qt_en 
[2016.08.31-18.51.38:265][880]TrueSky:Display: Failed to install qtTranslator 
[2016.08.31-18.51.38:265][880]TrueSky:Display: Failed to load SequencerQtWidgets_en.qm 
[2016.08.31-18.51.38:265][880]TrueSky:Display: Failed to install sequencerQtWidgetsTranslator 
[2016.08.31-18.51.38:265][880]TrueSky:Display: Failed to load SkySequencer_en 
[2016.08.31-18.51.38:265][880]TrueSky:Display: Failed to install sequencerTranslator 
[2016.08.31-18.51.38:336][880]TrueSky:Display: Loaded Library D:\Unreal Engine\Epic Games\4.12\Engine\Binaries\ThirdParty\Simul\Win64\SimulCrossPlatform_MD.dll 
[2016.08.31-18.51.55:960][330]TrueSky:Display: Loaded Library D:\Unreal Engine\Epic Games\4.12\Engine\Binaries\ThirdParty\Simul\Win64\SimulSky_MD.dll 
[2016.08.31-18.52.15:981][ 29]LogFileHelpers: Editor autosave (incl. sublevels) for '/Game/Maps/dcSkyTestMap' took 0.350
[2016.08.31-18.52.16:027][ 29]OBJ SavePackage: Generating thumbnails for [0] asset(s) in package [/Game/NewTrueSkySequenceAsset] ([1] browsable assets)...
[2016.08.31-18.52.16:027][ 29]OBJ SavePackage: Finished generating thumbnails for package [/Game/NewTrueSkySequenceAsset]
[2016.08.31-18.52.16:027][ 29]Cmd: OBJ SAVEPACKAGE PACKAGE="/Game/NewTrueSkySequenceAsset" FILE="C:/Users/jeen1/Desktop/OceanProject-4.12/Saved/Autosaves/Game/NewTrueSkySequenceAsset_Auto1.uasset" SILENT=false AUTOSAVING=true
[2016.08.31-18.52.16:216][ 29]LogSavePackage: Save=147.76ms
[2016.08.31-18.52.16:216][ 29]LogSavePackage: Moving 'C:/Users/jeen1/Desktop/OceanProject-4.12/Saved/NewTrueSkySequenceAsset_Auto11DACE0064E941DEB43727EAFB1B30AAD.tmp' to 'C:/Users/jeen1/Desktop/OceanProject-4.12/Saved/Autosaves/Game/NewTrueSkySequenceAsset_Auto1.uasset'
[2016.08.31-18.52.16:220][ 29]LogSavePackage:Display: Finished SavePackage C:/Users/jeen1/Desktop/OceanProject-4.12/Saved/Autosaves/Game/NewTrueSkySequenceAsset_Auto1.uasset
[2016.08.31-18.52.16:220][ 29]LogFileHelpers: Auto-saving content packages took 0.232
[2016.08.31-18.53.02:684][330]TrueSky:Warning: d:\jarvis\releases\simulversion\4.1\simul\sky\basekeyframer.cpp(726): warning B0001: SIMUL_ASSERT_WARN failed : in.interpolation >=-0.00001f && in.interpolation <= 1.00001f Interpolation warning 
[2016.08.31-18.53.02:684][330]TrueSky:Warning: d:\jarvis\releases\simulversion\4.1\simul\sky\skykeyframer.cpp(787): warning B0001: lightingState.DirectionToSun out of range. 
[2016.08.31-18.53.02:684][330]TrueSky:Display: Bad light vector 
[2016.08.31-18.53.02:684][330]TrueSky:Error: d:\jarvis\releases\simulversion\4.1\simul\clouds\cloudkeyframer.cpp(1191): warning B0001: WARNING: errno!=0: Domain error 
[2016.08.31-18.53.02:684][330]TrueSky:Warning: d:\jarvis\releases\simulversion\4.1\simul\sky\skykeyframer.cpp(787): warning B0001: lightingState.DirectionToSun out of range. 
[2016.08.31-18.53.02:684][330]TrueSky:Display: Bad light vector 
[2016.08.31-18.53.02:684][330]TrueSky:Error: d:\jarvis\releases\simulversion\4.1\simul\clouds\cloudkeyframer.cpp(1191): warning B0001: WARNING: errno!=0: Domain error 
[2016.08.31-18.53.02:684][330]TrueSky:Warning: d:\jarvis\releases\simulversion\4.1\simul\sky\skykeyframer.cpp(787): warning B0001: lightingState.DirectionToSun out of range. 
[2016.08.31-18.53.02:684][330]TrueSky:Display: Bad light vector 
[2016.08.31-18.53.02:684][330]TrueSky:Error: d:\jarvis\releases\simulversion\4.1\simul\clouds\cloudkeyframer.cpp(1191): warning B0001: WARNING: errno!=0: Domain error 
[2016.08.31-18.53.02:684][330]TrueSky:Warning: d:\jarvis\releases\simulversion\4.1\simul\sky\skykeyframer.cpp(787): warning B0001: lightingState.DirectionToSun out of range. 
[2016.08.31-18.53.02:684][330]TrueSky:Display: Bad light vector 
[2016.08.31-18.53.02:684][330]TrueSky:Error: d:\jarvis\releases\simulversion\4.1\simul\clouds\cloudkeyframer.cpp(1191): warning B0001: WARNING: errno!=0: Domain error 
[2016.08.31-18.53.03:145][350]TrueSky:Warning: d:\jarvis\releases\simulversion\4.1\simul\sky\basekeyframer.cpp(726): warning B0001: SIMUL_ASSERT_WARN failed : in.interpolation >=-0.00001f && in.interpolation <= 1.00001f Interpolation warning 
[2016.08.31-18.53.03:145][350]TrueSky:Warning: d:\jarvis\releases\simulversion\4.1\simul\sky\basekeyframer.cpp(726): warning B0001: SIMUL_ASSERT_WARN failed : in.interpolation >=-0.00001f && in.interpolation <= 1.00001f Interpolation warning 
[2016.08.31-18.53.03:145][350]TrueSky:Warning: d:\jarvis\releases\simulversion\4.1\simul\sky\basekeyframer.cpp(726): warning B0001: SIMUL_ASSERT_WARN failed : in.interpolation >=-0.00001f && in.interpolation <= 1.00001f Interpolation warning 
[2016.08.31-18.53.28:543][135]TrueSky:Warning: d:\jarvis\releases\simulversion\4.1\simul\sky\basekeyframer.cpp(726): warning B0001: SIMUL_ASSERT_WARN failed : in.interpolation >=-0.00001f && in.interpolation <= 1.00001f Interpolation warning 
[2016.08.31-18.53.28:543][135]TrueSky:Warning: d:\jarvis\releases\simulversion\4.1\simul\sky\basekeyframer.cpp(726): warning B0001: SIMUL_ASSERT_WARN failed : in.interpolation >=-0.00001f && in.interpolation <= 1.00001f Interpolation warning 
[2016.08.31-18.53.28:543][135]TrueSky:Warning: d:\jarvis\releases\simulversion\4.1\simul\sky\basekeyframer.cpp(726): warning B0001: SIMUL_ASSERT_WARN failed : in.interpolation >=-0.00001f && in.interpolation <= 1.00001f Interpolation warning 
[2016.08.31-18.53.28:543][135]TrueSky:Warning: d:\jarvis\releases\simulversion\4.1\simul\sky\skykeyframer.cpp(1683): warning B0001: Out of active subdivision range 0.04049 t=0.3438 sub=22, method=FIXED_NUMBER 
[2016.08.31-18.53.28:543][135]TrueSky:Warning: d:\jarvis\releases\simulversion\4.1\simul\sky\skykeyframer.cpp(1666): warning B0001: Out of active subdivision range 0.04049 t=0.3438 sub=22, method=FIXED_NUMBER 
[2016.08.31-18.53.35:008][335]TrueSky:Warning: d:\jarvis\releases\simulversion\4.1\simul\sky\basekeyframer.cpp(726): warning B0001: SIMUL_ASSERT_WARN failed : in.interpolation >=-0.00001f && in.interpolation <= 1.00001f Interpolation warning 
[2016.08.31-18.53.35:008][335]TrueSky:Warning: d:\jarvis\releases\simulversion\4.1\simul\sky\basekeyframer.cpp(726): warning B0001: SIMUL_ASSERT_WARN failed : in.interpolation >=-0.00001f && in.interpolation <= 1.00001f Interpolation warning 
[2016.08.31-18.53.35:008][335]TrueSky:Warning: d:\jarvis\releases\simulversion\4.1\simul\sky\basekeyframer.cpp(726): warning B0001: SIMUL_ASSERT_WARN failed : in.interpolation >=-0.00001f && in.interpolation <= 1.00001f Interpolation warning 
[2016.08.31-18.53.35:008][335]TrueSky:Warning: d:\jarvis\releases\simulversion\4.1\simul\sky\skykeyframer.cpp(1683): warning B0001: Out of active subdivision range 0.04049 t=0.3438 sub=22, method=FIXED_NUMBER 
[2016.08.31-18.53.35:008][335]TrueSky:Warning: d:\jarvis\releases\simulversion\4.1\simul\sky\skykeyframer.cpp(1666): warning B0001: Out of active subdivision range 0.04049 t=0.3438 sub=22, method=FIXED_NUMBER 
[2016.08.31-18.53.42:777][633]TrueSky:Warning: d:\jarvis\releases\simulversion\4.1\simul\sky\basekeyframer.cpp(726): warning B0001: SIMUL_ASSERT_WARN failed : in.interpolation >=-0.00001f && in.interpolation <= 1.00001f Interpolation warning 
[2016.08.31-18.53.42:777][633]TrueSky:Warning: d:\jarvis\releases\simulversion\4.1\simul\sky\basekeyframer.cpp(726): warning B0001: SIMUL_ASSERT_WARN failed : in.interpolation >=-0.00001f && in.interpolation <= 1.00001f Interpolation warning 
[2016.08.31-18.53.42:777][633]TrueSky:Warning: d:\jarvis\releases\simulversion\4.1\simul\sky\basekeyframer.cpp(726): warning B0001: SIMUL_ASSERT_WARN failed : in.interpolation >=-0.00001f && in.interpolation <= 1.00001f Interpolation warning 
[2016.08.31-18.53.44:329][667]TrueSky:Warning: d:\jarvis\releases\simulversion\4.1\simul\sky\basekeyframer.cpp(726): warning B0001: SIMUL_ASSERT_WARN failed : in.interpolation >=-0.00001f && in.interpolation <= 1.00001f Interpolation warning 
[2016.08.31-18.53.44:329][667]TrueSky:Warning: d:\jarvis\releases\simulversion\4.1\simul\sky\basekeyframer.cpp(726): warning B0001: SIMUL_ASSERT_WARN failed : in.interpolation >=-0.00001f && in.interpolation <= 1.00001f Interpolation warning 
[2016.08.31-18.53.44:329][667]TrueSky:Warning: d:\jarvis\releases\simulversion\4.1\simul\sky\basekeyframer.cpp(726): warning B0001: SIMUL_ASSERT_WARN failed : in.interpolation >=-0.00001f && in.interpolation <= 1.00001f Interpolation warning 
[2016.08.31-18.53.44:329][667]TrueSky:Warning: d:\jarvis\releases\simulversion\4.1\simul\sky\skykeyframer.cpp(1683): warning B0001: Out of active subdivision range 0.04049 t=0.3438 sub=22, method=FIXED_NUMBER 
[2016.08.31-18.53.44:329][667]TrueSky:Warning: d:\jarvis\releases\simulversion\4.1\simul\sky\skykeyframer.cpp(1666): warning B0001: Out of active subdivision range 0.04049 t=0.3438 sub=22, method=FIXED_NUMBER 
[2016.08.31-18.54.10:207][583]TrueSky:Warning: d:\jarvis\releases\simulversion\4.1\simul\sky\skykeyframer.cpp(1683): warning B0001: Out of active subdivision range 0.005784 t=0.3438 sub=10, method=FIXED_NUMBER 
[2016.08.31-18.54.15:913][801]TrueSky:Warning: d:\jarvis\releases\simulversion\4.1\simul\sky\basekeyframer.cpp(726): warning B0001: SIMUL_ASSERT_WARN failed : in.interpolation >=-0.00001f && in.interpolation <= 1.00001f Interpolation warning 
[2016.08.31-18.54.15:913][801]TrueSky:Warning: d:\jarvis\releases\simulversion\4.1\simul\sky\basekeyframer.cpp(726): warning B0001: SIMUL_ASSERT_WARN failed : in.interpolation >=-0.00001f && in.interpolation <= 1.00001f Interpolation warning 
[2016.08.31-18.54.15:914][801]TrueSky:Warning: d:\jarvis\releases\simulversion\4.1\simul\sky\basekeyframer.cpp(726): warning B0001: SIMUL_ASSERT_WARN failed : in.interpolation >=-0.00001f && in.interpolation <= 1.00001f Interpolation warning 
[2016.08.31-18.54.17:668][861]TrueSky:Warning: d:\jarvis\releases\simulversion\4.1\simul\sky\basekeyframer.cpp(726): warning B0001: SIMUL_ASSERT_WARN failed : in.interpolation >=-0.00001f && in.interpolation <= 1.00001f Interpolation warning 
[2016.08.31-18.54.17:668][861]TrueSky:Warning: d:\jarvis\releases\simulversion\4.1\simul\sky\basekeyframer.cpp(726): warning B0001: SIMUL_ASSERT_WARN failed : in.interpolation >=-0.00001f && in.interpolation <= 1.00001f Interpolation warning 
[2016.08.31-18.54.17:668][861]TrueSky:Warning: d:\jarvis\releases\simulversion\4.1\simul\sky\basekeyframer.cpp(726): warning B0001: SIMUL_ASSERT_WARN failed : in.interpolation >=-0.00001f && in.interpolation <= 1.00001f Interpolation warning 
[2016.08.31-18.54.18:361][879]TrueSky:Warning: d:\jarvis\releases\simulversion\4.1\simul\sky\basekeyframer.cpp(726): warning B0001: SIMUL_ASSERT_WARN failed : in.interpolation >=-0.00001f && in.interpolation <= 1.00001f Interpolation warning 
[2016.08.31-18.54.18:361][879]TrueSky:Warning: d:\jarvis\releases\simulversion\4.1\simul\sky\basekeyframer.cpp(726): warning B0001: SIMUL_ASSERT_WARN failed : in.interpolation >=-0.00001f && in.interpolation <= 1.00001f Interpolation warning 
[2016.08.31-18.54.18:361][879]TrueSky:Warning: d:\jarvis\releases\simulversion\4.1\simul\sky\basekeyframer.cpp(726): warning B0001: SIMUL_ASSERT_WARN failed : in.interpolation >=-0.00001f && in.interpolation <= 1.00001f Interpolation warning 
[2016.08.31-18.54.18:361][879]TrueSky:Warning: d:\jarvis\releases\simulversion\4.1\simul\sky\skykeyframer.cpp(1683): warning B0001: Out of active subdivision range 0.04049 t=0.3438 sub=22, method=FIXED_NUMBER 
[2016.08.31-18.54.18:361][879]TrueSky:Warning: d:\jarvis\releases\simulversion\4.1\simul\sky\skykeyframer.cpp(1666): warning B0001: Out of active subdivision range 0.04049 t=0.3438 sub=22, method=FIXED_NUMBER 
[2016.08.31-18.54.23:486][ 80]TrueSky:Warning: d:\jarvis\releases\simulversion\4.1\simul\sky\basekeyframer.cpp(726): warning B0001: SIMUL_ASSERT_WARN failed : in.interpolation >=-0.00001f && in.interpolation <= 1.00001f Interpolation warning 
[2016.08.31-18.54.23:486][ 80]TrueSky:Warning: d:\jarvis\releases\simulversion\4.1\simul\sky\basekeyframer.cpp(726): warning B0001: SIMUL_ASSERT_WARN failed : in.interpolation >=-0.00001f && in.interpolation <= 1.00001f Interpolation warning 
[2016.08.31-18.54.23:486][ 80]TrueSky:Warning: d:\jarvis\releases\simulversion\4.1\simul\sky\basekeyframer.cpp(726): warning B0001: SIMUL_ASSERT_WARN failed : in.interpolation >=-0.00001f && in.interpolation <= 1.00001f Interpolation warning 
[2016.08.31-18.54.27:020][203]TrueSky:Warning: d:\jarvis\releases\simulversion\4.1\simul\sky\skykeyframer.cpp(1683): warning B0001: Out of active subdivision range 0.006748 t=0.3438 sub=17, method=FIXED_NUMBER 
[2016.08.31-18.54.38:612][656]TrueSky:Warning: d:\jarvis\releases\simulversion\4.1\simul\sky\skykeyframer.cpp(1683): warning B0001: Out of active subdivision range 0.7551 t=0.25 sub=2, method=FIXED_NUMBER 
[2016.08.31-18.55.02:501][482]TrueSky:Warning: d:\jarvis\releases\simulversion\4.1\simul\sky\skykeyframer.cpp(1683): warning B0001: Out of active subdivision range 0.006748 t=0.3438 sub=17, method=FIXED_NUMBER 
[2016.08.31-18.55.02:987][501]TrueSky:Warning: d:\jarvis\releases\simulversion\4.1\simul\sky\basekeyframer.cpp(726): warning B0001: SIMUL_ASSERT_WARN failed : in.interpolation >=-0.00001f && in.interpolation <= 1.00001f Interpolation warning 
[2016.08.31-18.55.02:987][501]TrueSky:Warning: d:\jarvis\releases\simulversion\4.1\simul\sky\basekeyframer.cpp(726): warning B0001: SIMUL_ASSERT_WARN failed : in.interpolation >=-0.00001f && in.interpolation <= 1.00001f Interpolation warning 
[2016.08.31-18.55.02:987][501]TrueSky:Warning: d:\jarvis\releases\simulversion\4.1\simul\sky\basekeyframer.cpp(726): warning B0001: SIMUL_ASSERT_WARN failed : in.interpolation >=-0.00001f && in.interpolation <= 1.00001f Interpolation warning 
[2016.08.31-18.55.02:987][501]TrueSky:Warning: d:\jarvis\releases\simulversion\4.1\simul\sky\skykeyframer.cpp(1683): warning B0001: Out of active subdivision range 0.04049 t=0.3438 sub=22, method=FIXED_NUMBER 
[2016.08.31-18.55.02:987][501]TrueSky:Warning: d:\jarvis\releases\simulversion\4.1\simul\sky\skykeyframer.cpp(1666): warning B0001: Out of active subdivision range 0.04049 t=0.3438 sub=22, method=FIXED_NUMBER 
[2016.08.31-18.55.19:181][792]TrueSky:Warning: d:\jarvis\releases\simulversion\4.1\simul\sky\skykeyframer.cpp(787): warning B0001: lightingState.DirectionToSun out of range. 
[2016.08.31-18.55.19:181][792]TrueSky:Display: Bad light vector 
[2016.08.31-18.55.19:181][792]TrueSky:Error: d:\jarvis\releases\simulversion\4.1\simul\clouds\cloudkeyframer.cpp(1191): warning B0001: WARNING: errno!=0: Domain error 
[2016.08.31-18.55.19:181][792]TrueSky:Warning: d:\jarvis\releases\simulversion\4.1\simul\sky\skykeyframer.cpp(787): warning B0001: lightingState.DirectionToSun out of range. 
[2016.08.31-18.55.19:181][792]TrueSky:Display: Bad light vector 
[2016.08.31-18.55.19:181][792]TrueSky:Error: d:\jarvis\releases\simulversion\4.1\simul\clouds\cloudkeyframer.cpp(1191): warning B0001: WARNING: errno!=0: Domain error 
[2016.08.31-18.55.19:181][792]TrueSky:Warning: d:\jarvis\releases\simulversion\4.1\simul\sky\skykeyframer.cpp(787): warning B0001: lightingState.DirectionToSun out of range. 
[2016.08.31-18.55.19:181][792]TrueSky:Display: Bad light vector 
[2016.08.31-18.55.19:181][792]TrueSky:Error: d:\jarvis\releases\simulversion\4.1\simul\clouds\cloudkeyframer.cpp(1191): warning B0001: WARNING: errno!=0: Domain error 
[2016.08.31-18.55.19:181][792]TrueSky:Warning: d:\jarvis\releases\simulversion\4.1\simul\sky\skykeyframer.cpp(787): warning B0001: lightingState.DirectionToSun out of range. 
[2016.08.31-18.55.19:181][792]TrueSky:Warning: d:\jarvis\releases\simulversion\4.1\simul\sky\skykeyframer.cpp(787): warning B0001: lightingState.DirectionToSun out of range. 
[2016.08.31-18.55.19:181][792]TrueSky:Error: d:\jarvis\releases\simulversion\4.1\simul\sky\skykeyframer.cpp(986): warning B0001: WARNING: errno==33: Domain error 
[2016.08.31-18.55.19:181][792]TrueSky:Error: d:\jarvis\releases\simulversion\4.1\simul\sky\baseskyrenderer.cpp(1032): warning B0001: WARNING: errno==33: Domain error 
[2016.08.31-18.55.19:181][792]TrueSky:Warning: d:\jarvis\releases\simulversion\4.1\simul\sky\skykeyframer.cpp(787): warning B0001: lightingState.DirectionToSun out of range. 
[2016.08.31-18.55.26:973][792]LogCrashTracker: 


[2016.08.31-18.55.27:412][792]LogWindows: Windows GetLastError: The operation completed successfully. (0)
[2016.08.31-18.55.27:412][792]LogThreadingWindows:Error: Runnable thread RenderThread 4 crashed.
[2016.08.31-18.55.27:412][792]LogCrashTracker: 


[2016.08.31-18.55.27:412][792]LogWindows:Error: === Critical error: ===
Assertion failed: (GIsCriticalError || !NumMarks) [File:D:\Build\++UE4+Release-4.12+Compile\Sync\Engine\Source\Runtime\Core\Public\Misc\MemStack.h] [Line: 72] 




Crash in runnable thread RenderThread 4

[2016.08.31-18.55.27:452][792]LogExit: Executing StaticShutdownAfterError
[2016.08.31-18.55.27:452][792]LogWindows: FPlatformMisc::RequestExit(1)
[2016.08.31-18.55.27:452][792]Log file closed, 08/31/16 20:55:27
