Log file open, 09/01/16 08:59:52
LogInit:Display: Running engine for game: OceanProject
LogPlatformFile: Not using cached read wrapper
LogInit:Display: RandInit(584213510) SRandInit(584213511).
LogTaskGraph: Started task graph with 4 named threads and 7 total threads with 1 sets of task threads.
LogStats: Stats thread started at 0.074487
LogInit: Version: 4.12.5-3039270+++UE4+Release-4.12
LogInit: API Version: 2992821
LogInit: Net Version: 3039270
LogDevObjectVersion: Number of dev versions registered: 13
LogDevObjectVersion:   Dev-Blueprints (B0D832E4-1F89-4F0D-ACCF-7EB736FD4AA2): 3
LogDevObjectVersion:   Dev-Build (E1C64328-A22C-4D53-A36C-8E866417BD8C): 0
LogDevObjectVersion:   Dev-Core (375EC13C-06E4-48FB-B500-84F0262A717E): 1
LogDevObjectVersion:   Dev-Editor (E4B068ED-F494-42E9-A231-DA0B2E46BB41): 2
LogDevObjectVersion:   Dev-Framework (CFFC743F-43B0-4480-9391-14DF171D2073): 6
LogDevObjectVersion:   Dev-Mobile (B02B49B5-BB20-44E9-A304-32B752E40360): 0
LogDevObjectVersion:   Dev-Networking (A4E4105C-59A1-49B5-A7C5-40C4547EDFEE): 0
LogDevObjectVersion:   Dev-Online (39C831C9-5AE6-47DC-9A44-9C173E1C8E7C): 0
LogDevObjectVersion:   Dev-Physics (78F01B33-EBEA-4F98-B9B4-84EACCB95AA2): 0
LogDevObjectVersion:   Dev-Platform (6631380F-2D4D-43E0-8009-CF276956A95A): 0
LogDevObjectVersion:   Dev-Rendering (12F88B9F-8875-4AFC-A67C-D90C383ABD29): 2
LogDevObjectVersion:   Dev-Sequencer (7B5AE74C-D270-4C10-A958-57980B212A5A): 0
LogDevObjectVersion:   Dev-VR (D7296918-1DD6-4BDD-9DE2-64A83CC13884): 0
LogInit: Compiled (64-bit): Jul  6 2016 09:09:46
LogInit: Compiled with Visual C++: 19.00.23026.00
LogInit: Build Configuration: Development
LogInit: Branch Name: ++UE4+Release-4.12
LogInit: Command line: -EpicPortal 
LogInit: Base directory: D:/Unreal Engine/Epic Games/4.12/Engine/Binaries/Win64/
LogInit: Installed Engine Build: 1
LogInit: Using libcurl 7.41.0
LogInit:  - built for x86_64-pc-win32
LogInit:  - supports SSL with WinSSL
LogInit:  - other features:
LogInit:      CURL_VERSION_SSL
LogInit:      CURL_VERSION_IPV6
LogInit:      CURL_VERSION_ASYNCHDNS
LogInit:      CURL_VERSION_LARGEFILE
LogInit:      CURL_VERSION_IDN
LogInit:  CurlRequestOptions (configurable via config and command line):
LogInit:  - bVerifyPeer = true  - Libcurl will verify peer certificate
LogInit:  - bUseHttpProxy = false  - Libcurl will NOT use HTTP proxy
LogInit:  - bDontReuseConnections = false  - Libcurl will reuse connections
LogInit:  - CertBundlePath = nullptr  - Libcurl will use whatever was configured at build time.
LogInit: Presizing for max 8388607 objects, including 0 objects not considered by GC, pre-allocating 0 bytes for permanent pool.
LogInit: Object subsystem initialized
[2016.09.01-06.59.52:852][  0]LogInit: Selected Device Profile: [Windows]
[2016.09.01-06.59.52:852][  0]LogInit: Applying CVar settings loaded from the selected device profile: [Windows]
[2016.09.01-06.59.52:873][  0]LogInit: Computer: LAPTOP-2J9C5DVQ
[2016.09.01-06.59.52:873][  0]LogInit: User: jeen1
[2016.09.01-06.59.52:873][  0]LogInit: CPU Page size=65536, Cores=4
[2016.09.01-06.59.52:873][  0]LogInit: High frequency timer resolution =2.531250 MHz
[2016.09.01-06.59.52:873][  0]LogMemory: Memory total: Physical=7.8GB (8GB approx)
[2016.09.01-06.59.52:873][  0]LogMemory: Platform Memory Stats for Windows
[2016.09.01-06.59.52:873][  0]LogMemory: Process Physical Memory: 190.69 MB used, 190.69 MB peak
[2016.09.01-06.59.52:873][  0]LogMemory: Process Virtual Memory: 195.17 MB used, 195.17 MB peak
[2016.09.01-06.59.52:873][  0]LogMemory: Physical Memory: 3758.63 MB used, 8019.78 MB total
[2016.09.01-06.59.52:873][  0]LogMemory: Virtual Memory: 554.52 MB used, 134217728.00 MB total
[2016.09.01-06.59.52:985][  0]LogTextLocalizationManager: No specific translations for ('en-US') exist, so ('en') translations will be used.
[2016.09.01-06.59.54:197][  0]LogD3D11RHI: D3D11 adapters:
[2016.09.01-06.59.54:811][  0]LogD3D11RHI:    0. 'NVIDIA GeForce GTX 960M' (Feature Level 11_0)
[2016.09.01-06.59.54:811][  0]LogD3D11RHI:       2018/0/4009 MB DedicatedVideo/DedicatedSystem/SharedSystem, Outputs:1, VendorId:0x10de
[2016.09.01-06.59.54:820][  0]LogD3D11RHI:    1. 'Intel(R) HD Graphics 530' (Feature Level 11_0)
[2016.09.01-06.59.54:820][  0]LogD3D11RHI:       128/0/4009 MB DedicatedVideo/DedicatedSystem/SharedSystem, Outputs:0, VendorId:0x8086
[2016.09.01-06.59.54:822][  0]LogD3D11RHI:    2. 'Microsoft Basic Render Driver' (Feature Level 11_0)
[2016.09.01-06.59.54:822][  0]LogD3D11RHI:       0/0/4009 MB DedicatedVideo/DedicatedSystem/SharedSystem, Outputs:0, VendorId:0x1414
[2016.09.01-06.59.54:822][  0]LogD3D11RHI: Chosen D3D11 Adapter: 0
[2016.09.01-06.59.54:828][  0]LogD3D11RHI: Creating new Direct3DDevice
[2016.09.01-06.59.54:828][  0]LogD3D11RHI:     GPU DeviceId: 0x139b (for the marketing name, search the web for "GPU Device Id")
[2016.09.01-06.59.54:828][  0]LogWindows: EnumDisplayDevices:
[2016.09.01-06.59.54:828][  0]LogWindows:    0. 'Intel(R) HD Graphics 530' (P:1 D:1)
[2016.09.01-06.59.54:829][  0]LogWindows:    1. 'Intel(R) HD Graphics 530' (P:0 D:0)
[2016.09.01-06.59.54:830][  0]LogWindows:    2. 'Intel(R) HD Graphics 530' (P:0 D:0)
[2016.09.01-06.59.54:830][  0]LogWindows: DebugString: PrimaryIsNotTheChoosenAdapter PrimaryIsNotTheChoosenAdapter PrimaryIsNotTheChoosenAdapter FoundDriverCount:0 
[2016.09.01-06.59.54:830][  0]LogD3D11RHI:     Adapter Name: NVIDIA GeForce GTX 960M
[2016.09.01-06.59.54:830][  0]LogD3D11RHI:   Driver Version: Unknown (internal:Unknown, unified:Unknown)
[2016.09.01-06.59.54:830][  0]LogD3D11RHI:      Driver Date: Unknown
[2016.09.01-06.59.54:830][  0]LogRHI: Texture pool is 1361 MB (70% of 1945 MB)
[2016.09.01-06.59.55:387][  0]LogD3D11RHI: Async texture creation enabled
[2016.09.01-06.59.55:425][  0]LogD3D11RHI: GPU Timing Frequency: 1000.000000 (Debug: 2 1)
[2016.09.01-06.59.55:426][  0]LogShaderCompilers: Guid format shader working directory is 6 characters bigger than the processId version (C:/Users/jeen1/Desktop/OceanProject-4.12/Intermediate/Shaders/WorkingDirectory/4776/).
[2016.09.01-06.59.55:426][  0]LogShaderCompilers: Cleaned the shader compiler working directory 'C:/Users/jeen1/AppData/Local/Temp/UnrealShaderWorkingDir/0001800C485A5BFBCC93178BE9D0848A/'.
[2016.09.01-06.59.55:426][  0]LogShaderCompilers:Display: Using Local Shader Compiler.
[2016.09.01-06.59.56:414][  0]LogTemp:Display: Loaded TP AllDesktopTargetPlatform
[2016.09.01-06.59.56:424][  0]LogTemp:Display: Loaded TP WindowsClientTargetPlatform
[2016.09.01-06.59.56:433][  0]LogTemp:Display: Loaded TP WindowsNoEditorTargetPlatform
[2016.09.01-06.59.56:442][  0]LogTemp:Display: Loaded TP WindowsServerTargetPlatform
[2016.09.01-06.59.56:452][  0]LogTemp:Display: Loaded TP WindowsTargetPlatform
[2016.09.01-06.59.56:459][  0]LogTemp:Display: Loaded TP AndroidTargetPlatform
[2016.09.01-06.59.56:469][  0]LogTemp:Display: Loaded TP Android_ASTCTargetPlatform
[2016.09.01-06.59.56:478][  0]LogTemp:Display: Loaded TP Android_ATCTargetPlatform
[2016.09.01-06.59.56:489][  0]LogTemp:Display: Loaded TP Android_DXTTargetPlatform
[2016.09.01-06.59.56:499][  0]LogTemp:Display: Loaded TP Android_ETC1TargetPlatform
[2016.09.01-06.59.56:507][  0]LogTemp:Display: Loaded TP Android_ETC2TargetPlatform
[2016.09.01-06.59.56:524][  0]LogTemp:Display: Loaded TP Android_MultiTargetPlatform
[2016.09.01-06.59.56:524][  0]LogTemp:Display: Loaded TP Android_PVRTCTargetPlatform
[2016.09.01-06.59.56:526][  0]LogTemp:Display: Loaded TP HTML5TargetPlatform
[2016.09.01-06.59.56:550][  0]LogTemp:Display: Loaded TP IOSTargetPlatform
[2016.09.01-06.59.56:557][  0]LogTemp:Display: Loaded TP TVOSTargetPlatform
[2016.09.01-06.59.56:566][  0]LogTemp:Display: Loaded TP LinuxNoEditorTargetPlatform
[2016.09.01-06.59.56:573][  0]LogTemp:Display: Loaded TP LinuxServerTargetPlatform
[2016.09.01-06.59.56:581][  0]LogTemp:Display: Loaded TP LinuxTargetPlatform
[2016.09.01-06.59.56:581][  0]LogTargetPlatformManager:Display: Building Assets For Windows
[2016.09.01-06.59.56:667][  0]LogDerivedDataCache:Display: Max Cache Size: 512 MB
[2016.09.01-06.59.56:742][  0]LogDerivedDataCache: Loaded boot cache 0.07s 74MB C:/Users/jeen1/AppData/Local/UnrealEngine/4.12/DerivedDataCache/Boot.ddc.
[2016.09.01-06.59.56:742][  0]LogDerivedDataCache:Display: Loaded Boot cache: C:/Users/jeen1/AppData/Local/UnrealEngine/4.12/DerivedDataCache/Boot.ddc
[2016.09.01-06.59.56:743][  0]LogDerivedDataCache: FDerivedDataBackendGraph:  Pak pak cache file C:/Users/jeen1/Desktop/OceanProject-4.12/DerivedDataCache/DDC.ddp not found, will not use a pak cache.
[2016.09.01-06.59.56:743][  0]LogDerivedDataCache: Unable to find inner node Pak for hierarchical cache Hierarchy.
[2016.09.01-06.59.56:743][  0]LogDerivedDataCache: FDerivedDataBackendGraph:  CompressedPak pak cache file C:/Users/jeen1/Desktop/OceanProject-4.12/DerivedDataCache/Compressed.ddp not found, will not use a pak cache.
[2016.09.01-06.59.56:743][  0]LogDerivedDataCache: Unable to find inner node CompressedPak for hierarchical cache Hierarchy.
[2016.09.01-06.59.56:759][  0]LogDerivedDataCache:Display: Pak cache opened for reading ../../../Engine/DerivedDataCache/Compressed.ddp.
[2016.09.01-06.59.56:774][  0]LogDerivedDataCache: Using Local data cache path C:/Users/jeen1/AppData/Local/UnrealEngine/Common/DerivedDataCache: Writable
[2016.09.01-06.59.57:072][  0]LogInit: Selected Device Profile: [Windows]
[2016.09.01-06.59.57:073][  0]LogContentStreaming: Texture pool size is 0.00 MB
[2016.09.01-06.59.57:241][  0]LogMeshUtilities: No automatic mesh reduction module available
[2016.09.01-06.59.57:241][  0]LogMeshUtilities: No automatic mesh merging module available
[2016.09.01-06.59.57:241][  0]LogMeshUtilities: No distributed automatic mesh merging module available
[2016.09.01-06.59.57:501][  0]LogAssetRegistry: FAssetRegistry took 0.0217 seconds to start up
[2016.09.01-06.59.57:504][  0]LogDirectoryWatcher:Warning: Failed to begin reading directory changes for C:/Users/jeen1/Desktop/OceanProject-4.12/Plugins/OceanPlugin/Content/. Error: The system cannot find the file specified. (0x00000002)
[2016.09.01-06.59.57:617][  0]LogPackageLocalizationCache: Processed 5 localized package path(s) for 2 prioritized culture(s) in 0.113293 seconds
[2016.09.01-06.59.57:624][  0]LogUObjectArray: 28739 objects as part of root set at end of initial load.
[2016.09.01-06.59.57:625][  0]LogUObjectAllocator: 5855624 out of 0 bytes used by permanent object pool.
[2016.09.01-06.59.57:625][  0]LogUObjectArray: CloseDisregardForGC: 0/0 objects in disregard for GC pool
[2016.09.01-06.59.57:633][  0]LogInit: WinSock: version 1.1 (2.2), MaxSocks=32767, MaxUdp=65467
[2016.09.01-06.59.57:970][  0]LogSlate: SlateFontCache - WITH_FREETYPE: 1, WITH_HARFBUZZ: 1
[2016.09.01-06.59.57:970][  0]LogSlate: SlateFontCache - WITH_FREETYPE: 1, WITH_HARFBUZZ: 1
[2016.09.01-06.59.58:895][  0]LogUdpMessaging: Initializing bridge on interface 0.0.0.0:0 to multicast group 230.0.0.1:6666.
[2016.09.01-06.59.59:217][  0]SourceControl: Info Source control is disabled
[2016.09.01-06.59.59:219][  0]SourceControl: Info Source control is disabled
[2016.09.01-06.59.59:232][  0]SourceControl: Info Source control is disabled
[2016.09.01-06.59.59:247][  0]SourceControl: Info Source control is disabled
[2016.09.01-07.00.00:522][  0]LogEngine: Initializing Engine...
[2016.09.01-07.00.00:523][  0]LogHMD: SteamVR failed to initialize.  Err: 110
[2016.09.01-07.00.00:523][  0]LogHMD: SteamVR failed to initialize.  Err: 110
[2016.09.01-07.00.00:664][  0]LogAIModule: Creating AISystem for world NewWorld
[2016.09.01-07.00.00:668][  0]LogInit: XAudio2 using 'Speakers (Realtek High Definition Audio)' : 2 channels at 48 kHz using 32 bits per sample (channel mask 0x3)
[2016.09.01-07.00.00:701][  0]LogInit: FAudioDevice initialized.
[2016.09.01-07.00.00:743][  0]LogDerivedDataCache: Saved boot cache 0.04s 74MB C:/Users/jeen1/AppData/Local/UnrealEngine/4.12/DerivedDataCache/Boot.ddc.
[2016.09.01-07.00.00:752][  0]LogInit: Texture streaming: Enabled
[2016.09.01-07.00.00:775][  0]LogInit: Transaction tracking system initialized
[2016.09.01-07.00.00:796][  0]BlueprintLog: New page: Editor Load
[2016.09.01-07.00.00:874][  0]LocalizationService: Info Localization service is disabled
[2016.09.01-07.00.00:940][  0]LogConsoleResponse:Display: 
[2016.09.01-07.00.01:073][  0]LogCook:Display: Max memory allowance for cook 8192mb
[2016.09.01-07.00.01:073][  0]LogCook:Display: Mobile HDR setting 1
[2016.09.01-07.00.01:184][  0]LogFileCache: Scanning file cache for directory 'C:/Users/jeen1/Desktop/OceanProject-4.12/Content/' took 0.03s
[2016.09.01-07.00.01:184][  0]SourceControl: Info Source control is disabled
[2016.09.01-07.00.01:185][  0]Cmd: MAP LOAD FILE="C:/Users/jeen1/Desktop/OceanProject-4.12/Content/Maps/dcSkyTestMap.umap" TEMPLATE=0 SHOWPROGRESS=1 FEATURELEVEL=3
[2016.09.01-07.00.01:188][  0]LightingResults: New page: Lighting Build
[2016.09.01-07.00.01:191][  0]MapCheck: New page: Map Check
[2016.09.01-07.00.01:191][  0]LightingResults: New page: Lighting Build
[2016.09.01-07.00.04:755][  0]LogLinker:Warning: Asset '../../../Engine/Plugins/TrueSkyPlugin/Content/trueSkyMacros.uasset' has been saved with empty engine version. The asset will be loaded but may be incompatible.
[2016.09.01-07.00.10:156][  0]LogLinker:Warning: Asset 'C:/Users/jeen1/Desktop/OceanProject-4.12/Content/TrueSky/Moon.uasset' has been saved with empty engine version. The asset will be loaded but may be incompatible.
[2016.09.01-07.00.10:184][  0]LogBlueprint:Warning: Compiler Warning CreatePinForVariable: 'LightComponent' variable not found. Base class was probably changed.
[2016.09.01-07.00.10:184][  0]LogBlueprint:Warning: Compiler Warning CreatePinForVariable: 'LightComponent' variable not found. Base class was probably changed.
[2016.09.01-07.00.10:184][  0]LogBlueprint:Warning: Compiler Warning Could not find a variable named "LightComponent" in 'dcSkyTestMap_C'.
Make sure 'dcSkyTestMap_C' has been compiled for  trueSKYLighting 
[2016.09.01-07.00.10:185][  0]LogBlueprint:Warning: Compiler Warning Could not find a variable named "LightComponent" in 'dcSkyTestMap_C'.
Make sure 'dcSkyTestMap_C' has been compiled for  trueSKYLighting 
[2016.09.01-07.00.10:185][  0]LogBlueprint:Warning: Compiler Warning [0018.36] Compile of PersistentLevel.dcSkyTestMap successful, but with 4 Warning(s) [in 8 ms] (/Game/Maps/dcSkyTestMap.dcSkyTestMap:PersistentLevel.dcSkyTestMap)
[2016.09.01-07.00.10:185][  0]LogBlueprint:Warning: Compiler Warning [0018.36] Compile of PersistentLevel.dcSkyTestMap successful, but with 5 Warning(s) [in 0 ms] (/Game/Maps/dcSkyTestMap.dcSkyTestMap:PersistentLevel.dcSkyTestMap)
[2016.09.01-07.00.10:185][  0]LogBlueprint:Warning: Compiler Warning [0018.36] Compile of PersistentLevel.dcSkyTestMap successful, but with 6 Warning(s) [in 0 ms] (/Game/Maps/dcSkyTestMap.dcSkyTestMap:PersistentLevel.dcSkyTestMap)
[2016.09.01-07.00.10:195][  0]LogBlueprint:Warning: Compiler Warning CreatePinForVariable: 'LightComponent' variable not found. Base class was probably changed.
[2016.09.01-07.00.10:195][  0]LogBlueprint:Warning: Compiler Warning CreatePinForVariable: 'LightComponent' variable not found. Base class was probably changed.
[2016.09.01-07.00.10:195][  0]LogBlueprint:Warning: Compiler Warning Could not find a variable named "LightComponent" in 'dcSkyTestMap_C'.
Make sure 'dcSkyTestMap_C' has been compiled for  trueSKYLighting 
[2016.09.01-07.00.10:195][  0]LogBlueprint:Warning: Compiler Warning Could not find a variable named "LightComponent" in 'dcSkyTestMap_C'.
Make sure 'dcSkyTestMap_C' has been compiled for  trueSKYLighting 
[2016.09.01-07.00.10:196][  0]LogBlueprint:Warning: Compiler Warning [0018.37] Compile of PersistentLevel.dcSkyTestMap successful, but with 4 Warning(s) [in 8 ms] (/Game/Maps/dcSkyTestMap.dcSkyTestMap:PersistentLevel.dcSkyTestMap)
[2016.09.01-07.00.10:196][  0]LogBlueprint:Warning: Compiler Warning [0018.37] Compile of PersistentLevel.dcSkyTestMap successful, but with 5 Warning(s) [in 0 ms] (/Game/Maps/dcSkyTestMap.dcSkyTestMap:PersistentLevel.dcSkyTestMap)
[2016.09.01-07.00.10:196][  0]LogBlueprint:Warning: Compiler Warning [0018.37] Compile of PersistentLevel.dcSkyTestMap successful, but with 6 Warning(s) [in 0 ms] (/Game/Maps/dcSkyTestMap.dcSkyTestMap:PersistentLevel.dcSkyTestMap)
[2016.09.01-07.00.10:942][  0]LogSkeletalMesh:Warning: Building adjacency information for skeletal mesh '/Game/ShipsAndExamples/ManOfWar/Meshes/Front_Sails_LOD.Front_Sails_LOD'. Please resave the asset.
[2016.09.01-07.00.11:007][  0]LogSkeletalMesh:Warning: Building adjacency information for skeletal mesh '/Game/ShipsAndExamples/ManOfWar/Meshes/Front_Sails_LOD.Front_Sails_LOD'. Please resave the asset.
[2016.09.01-07.00.11:019][  0]LogSkeletalMesh:Warning: Building adjacency information for skeletal mesh '/Game/ShipsAndExamples/ManOfWar/Meshes/Front_Sails_LOD.Front_Sails_LOD'. Please resave the asset.
[2016.09.01-07.00.11:363][  0]LogSkeletalMesh:Warning: Building adjacency information for skeletal mesh '/Game/ShipsAndExamples/ManOfWar/Meshes/Back_Sails_LOD.Back_Sails_LOD'. Please resave the asset.
[2016.09.01-07.00.11:416][  0]LogSkeletalMesh:Warning: Building adjacency information for skeletal mesh '/Game/ShipsAndExamples/ManOfWar/Meshes/Back_Sails_LOD.Back_Sails_LOD'. Please resave the asset.
[2016.09.01-07.00.11:425][  0]LogSkeletalMesh:Warning: Building adjacency information for skeletal mesh '/Game/ShipsAndExamples/ManOfWar/Meshes/Back_Sails_LOD.Back_Sails_LOD'. Please resave the asset.
[2016.09.01-07.00.11:506][  0]LogSkeletalMesh:Warning: Building adjacency information for skeletal mesh '/Game/ShipsAndExamples/ManOfWar/Flag/Flag_01.Flag_01'. Please resave the asset.
[2016.09.01-07.00.14:187][  0]LogMaterial: Missing cached shader map for material M_Ocean_SSR, compiling. 
[2016.09.01-07.00.14:192][  0]LogMaterial:Warning: Failed to compile Material Instance /Game/Ocean/Materials/M_Ocean_Versions/M_Inst_Ocean_SSR_Foam_Cubemap.M_Inst_Ocean_SSR_Foam_Cubemap with Base M_Ocean_SSR for platform PCD3D_SM5, Default Material will be used in game.
[2016.09.01-07.00.14:192][  0]LogMaterial:Warning: 	(Node TextureSampleParameterCube) TextureSampleParameter> Sampler type is Color, should be Linear Color for /Engine/MapTemplates/Sky/Desert_Outer_HDR.Desert_Outer_HDR
[2016.09.01-07.00.14:223][  0]LogMaterial: Missing cached shader map for material M_Ocean, compiling. 
[2016.09.01-07.00.14:227][  0]LogMaterial:Warning: Failed to compile Material Instance /Game/Ocean/Materials/M_Ocean_Versions/M_Inst_Ocean_Foam_Cubemap.M_Inst_Ocean_Foam_Cubemap with Base M_Ocean for platform PCD3D_SM5, Default Material will be used in game.
[2016.09.01-07.00.14:227][  0]LogMaterial:Warning: 	(Node TextureSampleParameterCube) TextureSampleParameter> Sampler type is Color, should be Linear Color for /Engine/MapTemplates/Sky/Desert_Outer_HDR.Desert_Outer_HDR
[2016.09.01-07.00.15:479][  0]LogAIModule: Creating AISystem for world dcSkyTestMap
[2016.09.01-07.00.17:542][  0]LogEditorServer: Finished looking for orphan Actors (0.000 secs)
[2016.09.01-07.00.17:543][  0]Cmd: MAP CHECKDEP NOCLEARLOG
[2016.09.01-07.00.17:705][  0]MapCheck: Info Map check complete: 0 Error(s), 0 Warning(s), took 162.574ms to complete.
[2016.09.01-07.00.17:706][  0]LogFileHelpers: Loading map 'dcSkyTestMap' took 16.521
[2016.09.01-07.00.18:606][  0]LogCollectionManager: Loaded 0 collections in 0.003376 seconds
[2016.09.01-07.00.19:944][  0]LogFileCache: Scanning file cache for directory 'C:/Users/jeen1/Desktop/OceanProject-4.12/Saved/Collections/' took 0.01s
[2016.09.01-07.00.19:944][  0]LogFileCache: Scanning file cache for directory 'C:/Users/jeen1/Desktop/OceanProject-4.12/Content/Developers/jeen1/Collections/' took 0.01s
[2016.09.01-07.00.19:944][  0]LogFileCache: Scanning file cache for directory 'C:/Users/jeen1/Desktop/OceanProject-4.12/Content/Collections/' took 0.01s
[2016.09.01-07.00.19:944][  0]LogCollectionManager: Rebuilt the GUID cache for 0 collections in 0.000002 seconds
[2016.09.01-07.00.19:992][  0]LogContentBrowser: Native class hierarchy populated in 0.0172 seconds. Added 2065 classes and 380 folders.
[2016.09.01-07.00.20:032][  0]LogStats: UGameplayTagsManager::ConstructGameplayTagTree: Construct from data asset -  0.000 s
[2016.09.01-07.00.20:032][  0]LogStats: UGameplayTagsManager::ConstructGameplayTagTree: GameplayTagTreeChangedEvent.Broadcast -  0.000 s
[2016.09.01-07.00.20:053][  0]LogContentBrowser: Native class hierarchy updated for 'GameplayTags' in 0.0024 seconds. Added 12 classes and 0 folders.
[2016.09.01-07.00.20:108][  0]LogContentBrowser: Native class hierarchy updated for 'WidgetCarousel' in 0.0021 seconds. Added 0 classes and 0 folders.
[2016.09.01-07.00.20:978][  0]LogContentBrowser: Native class hierarchy updated for 'AddContentDialog' in 0.0017 seconds. Added 0 classes and 0 folders.
[2016.09.01-07.00.21:568][  0]LogContentBrowser: Native class hierarchy updated for 'SceneOutliner' in 0.0022 seconds. Added 1 classes and 2 folders.
[2016.09.01-07.00.21:838][  0]LogCrashTracker: Crashtracker disabled due to settings.
[2016.09.01-07.00.21:961][  0]LogUObjectGlobals:Warning: Failed to find object 'Class None.'
[2016.09.01-07.00.22:016][  0]LogContentBrowser: Native class hierarchy updated for 'HierarchicalLODOutliner' in 0.0051 seconds. Added 1 classes and 2 folders.
[2016.09.01-07.00.22:016][  0]LogLoad: Full Startup: 30.20 seconds (BP compile: 2.07 seconds)
[2016.09.01-07.00.22:016][  0]LogExternalProfiler: Found external profiler: VSPerf
[2016.09.01-07.00.22:016][  0]LogExternalProfiler: Using external profiler: VSPerf
[2016.09.01-07.00.22:351][  0]LogOcInput: OculusInput pre-init called
[2016.09.01-07.00.22:459][  0]LogContentStreaming: Texture pool size now 700 MB
[2016.09.01-07.00.22:984][  1]Cmd: UpdateLandscapeEditorData -warnings
[2016.09.01-07.00.23:095][  1]LogRenderer: Reallocating scene render targets to support 508x452 (Frame:2).
[2016.09.01-07.00.23:743][  1]TrueSky:Display: Simul version 4.1 build 382
[2016.09.01-07.00.23:743][  1]TrueSky:Display: Loaded trueSKY dynamic library ../../../Engine//binaries/thirdparty/simul/Win64/TrueSkyPluginRender_MT.dll.
[2016.09.01-07.00.26:724][  1]LogRenderer: Reallocating scene render targets to support 680x604 (Frame:2).
[2016.09.01-07.00.27:417][  1]LogFileCache: Retrieving MD5 hashes for directory 'C:/Users/jeen1/Desktop/OceanProject-4.12/Content/' took 5.04s
[2016.09.01-07.00.28:013][  3]LogAssetRegistry: Asset discovery search completed in 30.5339 seconds
[2016.09.01-07.00.28:013][  3]LogCollectionManager: Rebuilt the object cache for 0 collections in 0.000000 seconds (found 0 objects)
[2016.09.01-07.00.28:013][  3]LogCollectionManager: Fixed up redirectors for 0 collections in 0.000019 seconds (updated 0 objects)
[2016.09.01-07.01.37:402][954]LogRenderer: Reallocating scene render targets to support 800x688 (Frame:823).
[2016.09.01-07.01.40:622][ 12]TrueSky:Display: Project directory: D:\Unreal Engine\Epic Games\4.12\Engine\Binaries\Win64 
[2016.09.01-07.01.40:795][ 12]TrueSky:Display:  QTDIR  
[2016.09.01-07.01.41:254][ 12]TrueSky:Warning: Main.cpp(488): warning B0001: WARNING: errno!=0: Invalid argument 
[2016.09.01-07.01.41:330][ 12]TrueSky:Display: Loaded Library D:\Unreal Engine\Epic Games\4.12\Engine\Binaries\ThirdParty\Simul\Win64\Qt5Gui.dll 
[2016.09.01-07.01.41:351][ 12]TrueSky:Display: Loaded Library D:\Unreal Engine\Epic Games\4.12\Engine\Binaries\ThirdParty\Simul\Win64\SimulClouds_MD.dll 
[2016.09.01-07.01.41:374][ 12]TrueSky:Warning: d:\jarvis\releases\simulversion\4.1\simul\clouds\environment.cpp(69): warning B0001: WARNING: errno!=0: Invalid argument 
[2016.09.01-07.01.41:718][ 12]TrueSky:Display: Loaded Library D:\Unreal Engine\Epic Games\4.12\Engine\Binaries\ThirdParty\Simul\Win64\SequencerQtWidgets_MD.dll 
[2016.09.01-07.01.45:766][ 12]TrueSky:Display: File exists :/translations/translations/qt_ja.qm 
[2016.09.01-07.01.45:766][ 12]TrueSky:Display: No file /qt_en.qm 
[2016.09.01-07.01.45:767][ 12]TrueSky:Display: Failed to load qt_en 
[2016.09.01-07.01.45:767][ 12]TrueSky:Display: Failed to install qtTranslator 
[2016.09.01-07.01.45:767][ 12]TrueSky:Display: Failed to load SequencerQtWidgets_en.qm 
[2016.09.01-07.01.45:767][ 12]TrueSky:Display: Failed to install sequencerQtWidgetsTranslator 
[2016.09.01-07.01.45:767][ 12]TrueSky:Display: Failed to load SkySequencer_en 
[2016.09.01-07.01.45:767][ 12]TrueSky:Display: Failed to install sequencerTranslator 
[2016.09.01-07.01.45:809][ 12]TrueSky:Display: Loaded Library D:\Unreal Engine\Epic Games\4.12\Engine\Binaries\ThirdParty\Simul\Win64\SimulCrossPlatform_MD.dll 
[2016.09.01-07.03.19:054][261]TrueSky:Display: Loaded Library D:\Unreal Engine\Epic Games\4.12\Engine\Binaries\ThirdParty\Simul\Win64\SimulSky_MD.dll 
[2016.09.01-07.05.41:508][ 94]LogRenderer: Reallocating scene render targets to support 800x872 (Frame:8948).
[2016.09.01-07.06.28:358][833]TrueSky:Warning: d:\jarvis\releases\simulversion\4.1\simul\sky\basekeyframer.cpp(726): warning B0001: SIMUL_ASSERT_WARN failed : in.interpolation >=-0.00001f && in.interpolation <= 1.00001f Interpolation warning 
[2016.09.01-07.06.28:358][833]TrueSky:Warning: d:\jarvis\releases\simulversion\4.1\simul\sky\skykeyframer.cpp(787): warning B0001: lightingState.DirectionToSun out of range. 
[2016.09.01-07.06.28:358][833]TrueSky:Display: Bad light vector 
[2016.09.01-07.06.28:358][833]TrueSky:Error: d:\jarvis\releases\simulversion\4.1\simul\clouds\cloudkeyframer.cpp(1191): warning B0001: WARNING: errno!=0: Domain error 
[2016.09.01-07.06.28:358][833]TrueSky:Warning: d:\jarvis\releases\simulversion\4.1\simul\sky\skykeyframer.cpp(787): warning B0001: lightingState.DirectionToSun out of range. 
[2016.09.01-07.06.28:358][833]TrueSky:Display: Bad light vector 
[2016.09.01-07.06.28:358][833]TrueSky:Error: d:\jarvis\releases\simulversion\4.1\simul\clouds\cloudkeyframer.cpp(1191): warning B0001: WARNING: errno!=0: Domain error 
[2016.09.01-07.06.28:358][833]TrueSky:Warning: d:\jarvis\releases\simulversion\4.1\simul\sky\skykeyframer.cpp(787): warning B0001: lightingState.DirectionToSun out of range. 
[2016.09.01-07.06.28:358][833]TrueSky:Display: Bad light vector 
[2016.09.01-07.06.28:358][833]TrueSky:Error: d:\jarvis\releases\simulversion\4.1\simul\clouds\cloudkeyframer.cpp(1191): warning B0001: WARNING: errno!=0: Domain error 
[2016.09.01-07.06.28:358][833]TrueSky:Warning: d:\jarvis\releases\simulversion\4.1\simul\sky\skykeyframer.cpp(787): warning B0001: lightingState.DirectionToSun out of range. 
[2016.09.01-07.06.28:358][833]TrueSky:Warning: d:\jarvis\releases\simulversion\4.1\simul\sky\skykeyframer.cpp(1683): warning B0001: Out of active subdivision range 0.941 t= 0.5 sub=32, method=FIXED_NUMBER 
[2016.09.01-07.06.28:358][833]TrueSky:Warning: d:\jarvis\releases\simulversion\4.1\simul\sky\skykeyframer.cpp(1666): warning B0001: Out of active subdivision range 0.941 t= 0.5 sub=32, method=FIXED_NUMBER 
[2016.09.01-07.06.28:358][833]TrueSky:Warning: d:\jarvis\releases\simulversion\4.1\simul\sky\skykeyframer.cpp(787): warning B0001: lightingState.DirectionToSun out of range. 
[2016.09.01-07.06.28:358][833]TrueSky:Error: d:\jarvis\releases\simulversion\4.1\simul\sky\skykeyframer.cpp(986): warning B0001: WARNING: errno==33: Domain error 
[2016.09.01-07.06.28:358][833]TrueSky:Error: d:\jarvis\releases\simulversion\4.1\simul\sky\baseskyrenderer.cpp(1032): warning B0001: WARNING: errno==33: Domain error 
[2016.09.01-07.06.28:358][833]TrueSky:Warning: d:\jarvis\releases\simulversion\4.1\simul\sky\skykeyframer.cpp(787): warning B0001: lightingState.DirectionToSun out of range. 
[2016.09.01-07.06.37:157][833]LogCrashTracker: 


[2016.09.01-07.06.37:785][833]LogWindows: Windows GetLastError: The operation completed successfully. (0)
[2016.09.01-07.06.37:785][833]LogThreadingWindows:Error: Runnable thread RenderThread 9 crashed.
[2016.09.01-07.06.37:785][833]LogCrashTracker: 


[2016.09.01-07.06.37:785][833]LogWindows:Error: === Critical error: ===
Assertion failed: (GIsCriticalError || !NumMarks) [File:D:\Build\++UE4+Release-4.12+Compile\Sync\Engine\Source\Runtime\Core\Public\Misc\MemStack.h] [Line: 72] 




Crash in runnable thread RenderThread 9

[2016.09.01-07.06.38:025][833]LogExit: Executing StaticShutdownAfterError
[2016.09.01-07.06.38:025][833]LogWindows: FPlatformMisc::RequestExit(1)
[2016.09.01-07.06.38:025][833]Log file closed, 09/01/16 09:06:38
