Log file open, 09/01/16 16:05:50
LogInit:Display: Running engine for game: OceanProject
LogPlatformFile: Not using cached read wrapper
LogInit:Display: RandInit(1654353337) SRandInit(1654353338).
LogTaskGraph: Started task graph with 4 named threads and 5 total threads with 1 sets of task threads.
LogStats: Stats thread started at 0.069661
LogInit: Version: 4.12.5-3039270+++UE4+Release-4.12
LogInit: API Version: 2992821
LogInit: Net Version: 3039270
LogDevObjectVersion: Number of dev versions registered: 13
LogDevObjectVersion:   Dev-Blueprints (B0D832E4-1F89-4F0D-ACCF-7EB736FD4AA2): 3
LogDevObjectVersion:   Dev-Build (E1C64328-A22C-4D53-A36C-8E866417BD8C): 0
LogDevObjectVersion:   Dev-Core (375EC13C-06E4-48FB-B500-84F0262A717E): 1
LogDevObjectVersion:   Dev-Editor (E4B068ED-F494-42E9-A231-DA0B2E46BB41): 2
LogDevObjectVersion:   Dev-Framework (CFFC743F-43B0-4480-9391-14DF171D2073): 6
LogDevObjectVersion:   Dev-Mobile (B02B49B5-BB20-44E9-A304-32B752E40360): 0
LogDevObjectVersion:   Dev-Networking (A4E4105C-59A1-49B5-A7C5-40C4547EDFEE): 0
LogDevObjectVersion:   Dev-Online (39C831C9-5AE6-47DC-9A44-9C173E1C8E7C): 0
LogDevObjectVersion:   Dev-Physics (78F01B33-EBEA-4F98-B9B4-84EACCB95AA2): 0
LogDevObjectVersion:   Dev-Platform (6631380F-2D4D-43E0-8009-CF276956A95A): 0
LogDevObjectVersion:   Dev-Rendering (12F88B9F-8875-4AFC-A67C-D90C383ABD29): 2
LogDevObjectVersion:   Dev-Sequencer (7B5AE74C-D270-4C10-A958-57980B212A5A): 0
LogDevObjectVersion:   Dev-VR (D7296918-1DD6-4BDD-9DE2-64A83CC13884): 0
LogInit: Compiled (64-bit): Jul  6 2016 09:09:46
LogInit: Compiled with Visual C++: 19.00.23026.00
LogInit: Build Configuration: Development
LogInit: Branch Name: ++UE4+Release-4.12
LogInit: Command line: -EpicPortal 
LogInit: Base directory: C:/Program Files (x86)/Epic Games/4.12/Engine/Binaries/Win64/
LogInit: Installed Engine Build: 1
LogInit: Using libcurl 7.41.0
LogInit:  - built for x86_64-pc-win32
LogInit:  - supports SSL with WinSSL
LogInit:  - other features:
LogInit:      CURL_VERSION_SSL
LogInit:      CURL_VERSION_IPV6
LogInit:      CURL_VERSION_ASYNCHDNS
LogInit:      CURL_VERSION_LARGEFILE
LogInit:      CURL_VERSION_IDN
LogInit:  CurlRequestOptions (configurable via config and command line):
LogInit:  - bVerifyPeer = true  - Libcurl will verify peer certificate
LogInit:  - bUseHttpProxy = false  - Libcurl will NOT use HTTP proxy
LogInit:  - bDontReuseConnections = false  - Libcurl will reuse connections
LogInit:  - CertBundlePath = nullptr  - Libcurl will use whatever was configured at build time.
LogInit: Presizing for max 8388607 objects, including 0 objects not considered by GC, pre-allocating 0 bytes for permanent pool.
LogInit: Object subsystem initialized
[2016.09.01-14.05.51:011][  0]LogInit: Selected Device Profile: [Windows]
[2016.09.01-14.05.51:011][  0]LogInit: Applying CVar settings loaded from the selected device profile: [Windows]
[2016.09.01-14.05.51:034][  0]LogInit: Computer: RUTGER-LAPTOP
[2016.09.01-14.05.51:034][  0]LogInit: User: Schoollaptop
[2016.09.01-14.05.51:034][  0]LogInit: CPU Page size=65536, Cores=2
[2016.09.01-14.05.51:034][  0]LogInit: High frequency timer resolution =2.338337 MHz
[2016.09.01-14.05.51:034][  0]LogMemory: Memory total: Physical=3.9GB (4GB approx)
[2016.09.01-14.05.51:034][  0]LogMemory: Platform Memory Stats for Windows
[2016.09.01-14.05.51:034][  0]LogMemory: Process Physical Memory: 190.09 MB used, 190.09 MB peak
[2016.09.01-14.05.51:034][  0]LogMemory: Process Virtual Memory: 194.92 MB used, 194.92 MB peak
[2016.09.01-14.05.51:034][  0]LogMemory: Physical Memory: 2744.64 MB used, 3979.38 MB total
[2016.09.01-14.05.51:034][  0]LogMemory: Virtual Memory: 552.37 MB used, 134217728.00 MB total
[2016.09.01-14.05.51:073][  0]LogTextLocalizationManager: No translations for ('nl-NL') exist, falling back to 'en' for localization and internationalization data.
[2016.09.01-14.05.51:622][  0]LogD3D11RHI: D3D11 adapters:
[2016.09.01-14.05.51:651][  0]LogD3D11RHI:    0. 'NVIDIA GeForce 820M' (Feature Level 11_0)
[2016.09.01-14.05.51:651][  0]LogD3D11RHI:       978/0/1989 MB DedicatedVideo/DedicatedSystem/SharedSystem, Outputs:1, VendorId:0x10de
[2016.09.01-14.05.51:657][  0]LogD3D11RHI:    1. 'Intel(R) HD Graphics Family' (Feature Level 11_0)
[2016.09.01-14.05.51:657][  0]LogD3D11RHI:       112/0/1989 MB DedicatedVideo/DedicatedSystem/SharedSystem, Outputs:0, VendorId:0x8086
[2016.09.01-14.05.51:659][  0]LogD3D11RHI:    2. 'Microsoft Basic Render Driver' (Feature Level 11_0)
[2016.09.01-14.05.51:659][  0]LogD3D11RHI:       0/0/1989 MB DedicatedVideo/DedicatedSystem/SharedSystem, Outputs:0, VendorId:0x1414
[2016.09.01-14.05.51:659][  0]LogD3D11RHI: Chosen D3D11 Adapter: 0
[2016.09.01-14.05.51:664][  0]LogD3D11RHI: Creating new Direct3DDevice
[2016.09.01-14.05.51:664][  0]LogD3D11RHI:     GPU DeviceId: 0x1140 (for the marketing name, search the web for "GPU Device Id")
[2016.09.01-14.05.51:664][  0]LogWindows: EnumDisplayDevices:
[2016.09.01-14.05.51:664][  0]LogWindows:    0. 'Intel(R) HD Graphics Family' (P:1 D:1)
[2016.09.01-14.05.51:665][  0]LogWindows:    1. 'Intel(R) HD Graphics Family' (P:0 D:0)
[2016.09.01-14.05.51:665][  0]LogWindows:    2. 'Intel(R) HD Graphics Family' (P:0 D:0)
[2016.09.01-14.05.51:665][  0]LogWindows: DebugString: PrimaryIsNotTheChoosenAdapter PrimaryIsNotTheChoosenAdapter PrimaryIsNotTheChoosenAdapter FoundDriverCount:0 
[2016.09.01-14.05.51:665][  0]LogD3D11RHI:     Adapter Name: NVIDIA GeForce 820M
[2016.09.01-14.05.51:665][  0]LogD3D11RHI:   Driver Version: Unknown (internal:Unknown, unified:Unknown)
[2016.09.01-14.05.51:665][  0]LogD3D11RHI:      Driver Date: Unknown
[2016.09.01-14.05.51:665][  0]LogRHI: Texture pool is 685 MB (70% of 978 MB)
[2016.09.01-14.05.51:681][  0]LogD3D11RHI: Async texture creation enabled
[2016.09.01-14.05.51:699][  0]LogD3D11RHI: GPU Timing Frequency: 1000.000000 (Debug: 2 2)
[2016.09.01-14.05.51:700][  0]LogShaderCompilers: Guid format shader working directory is -13 characters bigger than the processId version (../../../../../../Users/Schoollaptop/Desktop/OceanProject-4.12/Intermediate/Shaders/WorkingDirectory/2180/).
[2016.09.01-14.05.51:700][  0]LogShaderCompilers: Cleaned the shader compiler working directory 'C:/Users/SCHOOL~1/AppData/Local/Temp/UnrealShaderWorkingDir/89BEB30A44D969AD85F57AA123701070/'.
[2016.09.01-14.05.51:700][  0]LogShaderCompilers:Display: Using Local Shader Compiler.
[2016.09.01-14.05.52:889][  0]LogTemp:Display: Loaded TP AllDesktopTargetPlatform
[2016.09.01-14.05.52:900][  0]LogTemp:Display: Loaded TP WindowsClientTargetPlatform
[2016.09.01-14.05.52:911][  0]LogTemp:Display: Loaded TP WindowsNoEditorTargetPlatform
[2016.09.01-14.05.52:923][  0]LogTemp:Display: Loaded TP WindowsServerTargetPlatform
[2016.09.01-14.05.52:934][  0]LogTemp:Display: Loaded TP WindowsTargetPlatform
[2016.09.01-14.05.52:944][  0]LogTemp:Display: Loaded TP AndroidTargetPlatform
[2016.09.01-14.05.52:953][  0]LogTemp:Display: Loaded TP Android_ASTCTargetPlatform
[2016.09.01-14.05.52:962][  0]LogTemp:Display: Loaded TP Android_ATCTargetPlatform
[2016.09.01-14.05.52:971][  0]LogTemp:Display: Loaded TP Android_DXTTargetPlatform
[2016.09.01-14.05.52:981][  0]LogTemp:Display: Loaded TP Android_ETC1TargetPlatform
[2016.09.01-14.05.52:990][  0]LogTemp:Display: Loaded TP Android_ETC2TargetPlatform
[2016.09.01-14.05.53:009][  0]LogTemp:Display: Loaded TP Android_MultiTargetPlatform
[2016.09.01-14.05.53:009][  0]LogTemp:Display: Loaded TP Android_PVRTCTargetPlatform
[2016.09.01-14.05.53:011][  0]LogTemp:Display: Loaded TP HTML5TargetPlatform
[2016.09.01-14.05.53:034][  0]LogTemp:Display: Loaded TP IOSTargetPlatform
[2016.09.01-14.05.53:043][  0]LogTemp:Display: Loaded TP TVOSTargetPlatform
[2016.09.01-14.05.53:052][  0]LogTemp:Display: Loaded TP LinuxNoEditorTargetPlatform
[2016.09.01-14.05.53:061][  0]LogTemp:Display: Loaded TP LinuxServerTargetPlatform
[2016.09.01-14.05.53:070][  0]LogTemp:Display: Loaded TP LinuxTargetPlatform
[2016.09.01-14.05.53:071][  0]LogTargetPlatformManager:Display: Building Assets For Windows
[2016.09.01-14.05.53:156][  0]LogDerivedDataCache:Display: Max Cache Size: 512 MB
[2016.09.01-14.05.53:234][  0]LogDerivedDataCache: Loaded boot cache 0.08s 53MB C:/Users/Schoollaptop/AppData/Local/UnrealEngine/4.12/DerivedDataCache/Boot.ddc.
[2016.09.01-14.05.53:235][  0]LogDerivedDataCache:Display: Loaded Boot cache: C:/Users/Schoollaptop/AppData/Local/UnrealEngine/4.12/DerivedDataCache/Boot.ddc
[2016.09.01-14.05.53:235][  0]LogDerivedDataCache: FDerivedDataBackendGraph:  Pak pak cache file ../../../../../../Users/Schoollaptop/Desktop/OceanProject-4.12/DerivedDataCache/DDC.ddp not found, will not use a pak cache.
[2016.09.01-14.05.53:235][  0]LogDerivedDataCache: Unable to find inner node Pak for hierarchical cache Hierarchy.
[2016.09.01-14.05.53:235][  0]LogDerivedDataCache: FDerivedDataBackendGraph:  CompressedPak pak cache file ../../../../../../Users/Schoollaptop/Desktop/OceanProject-4.12/DerivedDataCache/Compressed.ddp not found, will not use a pak cache.
[2016.09.01-14.05.53:235][  0]LogDerivedDataCache: Unable to find inner node CompressedPak for hierarchical cache Hierarchy.
[2016.09.01-14.05.53:257][  0]LogDerivedDataCache:Display: Pak cache opened for reading ../../../Engine/DerivedDataCache/Compressed.ddp.
[2016.09.01-14.05.53:269][  0]LogDerivedDataCache: Using Local data cache path C:/Users/Schoollaptop/AppData/Local/UnrealEngine/Common/DerivedDataCache: Writable
[2016.09.01-14.05.54:318][  0]LogInit: Selected Device Profile: [Windows]
[2016.09.01-14.05.54:319][  0]LogContentStreaming: Texture pool size is 0.00 MB
[2016.09.01-14.05.54:543][  0]LogMaterial: Missing cached shader map for material Widget3DPassThrough, compiling. 
[2016.09.01-14.05.54:572][  0]LogMaterial: Missing cached shader map for material Widget3DPassThrough, compiling. 
[2016.09.01-14.05.54:593][  0]LogMaterial: Missing cached shader map for material Widget3DPassThrough, compiling. 
[2016.09.01-14.05.54:606][  0]LogMaterial: Missing cached shader map for material Widget3DPassThrough, compiling. 
[2016.09.01-14.05.54:630][  0]LogMaterial: Missing cached shader map for material Widget3DPassThrough, compiling. 
[2016.09.01-14.05.54:659][  0]LogMaterial: Missing cached shader map for material Widget3DPassThrough, compiling. 
[2016.09.01-14.05.54:728][  0]LogMeshUtilities: No automatic mesh reduction module available
[2016.09.01-14.05.54:728][  0]LogMeshUtilities: No automatic mesh merging module available
[2016.09.01-14.05.54:728][  0]LogMeshUtilities: No distributed automatic mesh merging module available
[2016.09.01-14.05.54:791][  0]LogMaterial: Missing cached shader map for material SkySphereMaterial, compiling. 
[2016.09.01-14.05.54:812][  0]LogMaterial: Missing cached shader map for material FloorPlaneMaterial, compiling. 
[2016.09.01-14.05.55:002][  0]LogMaterial: Missing cached shader map for material LandscapeGizmo_Mat, compiling. 
[2016.09.01-14.05.55:035][  0]LogMaterial: Missing cached shader map for material LandscapeGizmoHeight_Mat, compiling. 
[2016.09.01-14.05.55:120][  0]LogMaterial: Missing cached shader map for material SplineEditorMeshMat, compiling. 
[2016.09.01-14.05.55:143][  0]LogMaterial: Missing cached shader map for material MatineeCam_mat, compiling. 
[2016.09.01-14.05.55:189][  0]LogMaterial: Missing cached shader map for material HelpActorMaterial, compiling. 
[2016.09.01-14.05.55:294][  0]LogMaterial: Missing cached shader map for material DefaultTextMaterialOpaque, compiling. 
[2016.09.01-14.05.55:395][  0]LogMaterial: Missing cached shader map for material DefaultMaterial, compiling. 
[2016.09.01-14.05.55:535][  0]LogAssetRegistry: FAssetRegistry took 0.0213 seconds to start up
[2016.09.01-14.05.55:540][  0]LogDirectoryWatcher:Warning: Failed to begin reading directory changes for ../../../../../../Users/Schoollaptop/Desktop/OceanProject-4.12/Plugins/OceanPlugin/Content/. Error: Het systeem kan het opgegeven bestand niet vinden. (0x00000002)
[2016.09.01-14.05.55:581][  0]LogPackageLocalizationCache: Processed 5 localized package path(s) for 1 prioritized culture(s) in 0.040672 seconds
[2016.09.01-14.05.55:592][  0]LogUObjectArray: 28739 objects as part of root set at end of initial load.
[2016.09.01-14.05.55:592][  0]LogUObjectAllocator: 5855632 out of 0 bytes used by permanent object pool.
[2016.09.01-14.05.55:592][  0]LogUObjectArray: CloseDisregardForGC: 0/0 objects in disregard for GC pool
[2016.09.01-14.05.55:609][  0]LogInit: WinSock: version 1.1 (2.2), MaxSocks=32767, MaxUdp=65467
[2016.09.01-14.05.55:740][  0]LogMaterial: Missing cached shader map for material CineMat, compiling. 
[2016.09.01-14.05.55:811][  0]LogMaterial: Missing cached shader map for material M_SimpleOpaque, compiling. 
[2016.09.01-14.05.55:847][  0]LogMaterial: Missing cached shader map for material M_SimpleTranslucent, compiling. 
[2016.09.01-14.05.55:969][  0]LogMaterial: Missing cached shader map for material TransformGizmoMaterial, compiling. 
[2016.09.01-14.05.55:983][  0]LogMaterial: Missing cached shader map for material TranslucentTransformGizmoMaterial, compiling. 
[2016.09.01-14.05.56:026][  0]LogMaterial: Missing cached shader map for material VRTextMaterial, compiling. 
[2016.09.01-14.05.56:047][  0]LogMaterial: Missing cached shader map for material LineMaterial, compiling. 
[2016.09.01-14.05.56:061][  0]LogMaterial: Missing cached shader map for material VRTextMaterial, compiling. 
[2016.09.01-14.05.56:083][  0]LogMaterial: Missing cached shader map for material M_ContentWindow, compiling. 
[2016.09.01-14.05.56:159][  0]LogSlate: SlateFontCache - WITH_FREETYPE: 1, WITH_HARFBUZZ: 1
[2016.09.01-14.05.56:159][  0]LogSlate: SlateFontCache - WITH_FREETYPE: 1, WITH_HARFBUZZ: 1
[2016.09.01-14.05.57:343][  0]LogMaterial: Missing cached shader map for material DefaultSpriteMaterial, compiling. 
[2016.09.01-14.05.57:363][  0]LogMaterial: Missing cached shader map for material DefaultSpriteMaterial, compiling. 
[2016.09.01-14.05.57:411][  0]LogUdpMessaging: Initializing bridge on interface 0.0.0.0:0 to multicast group 230.0.0.1:6666.
[2016.09.01-14.05.57:593][  0]LogMaterial: Missing cached shader map for material BaseColor, compiling. 
[2016.09.01-14.05.57:608][  0]LogMaterial: Missing cached shader map for material CustomDepth, compiling. 
[2016.09.01-14.05.57:633][  0]LogMaterial: Missing cached shader map for material CustomStencil, compiling. 
[2016.09.01-14.05.57:647][  0]LogMaterial: Missing cached shader map for material FinalImage, compiling. 
[2016.09.01-14.05.57:659][  0]LogMaterial: Missing cached shader map for material LightingModel, compiling. 
[2016.09.01-14.05.57:671][  0]LogMaterial: Missing cached shader map for material MaterialAO, compiling. 
[2016.09.01-14.05.57:684][  0]LogMaterial: Missing cached shader map for material Metallic, compiling. 
[2016.09.01-14.05.57:696][  0]LogMaterial: Missing cached shader map for material Opacity, compiling. 
[2016.09.01-14.05.57:710][  0]LogMaterial: Missing cached shader map for material Roughness, compiling. 
[2016.09.01-14.05.57:724][  0]LogMaterial: Missing cached shader map for material SceneColor, compiling. 
[2016.09.01-14.05.57:739][  0]LogMaterial: Missing cached shader map for material SceneDepth, compiling. 
[2016.09.01-14.05.57:751][  0]LogMaterial: Missing cached shader map for material SeparateTranslucencyRGB, compiling. 
[2016.09.01-14.05.57:765][  0]LogMaterial: Missing cached shader map for material SeparateTranslucencyA, compiling. 
[2016.09.01-14.05.57:778][  0]LogMaterial: Missing cached shader map for material Specular, compiling. 
[2016.09.01-14.05.57:791][  0]LogMaterial: Missing cached shader map for material SubsurfaceColor, compiling. 
[2016.09.01-14.05.57:805][  0]LogMaterial: Missing cached shader map for material WorldNormal, compiling. 
[2016.09.01-14.05.57:819][  0]LogMaterial: Missing cached shader map for material AmbientOcclusion, compiling. 
[2016.09.01-14.05.57:838][  0]LogMaterial: Missing cached shader map for material CustomDepthWorldUnits, compiling. 
[2016.09.01-14.05.57:853][  0]LogMaterial: Missing cached shader map for material SceneDepthWorldUnits, compiling. 
[2016.09.01-14.05.57:864][  0]LogMaterial: Missing cached shader map for material HDRColor, compiling. 
[2016.09.01-14.05.57:994][  0]SourceControl: Info Source control is disabled
[2016.09.01-14.05.57:996][  0]SourceControl: Info Source control is disabled
[2016.09.01-14.05.58:015][  0]SourceControl: Info Source control is disabled
[2016.09.01-14.05.58:032][  0]SourceControl: Info Source control is disabled
[2016.09.01-14.05.58:646][  0]LogMaterial: Missing cached shader map for material HighResScreenshot, compiling. 
[2016.09.01-14.05.58:662][  0]LogMaterial: Missing cached shader map for material HighResScreenshotMask, compiling. 
[2016.09.01-14.05.58:682][  0]LogMaterial: Missing cached shader map for material HighResScreenshotCaptureRegion, compiling. 
[2016.09.01-14.05.58:734][  0]LogEngine: Initializing Engine...
[2016.09.01-14.05.58:735][  0]LogHMD: SteamVR failed to initialize.  Err: 110
[2016.09.01-14.05.58:736][  0]LogHMD: SteamVR failed to initialize.  Err: 110
[2016.09.01-14.05.58:743][  0]LogMaterial: Missing cached shader map for material WireframeMaterial, compiling. Is special engine material.
[2016.09.01-14.05.58:968][  0]LogMaterial: Missing cached shader map for material LevelColorationLitMaterial, compiling. Is special engine material.
[2016.09.01-14.05.59:541][  0]LogMaterial: Missing cached shader map for material LevelColorationUnlitMaterial, compiling. Is special engine material.
[2016.09.01-14.05.59:700][  0]LogMaterial: Missing cached shader map for material MAT_LevelColorationLitLightmapUV, compiling. Is special engine material.
[2016.09.01-14.06.00:275][  0]LogMaterial: Missing cached shader map for material ShadedLevelColorationLitMaterial, compiling. Is special engine material.
[2016.09.01-14.06.00:837][  0]LogMaterial: Missing cached shader map for material ShadedLevelColorationUnlitMateri, compiling. Is special engine material.
[2016.09.01-14.06.01:005][  0]LogMaterial: Missing cached shader map for material VertexColorMaterial, compiling. 
[2016.09.01-14.06.01:055][  0]LogMaterial: Missing cached shader map for material VertexColorViewMode_ColorOnly, compiling. 
[2016.09.01-14.06.01:073][  0]LogMaterial: Missing cached shader map for material VertexColorViewMode_AlphaAsColor, compiling. 
[2016.09.01-14.06.01:091][  0]LogMaterial: Missing cached shader map for material VertexColorViewMode_RedOnly, compiling. 
[2016.09.01-14.06.01:108][  0]LogMaterial: Missing cached shader map for material VertexColorViewMode_GreenOnly, compiling. 
[2016.09.01-14.06.01:127][  0]LogMaterial: Missing cached shader map for material VertexColorViewMode_BlueOnly, compiling. 
[2016.09.01-14.06.01:144][  0]LogMaterial: Missing cached shader map for material RemoveSurfaceMaterial, compiling. 
[2016.09.01-14.06.01:156][  0]LogMaterial: Missing cached shader map for material DebugMeshMaterial, compiling. 
[2016.09.01-14.06.01:175][  0]LogMaterial: Missing cached shader map for material M_InvalidLightmapSettings, compiling. 
[2016.09.01-14.06.01:221][  0]LogMaterial: Missing cached shader map for material GizmoMaterial, compiling. 
[2016.09.01-14.06.01:234][  0]LogMaterial: Missing cached shader map for material GeomMaterial, compiling. 
[2016.09.01-14.06.01:248][  0]LogMaterial: Missing cached shader map for material EditorBrushMaterial, compiling. 
[2016.09.01-14.06.01:266][  0]LogMaterial: Missing cached shader map for material BoneWeightMaterial, compiling. 
[2016.09.01-14.06.01:365][  0]LogMaterial: Missing cached shader map for material PreviewShadowIndicatorMaterial, compiling. 
[2016.09.01-14.06.01:388][  0]LogMaterial: Missing cached shader map for material PhAT_JointLimitMaterial, compiling. 
[2016.09.01-14.06.01:425][  0]LogAIModule: Creating AISystem for world NewWorld
[2016.09.01-14.06.01:431][  0]LogInit: XAudio2 using 'Luidsprekers (Realtek High Definition Audio)' : 2 channels at 48 kHz using 32 bits per sample (channel mask 0x3)
[2016.09.01-14.06.01:560][  0]LogInit: FAudioDevice initialized.
[2016.09.01-14.06.01:615][  0]LogDerivedDataCache: Saved boot cache 0.06s 53MB C:/Users/Schoollaptop/AppData/Local/UnrealEngine/4.12/DerivedDataCache/Boot.ddc.
[2016.09.01-14.06.01:630][  0]LogInit: Texture streaming: Enabled
[2016.09.01-14.06.01:675][  0]LogInit: Transaction tracking system initialized
[2016.09.01-14.06.01:724][  0]BlueprintLog: New page: Editor Load
[2016.09.01-14.06.01:895][  0]LocalizationService: Info Localization service is disabled
[2016.09.01-14.06.02:012][  0]LogConsoleResponse:Display: 
[2016.09.01-14.06.02:028][  0]LogMaterial: Missing cached shader map for material Cross_Mat, compiling. 
[2016.09.01-14.06.02:048][  0]LogMaterial: Missing cached shader map for material PhAT_BoneSelectedMaterial, compiling. 
[2016.09.01-14.06.02:063][  0]LogMaterial: Missing cached shader map for material PhAT_ElemSelectedMaterial, compiling. 
[2016.09.01-14.06.02:077][  0]LogMaterial: Missing cached shader map for material PhAT_NoCollisionMaterial, compiling. 
[2016.09.01-14.06.02:091][  0]LogMaterial: Missing cached shader map for material PhAT_UnselectedMaterial, compiling. 
[2016.09.01-14.06.02:109][  0]LogMaterial: Missing cached shader map for material Tick_Mat, compiling. 
[2016.09.01-14.06.02:131][  0]LogMaterial: Missing cached shader map for material WidgetGridVertexColorMaterial_Ma, compiling. 
[2016.09.01-14.06.02:147][  0]LogMaterial: Missing cached shader map for material WidgetMaterial, compiling. 
[2016.09.01-14.06.02:159][  0]LogMaterial: Missing cached shader map for material WidgetMaterial_Current, compiling. 
[2016.09.01-14.06.02:173][  0]LogMaterial: Missing cached shader map for material WidgetMaterial_X, compiling. 
[2016.09.01-14.06.02:186][  0]LogMaterial: Missing cached shader map for material WidgetMaterial_Y, compiling. 
[2016.09.01-14.06.02:197][  0]LogMaterial: Missing cached shader map for material WidgetMaterial_Z, compiling. 
[2016.09.01-14.06.02:210][  0]LogMaterial: Missing cached shader map for material WidgetVertexColorMaterial, compiling. 
[2016.09.01-14.06.02:267][  0]LogMaterial: Missing cached shader map for material LevelGridMaterial, compiling. 
[2016.09.01-14.06.02:308][  0]LogMaterial: Missing cached shader map for material BlinkingCaret, compiling. 
[2016.09.01-14.06.02:340][  0]LogMaterial: Missing cached shader map for material M_StreamingPause, compiling. 
[2016.09.01-14.06.02:370][  0]LogCook:Display: Max memory allowance for cook 8192mb
[2016.09.01-14.06.02:370][  0]LogCook:Display: Mobile HDR setting 1
[2016.09.01-14.06.02:570][  0]LogFileCache: Scanning file cache for directory 'C:/Users/Schoollaptop/Desktop/OceanProject-4.12/Content/' took 0.04s
[2016.09.01-14.06.02:570][  0]SourceControl: Info Source control is disabled
[2016.09.01-14.06.02:570][  0]Cmd: MAP LOAD FILE="../../../../../../Users/Schoollaptop/Desktop/OceanProject-4.12/Content/Maps/dcSkyTestMap.umap" TEMPLATE=0 SHOWPROGRESS=1 FEATURELEVEL=3
[2016.09.01-14.06.02:576][  0]LightingResults: New page: Lighting Build
[2016.09.01-14.06.02:581][  0]MapCheck: New page: Map Check
[2016.09.01-14.06.02:581][  0]LightingResults: New page: Lighting Build
[2016.09.01-14.06.05:475][  0]LogLinker:Warning: Asset '../../../Engine/Plugins/TrueSkyPlugin/Content/trueSkyMacros.uasset' has been saved with empty engine version. The asset will be loaded but may be incompatible.
[2016.09.01-14.06.09:232][  0]LogLinker:Warning: Asset '../../../../../../Users/Schoollaptop/Desktop/OceanProject-4.12/Content/TrueSky/MilkyWay.uasset' has been saved with empty engine version. The asset will be loaded but may be incompatible.
[2016.09.01-14.06.09:233][  0]LogLinker:Warning: Asset '../../../../../../Users/Schoollaptop/Desktop/OceanProject-4.12/Content/TrueSky/Moon.uasset' has been saved with empty engine version. The asset will be loaded but may be incompatible.
[2016.09.01-14.06.09:272][  0]LogBlueprint:Warning: Compiler Warning CreatePinForVariable: 'LightComponent' variable not found. Base class was probably changed.
[2016.09.01-14.06.09:273][  0]LogBlueprint:Warning: Compiler Warning Could not find a variable named "LightComponent" in 'dcSkyTestMap_C'.
Make sure 'dcSkyTestMap_C' has been compiled for  trueSKYSun 
[2016.09.01-14.06.09:276][  0]LogBlueprint:Warning: Compiler Warning [0019.76] Compile of PersistentLevel.dcSkyTestMap successful, but with 2 Warning(s) [in 18 ms] (/Game/Maps/dcSkyTestMap.dcSkyTestMap:PersistentLevel.dcSkyTestMap)
[2016.09.01-14.06.09:277][  0]LogBlueprint:Warning: Compiler Warning [0019.76] Compile of PersistentLevel.dcSkyTestMap successful, but with 3 Warning(s) [in 0 ms] (/Game/Maps/dcSkyTestMap.dcSkyTestMap:PersistentLevel.dcSkyTestMap)
[2016.09.01-14.06.09:277][  0]LogBlueprint:Warning: Compiler Warning [0019.76] Compile of PersistentLevel.dcSkyTestMap successful, but with 4 Warning(s) [in 0 ms] (/Game/Maps/dcSkyTestMap.dcSkyTestMap:PersistentLevel.dcSkyTestMap)
[2016.09.01-14.06.09:292][  0]LogBlueprint:Warning: Compiler Warning CreatePinForVariable: 'LightComponent' variable not found. Base class was probably changed.
[2016.09.01-14.06.09:293][  0]LogBlueprint:Warning: Compiler Warning Could not find a variable named "LightComponent" in 'dcSkyTestMap_C'.
Make sure 'dcSkyTestMap_C' has been compiled for  trueSKYSun 
[2016.09.01-14.06.09:297][  0]LogBlueprint:Warning: Compiler Warning [0019.78] Compile of PersistentLevel.dcSkyTestMap successful, but with 2 Warning(s) [in 17 ms] (/Game/Maps/dcSkyTestMap.dcSkyTestMap:PersistentLevel.dcSkyTestMap)
[2016.09.01-14.06.09:297][  0]LogBlueprint:Warning: Compiler Warning [0019.78] Compile of PersistentLevel.dcSkyTestMap successful, but with 3 Warning(s) [in 0 ms] (/Game/Maps/dcSkyTestMap.dcSkyTestMap:PersistentLevel.dcSkyTestMap)
[2016.09.01-14.06.09:297][  0]LogBlueprint:Warning: Compiler Warning [0019.78] Compile of PersistentLevel.dcSkyTestMap successful, but with 4 Warning(s) [in 0 ms] (/Game/Maps/dcSkyTestMap.dcSkyTestMap:PersistentLevel.dcSkyTestMap)
[2016.09.01-14.06.09:633][  0]LogSkeletalMesh:Warning: Building adjacency information for skeletal mesh '/Game/ShipsAndExamples/ManOfWar/Flag/Flag_01.Flag_01'. Please resave the asset.
[2016.09.01-14.06.09:718][  0]LogSkeletalMesh:Warning: Building adjacency information for skeletal mesh '/Game/ShipsAndExamples/ManOfWar/Meshes/Front_Sails_LOD.Front_Sails_LOD'. Please resave the asset.
[2016.09.01-14.06.09:836][  0]LogSkeletalMesh:Warning: Building adjacency information for skeletal mesh '/Game/ShipsAndExamples/ManOfWar/Meshes/Front_Sails_LOD.Front_Sails_LOD'. Please resave the asset.
[2016.09.01-14.06.09:865][  0]LogSkeletalMesh:Warning: Building adjacency information for skeletal mesh '/Game/ShipsAndExamples/ManOfWar/Meshes/Front_Sails_LOD.Front_Sails_LOD'. Please resave the asset.
[2016.09.01-14.06.10:025][  0]LogSkeletalMesh:Warning: Building adjacency information for skeletal mesh '/Game/ShipsAndExamples/ManOfWar/Meshes/Back_Sails_LOD.Back_Sails_LOD'. Please resave the asset.
[2016.09.01-14.06.10:128][  0]LogSkeletalMesh:Warning: Building adjacency information for skeletal mesh '/Game/ShipsAndExamples/ManOfWar/Meshes/Back_Sails_LOD.Back_Sails_LOD'. Please resave the asset.
[2016.09.01-14.06.10:150][  0]LogSkeletalMesh:Warning: Building adjacency information for skeletal mesh '/Game/ShipsAndExamples/ManOfWar/Meshes/Back_Sails_LOD.Back_Sails_LOD'. Please resave the asset.
[2016.09.01-14.06.11:268][  0]LogMaterial: Missing cached shader map for material M_Ocean_Ultra, compiling. 
[2016.09.01-14.06.11:444][  0]LogMaterial: Missing cached shader map for material M_Ocean_Ultra, compiling. 
[2016.09.01-14.06.11:546][  0]LogMaterial: Missing cached shader map for material M_Ocean_SSR, compiling. 
[2016.09.01-14.06.11:637][  0]LogMaterial: Missing cached shader map for material M_Ocean_SSR, compiling. 
[2016.09.01-14.06.11:715][  0]LogMaterial: Missing cached shader map for material M_Ocean_SSR, compiling. 
[2016.09.01-14.06.11:727][  0]LogMaterial:Warning: Failed to compile Material Instance /Game/Ocean/Materials/M_Ocean_Versions/M_Inst_Ocean_SSR_Foam_Cubemap.M_Inst_Ocean_SSR_Foam_Cubemap with Base M_Ocean_SSR for platform PCD3D_SM5, Default Material will be used in game.
[2016.09.01-14.06.11:727][  0]LogMaterial:Warning: 	(Node TextureSampleParameterCube) TextureSampleParameter> Sampler type is Color, should be Linear Color for /Engine/MapTemplates/Sky/Desert_Outer_HDR.Desert_Outer_HDR
[2016.09.01-14.06.11:734][  0]LogMaterial: Missing cached shader map for material M_Ocean_SSR, compiling. 
[2016.09.01-14.06.11:830][  0]LogMaterial: Missing cached shader map for material M_Ocean, compiling. 
[2016.09.01-14.06.11:914][  0]LogMaterial: Missing cached shader map for material M_Ocean, compiling. 
[2016.09.01-14.06.11:997][  0]LogMaterial: Missing cached shader map for material M_Ocean, compiling. 
[2016.09.01-14.06.12:007][  0]LogMaterial:Warning: Failed to compile Material Instance /Game/Ocean/Materials/M_Ocean_Versions/M_Inst_Ocean_Foam_Cubemap.M_Inst_Ocean_Foam_Cubemap with Base M_Ocean for platform PCD3D_SM5, Default Material will be used in game.
[2016.09.01-14.06.12:007][  0]LogMaterial:Warning: 	(Node TextureSampleParameterCube) TextureSampleParameter> Sampler type is Color, should be Linear Color for /Engine/MapTemplates/Sky/Desert_Outer_HDR.Desert_Outer_HDR
[2016.09.01-14.06.12:015][  0]LogMaterial: Missing cached shader map for material M_Ocean, compiling. 
[2016.09.01-14.06.12:116][  0]LogMaterial: Missing cached shader map for material M_Ocean_Depth, compiling. 
[2016.09.01-14.06.12:154][  0]LogMaterial: Missing cached shader map for material M_Ocean_Depth, compiling. 
[2016.09.01-14.06.12:187][  0]LogMaterial: Missing cached shader map for material M_Ocean_Depth, compiling. 
[2016.09.01-14.06.12:215][  0]LogMaterial: Missing cached shader map for material M_Ocean_Depth, compiling. 
[2016.09.01-14.06.12:267][  0]LogMaterial: Missing cached shader map for material M_Ocean_Old, compiling. 
[2016.09.01-14.06.12:526][  0]LogMaterial: Missing cached shader map for material M_Sprite_OpaqueIce, compiling. 
[2016.09.01-14.06.12:693][  0]LogMaterial: Missing cached shader map for material Snow_SubUV, compiling. 
[2016.09.01-14.06.12:771][  0]LogMaterial: Missing cached shader map for material M_RockPile_MeshEmit_01, compiling. 
[2016.09.01-14.06.12:851][  0]LogMaterial: Missing cached shader map for material M_DirtBlast, compiling. 
[2016.09.01-14.06.12:882][  0]LogMaterial: Missing cached shader map for material FX_simpleSnow, compiling. 
[2016.09.01-14.06.12:995][  0]LogMaterial: Missing cached shader map for material M_WaterSplash, compiling. 
[2016.09.01-14.06.13:069][  0]LogMaterial: Missing cached shader map for material M_Radial_Gradient, compiling. 
[2016.09.01-14.06.13:095][  0]LogMaterial: Missing cached shader map for material M_Fire_SubUV, compiling. 
[2016.09.01-14.06.13:120][  0]LogMaterial: Missing cached shader map for material M_smoke_subUV, compiling. 
[2016.09.01-14.06.13:208][  0]LogMaterial: Missing cached shader map for material M_radial_ramp, compiling. 
[2016.09.01-14.06.13:234][  0]LogMaterial: Missing cached shader map for material m_flare_01, compiling. 
[2016.09.01-14.06.13:261][  0]LogMaterial: Missing cached shader map for material M_explosion_subUV, compiling. 
[2016.09.01-14.06.13:283][  0]LogMaterial: Missing cached shader map for material M_Burst, compiling. 
[2016.09.01-14.06.13:480][  0]LogMaterial: Missing cached shader map for material M_Wake, compiling. 
[2016.09.01-14.06.13:612][  0]LogMaterial: Missing cached shader map for material M_Fishboat, compiling. 
[2016.09.01-14.06.13:686][  0]LogMaterial: Missing cached shader map for material M_Metal_Steel, compiling. 
[2016.09.01-14.06.13:789][  0]LogMaterial: Missing cached shader map for material EmissiveTexturedMaterial, compiling. 
[2016.09.01-14.06.13:843][  0]LogMaterial: Missing cached shader map for material M_Wood_Oak, compiling. 
[2016.09.01-14.06.13:950][  0]LogMaterial: Missing cached shader map for material M_Wood_Floor_Walnut_Worn, compiling. 
[2016.09.01-14.06.14:120][  0]LogMaterial: Missing cached shader map for material M_lightning, compiling. 
[2016.09.01-14.06.14:147][  0]LogTexture:Display: Building textures: ThumbnailTexture (DXT1)
[2016.09.01-14.06.14:288][  0]LogTexture:Display: Building textures: CubemapCapture (RGBA16F)
[2016.09.01-14.06.14:356][  0]LogMaterial: Missing cached shader map for material FX_simpleSnow_mblur, compiling. 
[2016.09.01-14.06.15:541][  0]LogTexture:Display: Building textures: Universe_Map_Rotated_copy (AutoDXT)
[2016.09.01-14.06.30:367][  0]LogMaterial: Missing cached shader map for material M_Sky_Old, compiling. 
[2016.09.01-14.06.30:547][  0]LogTexture:Display: Building textures: T_Clouds_M (AutoDXT)
[2016.09.01-14.06.33:265][  0]LogTexture:Display: Building textures: Clouds03_normal (BC5)
[2016.09.01-14.06.33:662][  0]LogTexture:Display: Building textures: Clouds02_normal (BC5)
[2016.09.01-14.06.33:986][  0]LogMaterial: Missing cached shader map for material M_Clouds, compiling. 
[2016.09.01-14.06.34:082][  0]LogTexture:Display: Building textures: T_Moon2_D (AutoDXT)
[2016.09.01-14.06.36:206][  0]LogTexture:Display: Building textures: Sphere_N (BC5)
[2016.09.01-14.06.36:433][  0]LogMaterial: Missing cached shader map for material M_Sky, compiling. 
[2016.09.01-14.06.36:660][  0]LogTexture:Display: Building textures: UE4Man_Logo_N (BC5)
[2016.09.01-14.06.36:726][  0]LogMaterial: Missing cached shader map for material M_UE4Man_Body, compiling. 
[2016.09.01-14.06.36:837][  0]LogMaterial: Missing cached shader map for material M_UE4Man_Body, compiling. 
[2016.09.01-14.06.37:004][  0]LogStaticMesh: Building static mesh SM_lightning...
[2016.09.01-14.06.37:009][  0]LogMeshUtilities:Warning: Invalid vertex normals found for mesh. Forcing recomputation of vertex normals for MikkTSpace. Fix mesh or disable "Use MikkTSpace Tangent Space" to avoid forced recomputation of normals.
[2016.09.01-14.06.37:024][  0]LogStaticMesh: Built static mesh [0.02s] /Game/Sky/Meshes/SM_lightning.SM_lightning
[2016.09.01-14.06.37:033][  0]LogTexture:Display: Building textures: Sails3 (BGRA8)
[2016.09.01-14.06.37:247][  0]LogTexture:Display: Building textures: Sails2 (BGRA8)
[2016.09.01-14.06.37:261][  0]LogTexture:Display: Building textures: Sails1 (BGRA8)
[2016.09.01-14.06.37:272][  0]LogTexture:Display: Building textures: anchor (BGRA8)
[2016.09.01-14.06.37:341][  0]LogTexture:Display: Building textures: Moon (AutoDXT)
[2016.09.01-14.06.37:939][  0]LogTexture:Display: Building textures: MilkyWay (AutoDXT)
[2016.09.01-14.06.53:401][  0]LogAudioDerivedData:Display: Building compressed audio format OGG wave ocean_waves_medium_perspective...
[2016.09.01-14.07.04:657][  0]LogAudioDerivedData:Display: Building compressed audio format OGG wave 2MinuteStorm...
[2016.09.01-14.07.10:087][  0]LogMaterial: Missing cached shader map for material M_WaterFalls_New, compiling. 
[2016.09.01-14.07.10:259][  0]LogTexture:Display: Building textures: T_ScreenDirt02_w (AutoDXT)
[2016.09.01-14.07.11:016][  0]LogTexture:Display: Building textures: LUT_Daytime (BGRA8)
[2016.09.01-14.07.11:021][  0]LogMaterial: Missing cached shader map for material M_Underwater_PP, compiling. 
[2016.09.01-14.07.11:033][  0]LogMaterial: Missing cached shader map for material M_Underwater_PP, compiling. 
[2016.09.01-14.07.11:049][  0]LogMaterial: Missing cached shader map for material M_Cave_Rope_, compiling. 
[2016.09.01-14.07.11:331][  0]LogTexture:Display: Building textures: T_Wood_Walnut_N (BC5)
[2016.09.01-14.07.12:514][  0]LogMaterial: Missing cached shader map for material M_Wood_Walnut, compiling. 
[2016.09.01-14.07.12:612][  0]LogMaterial: Missing cached shader map for material M_Wood_Oak, compiling. 
[2016.09.01-14.07.12:998][  0]LogTexture:Display: Building textures: Tileable_canvas_cloth_fabric_texture_NORMAL (BC5)
[2016.09.01-14.07.13:324][  0]LogMaterial: Missing cached shader map for material Sails, compiling. 
[2016.09.01-14.07.13:454][  0]LogTexture:Display: Building textures: Flag_Texture01 (DXT1)
[2016.09.01-14.07.13:790][  0]LogMaterial: Missing cached shader map for material FlagMat, compiling. 
[2016.09.01-14.07.14:599][  0]LogAIModule: Creating AISystem for world dcSkyTestMap
[2016.09.01-14.15.26:379][  0]LogEditorServer: Finished looking for orphan Actors (0.007 secs)
[2016.09.01-14.15.26:397][  0]Cmd: MAP CHECKDEP NOCLEARLOG
[2016.09.01-14.15.27:082][  0]MapCheck: Info Map check complete: 0 Error(s), 0 Warning(s), took 682.709ms to complete.
[2016.09.01-14.15.27:082][  0]LogFileHelpers: Loading map 'dcSkyTestMap' took 564.512
[2016.09.01-14.15.27:946][  0]LogCollectionManager: Loaded 0 collections in 0.004169 seconds
[2016.09.01-14.15.28:015][  0]LogFileCache: Scanning file cache for directory 'C:/Users/Schoollaptop/Desktop/OceanProject-4.12/Saved/Collections/' took 0.01s
[2016.09.01-14.15.28:015][  0]LogFileCache: Scanning file cache for directory 'C:/Users/Schoollaptop/Desktop/OceanProject-4.12/Content/Developers/Schoollaptop/Collections/' took 0.01s
[2016.09.01-14.15.28:015][  0]LogFileCache: Scanning file cache for directory 'C:/Users/Schoollaptop/Desktop/OceanProject-4.12/Content/Collections/' took 0.01s
[2016.09.01-14.15.28:015][  0]LogCollectionManager: Rebuilt the GUID cache for 0 collections in 0.000014 seconds
[2016.09.01-14.15.28:058][  0]LogContentBrowser: Native class hierarchy populated in 0.0405 seconds. Added 2065 classes and 380 folders.
[2016.09.01-14.15.28:071][  0]LogStats: UGameplayTagsManager::ConstructGameplayTagTree: Construct from data asset -  0.000 s
[2016.09.01-14.15.28:072][  0]LogStats: UGameplayTagsManager::ConstructGameplayTagTree: GameplayTagTreeChangedEvent.Broadcast -  0.000 s
[2016.09.01-14.15.28:076][  0]LogContentBrowser: Native class hierarchy updated for 'GameplayTags' in 0.0031 seconds. Added 12 classes and 0 folders.
[2016.09.01-14.15.28:092][  0]LogContentBrowser: Native class hierarchy updated for 'WidgetCarousel' in 0.0029 seconds. Added 0 classes and 0 folders.
[2016.09.01-14.15.28:649][  0]LogContentBrowser: Native class hierarchy updated for 'AddContentDialog' in 0.0028 seconds. Added 0 classes and 0 folders.
[2016.09.01-14.15.28:698][  0]LogContentBrowser: Native class hierarchy updated for 'SceneOutliner' in 0.0030 seconds. Added 1 classes and 2 folders.
[2016.09.01-14.15.28:804][  0]LogCrashTracker: Crashtracker disabled due to settings.
[2016.09.01-14.15.28:868][  0]LogWindowsTextInputMethodSystem:Display: IME system now deactivated.
[2016.09.01-14.15.29:450][  0]LogContentBrowser: Native class hierarchy updated for 'HierarchicalLODOutliner' in 0.0031 seconds. Added 1 classes and 2 folders.
[2016.09.01-14.15.29:451][  0]LogLoad: Full Startup: 579.94 seconds (BP compile: 2.02 seconds)
[2016.09.01-14.15.29:451][  0]LogExternalProfiler: Found external profiler: VSPerf
[2016.09.01-14.15.29:452][  0]LogExternalProfiler: Using external profiler: VSPerf
[2016.09.01-14.15.29:468][  0]LogOcInput: OculusInput pre-init called
[2016.09.01-14.15.29:561][  0]LogContentStreaming: Texture pool size now 1000 MB
[2016.09.01-14.15.29:863][  0]LogMaterial: Missing cached shader map for material LevelGridMaterial2, compiling. 
[2016.09.01-14.15.30:023][  0]LogRenderer: Reallocating scene render targets to support 644x280 (Frame:2).
[2016.09.01-14.15.35:714][  0]TrueSky:Display: Simul version 4.1 build 382
[2016.09.01-14.15.35:714][  0]TrueSky:Display: Loaded trueSKY dynamic library ../../../Engine//binaries/thirdparty/simul/Win64/TrueSkyPluginRender_MT.dll.
[2016.09.01-14.15.36:178][  0]LogRenderer: Reallocating scene render targets to support 856x372 (Frame:2).
[2016.09.01-14.15.37:900][  1]Cmd: UpdateLandscapeEditorData -warnings
[2016.09.01-14.15.38:135][  1]LogFileCache: Retrieving MD5 hashes for directory 'C:/Users/Schoollaptop/Desktop/OceanProject-4.12/Content/' took 8.63s
[2016.09.01-14.15.38:842][  9]LogAssetRegistry: Asset discovery search completed in 583.3285 seconds
[2016.09.01-14.15.38:842][  9]LogCollectionManager: Rebuilt the object cache for 0 collections in 0.000001 seconds (found 0 objects)
[2016.09.01-14.15.38:842][  9]LogCollectionManager: Fixed up redirectors for 0 collections in 0.000059 seconds (updated 0 objects)
[2016.09.01-14.20.43:270][190]LogTexture:Display: Building textures: CameraActor_64x (BGRA8)
[2016.09.01-14.20.43:310][190]LogTexture:Display: Building textures: BlueprintInterface_64x (BGRA8)
[2016.09.01-14.20.43:336][190]LogTexture:Display: Building textures: BlueprintMacroLibrary_64x (BGRA8)
[2016.09.01-14.20.43:776][190]LogTexture:Display: Building textures: IOS (BGRA8)
[2016.09.01-14.20.43:809][190]LogTexture:Display: Building textures: android_Icon (BGRA8)
[2016.09.01-14.20.43:828][190]LogTexture:Display: Building textures: Paper2DFlipbook_TutorialIcon (BGRA8)
[2016.09.01-14.21.56:284][ 74]TrueSky:Warning: d:\jarvis\releases\simulversion\4.1\simul\platform\directx11\effect.cpp(206): warning B0001: PlatformStructuredBuffer::OpenReadBuffer waited 134604 times. 
[2016.09.01-14.21.56:284][ 74]TrueSky:Warning: d:\jarvis\releases\simulversion\4.1\simul\platform\directx11\effect.cpp(210): warning B0001: PlatformStructuredBuffer::OpenReadBuffer waited 134604 times. 
[2016.09.01-14.21.57:084][ 79]TrueSky:Warning: d:\jarvis\releases\simulversion\4.1\simul\platform\directx11\effect.cpp(206): warning B0001: PlatformStructuredBuffer::OpenReadBuffer waited 124302 times. 
[2016.09.01-14.21.57:086][ 79]TrueSky:Warning: d:\jarvis\releases\simulversion\4.1\simul\platform\directx11\effect.cpp(210): warning B0001: PlatformStructuredBuffer::OpenReadBuffer waited 124302 times. 
[2016.09.01-14.22.18:405][194]TrueSky:Warning: d:\jarvis\releases\simulversion\4.1\simul\platform\directx11\effect.cpp(206): warning B0001: PlatformStructuredBuffer::OpenReadBuffer waited 922933 times. 
[2016.09.01-14.22.18:406][194]TrueSky:Warning: d:\jarvis\releases\simulversion\4.1\simul\platform\directx11\effect.cpp(210): warning B0001: PlatformStructuredBuffer::OpenReadBuffer waited 922933 times. 
[2016.09.01-14.22.30:493][278]LogSynthBenchmark:Display: FSynthBenchmark (V0.95):  requested WorkScale=1.00
[2016.09.01-14.22.30:493][278]LogSynthBenchmark:Display: ===============
[2016.09.01-14.22.30:493][278]LogSynthBenchmark:Display: Main Processor:
[2016.09.01-14.22.30:561][278]LogSynthBenchmark:Display:          ... 0.036458 s/Run 'RayIntersect'
[2016.09.01-14.22.30:561][278]LogSynthBenchmark:Display:          ... 0.031400 s/Run 'Fractal'
[2016.09.01-14.22.30:561][278]LogSynthBenchmark:Display: 
[2016.09.01-14.22.30:561][278]LogSynthBenchmark:Display:   CompiledTarget_x_Bits: 64
[2016.09.01-14.22.30:561][278]LogSynthBenchmark:Display:   UE_BUILD_SHIPPING: 0
[2016.09.01-14.22.30:561][278]LogSynthBenchmark:Display:   UE_BUILD_TEST: 0
[2016.09.01-14.22.30:561][278]LogSynthBenchmark:Display:   UE_BUILD_DEBUG: 0
[2016.09.01-14.22.30:561][278]LogSynthBenchmark:Display:   TotalPhysicalGBRam: 4
[2016.09.01-14.22.30:561][278]LogSynthBenchmark:Display:   NumberOfCores (physical): 2
[2016.09.01-14.22.30:561][278]LogSynthBenchmark:Display:   NumberOfCores (logical): 4
[2016.09.01-14.22.30:562][278]LogSynthBenchmark:Display:   CPU Perf Index 0: 70.2 (weight 1.00)
[2016.09.01-14.22.30:562][278]LogSynthBenchmark:Display:   CPU Perf Index 1: 91.1 (weight 1.50)
[2016.09.01-14.22.30:562][278]LogSynthBenchmark:Display:  
[2016.09.01-14.22.30:562][278]LogSynthBenchmark:Display: Graphics:
[2016.09.01-14.22.30:562][278]LogSynthBenchmark:Display:   Adapter Name: 'NVIDIA GeForce 820M'
[2016.09.01-14.22.30:562][278]LogSynthBenchmark:Display:   (On Optimus the name might be wrong, memory should be ok)
[2016.09.01-14.22.30:562][278]LogSynthBenchmark:Display:   Vendor Id: 0x10de
[2016.09.01-14.22.30:562][278]LogSynthBenchmark:Display:   Device Id: 0x1140
[2016.09.01-14.22.30:562][278]LogSynthBenchmark:Display:   GPU Memory: 979/0/1990 MB
[2016.09.01-14.22.35:452][278]LogSynthBenchmark:Display:   GPU first test: 0.01s
[2016.09.01-14.22.35:452][278]LogSynthBenchmark:Display:          ... 0.617 GigaPix/s, Confidence=100% 'ALUHeavyNoise' (likely to be very inaccurate)
[2016.09.01-14.22.35:452][278]LogSynthBenchmark:Display:          ... 0.684 GigaPix/s, Confidence=100% 'TexHeavy' (likely to be very inaccurate)
[2016.09.01-14.22.35:452][278]LogSynthBenchmark:Display:          ... 0.488 GigaPix/s, Confidence=100% 'DepTexHeavy' (likely to be very inaccurate)
[2016.09.01-14.22.35:452][278]LogSynthBenchmark:Display:          ... 1.842 GigaPix/s, Confidence=100% 'FillOnly' (likely to be very inaccurate)
[2016.09.01-14.22.35:452][278]LogSynthBenchmark:Display:          ... 0.138 GigaPix/s, Confidence=100% 'Bandwidth' (likely to be very inaccurate)
[2016.09.01-14.22.35:558][278]LogSynthBenchmark:Display:   GPU second test: 0.10s
[2016.09.01-14.22.35:558][278]LogSynthBenchmark:Display:          ... 0.785 GigaPix/s, Confidence=100% 'ALUHeavyNoise' (likely to be inaccurate)
[2016.09.01-14.22.35:558][278]LogSynthBenchmark:Display:          ... 0.900 GigaPix/s, Confidence=100% 'TexHeavy' (likely to be inaccurate)
[2016.09.01-14.22.35:558][278]LogSynthBenchmark:Display:          ... 0.518 GigaPix/s, Confidence=100% 'DepTexHeavy' (likely to be inaccurate)
[2016.09.01-14.22.35:558][278]LogSynthBenchmark:Display:          ... 2.807 GigaPix/s, Confidence=100% 'FillOnly' (likely to be inaccurate)
[2016.09.01-14.22.35:558][278]LogSynthBenchmark:Display:          ... 0.137 GigaPix/s, Confidence=100% 'Bandwidth' (likely to be inaccurate)
[2016.09.01-14.22.36:570][278]LogSynthBenchmark:Display:   GPU third test: 0.98s
[2016.09.01-14.22.36:570][278]LogSynthBenchmark:Display:          ... 0.808 GigaPix/s, Confidence=100% 'ALUHeavyNoise'
[2016.09.01-14.22.36:570][278]LogSynthBenchmark:Display:          ... 0.933 GigaPix/s, Confidence=100% 'TexHeavy'
[2016.09.01-14.22.36:570][278]LogSynthBenchmark:Display:          ... 0.509 GigaPix/s, Confidence=100% 'DepTexHeavy'
[2016.09.01-14.22.36:570][278]LogSynthBenchmark:Display:          ... 3.113 GigaPix/s, Confidence=100% 'FillOnly'
[2016.09.01-14.22.36:570][278]LogSynthBenchmark:Display:          ... 0.138 GigaPix/s, Confidence=89% 'Bandwidth'
[2016.09.01-14.22.36:570][278]LogSynthBenchmark:Display: 
[2016.09.01-14.22.36:570][278]LogSynthBenchmark:Display:   GPU Perf Index 0: 17.6 (weight 1.00)
[2016.09.01-14.22.36:570][278]LogSynthBenchmark:Display:   GPU Perf Index 1: 12.5 (weight 0.10)
[2016.09.01-14.22.36:570][278]LogSynthBenchmark:Display:   GPU Perf Index 2: 13.2 (weight 0.10)
[2016.09.01-14.22.36:570][278]LogSynthBenchmark:Display:   GPU Perf Index 3: 12.2 (weight 3.00)
[2016.09.01-14.22.36:570][278]LogSynthBenchmark:Display:   GPU Perf Index 4: 12.9 (weight 1.00)
[2016.09.01-14.22.36:570][278]LogSynthBenchmark:Display:   CPUIndex: 82.7
[2016.09.01-14.22.36:570][278]LogSynthBenchmark:Display:   GPUIndex: 13.4
[2016.09.01-14.22.36:571][278]LogSynthBenchmark:Display: 
[2016.09.01-14.22.36:571][278]LogSynthBenchmark:Display:          ... Total Time: 6.077570 sec
[2016.09.01-14.22.37:087][279]LogMaterial: Missing cached shader map for material M_Ocean, compiling. 
[2016.09.01-14.22.37:099][279]LogMaterial:Warning: Failed to compile Material Instance /Game/Ocean/Materials/M_Ocean_Versions/M_Inst_Ocean_Foam_Cubemap.M_Inst_Ocean_Foam_Cubemap with Base M_Ocean for platform PCD3D_SM5, Default Material will be used in game.
[2016.09.01-14.22.37:099][279]LogMaterial:Warning: 	(Node TextureSampleParameterCube) TextureSampleParameter> Sampler type is Color, should be Linear Color for /Engine/MapTemplates/Sky/Desert_Outer_HDR.Desert_Outer_HDR
[2016.09.01-14.22.37:112][279]LogMaterial: Missing cached shader map for material M_Ocean_SSR, compiling. 
[2016.09.01-14.22.37:123][279]LogMaterial:Warning: Failed to compile Material Instance /Game/Ocean/Materials/M_Ocean_Versions/M_Inst_Ocean_SSR_Foam_Cubemap.M_Inst_Ocean_SSR_Foam_Cubemap with Base M_Ocean_SSR for platform PCD3D_SM5, Default Material will be used in game.
[2016.09.01-14.22.37:123][279]LogMaterial:Warning: 	(Node TextureSampleParameterCube) TextureSampleParameter> Sampler type is Color, should be Linear Color for /Engine/MapTemplates/Sky/Desert_Outer_HDR.Desert_Outer_HDR
[2016.09.01-14.22.37:194][280]LogRenderer: Reallocating scene render targets to support 856x372 (Frame:4124).
[2016.09.01-14.22.42:597][282]LogContentStreaming: Texture pool size now 200 MB
[2016.09.01-14.26.11:330][880]LogEditorViewport: Clicking on Actor (LMB): BP_Ocean_C (BP_Ocean)
[2016.09.01-14.26.54:110][527]LogContentBrowser: Native class hierarchy updated for 'BlueprintGraph' in 0.0065 seconds. Added 111 classes and 0 folders.
[2016.09.01-14.26.55:845][527]LogMaterial: Missing cached shader map for material GridMaterial, compiling. 
[2016.09.01-14.26.55:955][527]LogTexture:Display: Building textures: TilePatine_N (BC5)
[2016.09.01-14.26.56:065][527]LogTexture:Display: Building textures: TilePatine_D (AutoDXT)
[2016.09.01-14.26.56:723][527]LogMaterial: Missing cached shader map for material PersonaFloorMat, compiling. 
[2016.09.01-14.27.05:860][807]LogRenderer: Reallocating scene render targets to support 856x588 (Frame:4149).
[2016.09.01-14.27.24:485][ 70]BlueprintLog: New page: Compile BP_Boat
[2016.09.01-14.27.24:740][ 70]LogBlueprint:Error: Compiler Error This blueprint (self) is not a SpringArmComponent, therefore ' Target ' must have a connection.
[2016.09.01-14.27.24:740][ 70]LogBlueprint:Error: Compiler Error This blueprint (self) is not a SceneComponent, therefore ' Target ' must have a connection.
[2016.09.01-14.27.24:740][ 70]LogBlueprint:Error: Compiler Error This blueprint (self) is not a SpringArmComponent, therefore ' Target ' must have a connection.
[2016.09.01-14.27.24:740][ 70]LogBlueprint:Error: Compiler Error This blueprint (self) is not a SpringArmComponent, therefore ' Target ' must have a connection.
[2016.09.01-14.27.24:742][ 70]LogBlueprint:Error: Compiler Error Variable node  CameraZoom  uses an invalid target.  It may depend on a node that is not connected to the execution chain, and got purged.
[2016.09.01-14.27.24:743][ 70]LogBlueprint:Error: Compiler Error Variable node  CameraZoom  uses an invalid target.  It may depend on a node that is not connected to the execution chain, and got purged.
[2016.09.01-14.27.24:745][ 70]LogBlueprint:Error: Compiler Error Variable node  Set TargetArmLength  uses an invalid target.  It may depend on a node that is not connected to the execution chain, and got purged.
[2016.09.01-14.27.26:432][ 70]LogTexture:Display: Building textures: BadBlueprintSprite (BGRA8)
[2016.09.01-14.27.27:722][ 70]LogBlueprint:Warning: Compiler Warning [1298.21] Compile of BP_Boat failed. 7 Fatal Issue(s) 0 Warning(s) [in 3,237 ms] (/Game/ShipsAndExamples/BP_Boat.BP_Boat)
[2016.09.01-14.27.27:723][ 70]BlueprintEditorCompileResults:Error: Error This blueprint (self) is not a SpringArmComponent, therefore ' Target ' must have a connection.
[2016.09.01-14.27.27:723][ 70]BlueprintEditorCompileResults:Error: Error This blueprint (self) is not a SceneComponent, therefore ' Target ' must have a connection.
[2016.09.01-14.27.27:723][ 70]BlueprintEditorCompileResults:Error: Error This blueprint (self) is not a SpringArmComponent, therefore ' Target ' must have a connection.
[2016.09.01-14.27.27:723][ 70]BlueprintEditorCompileResults:Error: Error This blueprint (self) is not a SpringArmComponent, therefore ' Target ' must have a connection.
[2016.09.01-14.27.27:723][ 70]BlueprintEditorCompileResults:Error: Error Variable node  CameraZoom  uses an invalid target.  It may depend on a node that is not connected to the execution chain, and got purged.
[2016.09.01-14.27.27:723][ 70]BlueprintEditorCompileResults:Error: Error Variable node  CameraZoom  uses an invalid target.  It may depend on a node that is not connected to the execution chain, and got purged.
[2016.09.01-14.27.27:723][ 70]BlueprintEditorCompileResults:Error: Error Variable node  Set TargetArmLength  uses an invalid target.  It may depend on a node that is not connected to the execution chain, and got purged.
[2016.09.01-14.27.27:723][ 70]BlueprintEditorCompileResults:Warning: Warning [1298.21] Compile of BP_Boat failed. 7 Fatal Issue(s) 0 Warning(s) [in 3,237 ms] (/Game/ShipsAndExamples/BP_Boat.BP_Boat)
[2016.09.01-14.27.49:340][902]BlueprintLog: New page: Compile BP_Boat
[2016.09.01-14.27.49:587][902]LogBlueprint:Error: Compiler Error This blueprint (self) is not a SpringArmComponent, therefore ' Target ' must have a connection.
[2016.09.01-14.27.49:587][902]LogBlueprint:Error: Compiler Error This blueprint (self) is not a SpringArmComponent, therefore ' Target ' must have a connection.
[2016.09.01-14.27.49:589][902]LogBlueprint:Error: Compiler Error Variable node  CameraZoom  uses an invalid target.  It may depend on a node that is not connected to the execution chain, and got purged.
[2016.09.01-14.27.49:589][902]LogBlueprint:Error: Compiler Error Variable node  CameraZoom  uses an invalid target.  It may depend on a node that is not connected to the execution chain, and got purged.
[2016.09.01-14.27.50:270][902]LogBlueprint:Warning: Compiler Warning [1320.76] Compile of BP_Boat failed. 4 Fatal Issue(s) 0 Warning(s) [in 929 ms] (/Game/ShipsAndExamples/BP_Boat.BP_Boat)
[2016.09.01-14.27.50:270][902]BlueprintEditorCompileResults:Error: Error This blueprint (self) is not a SpringArmComponent, therefore ' Target ' must have a connection.
[2016.09.01-14.27.50:270][902]BlueprintEditorCompileResults:Error: Error This blueprint (self) is not a SpringArmComponent, therefore ' Target ' must have a connection.
[2016.09.01-14.27.50:271][902]BlueprintEditorCompileResults:Error: Error Variable node  CameraZoom  uses an invalid target.  It may depend on a node that is not connected to the execution chain, and got purged.
[2016.09.01-14.27.50:271][902]BlueprintEditorCompileResults:Error: Error Variable node  CameraZoom  uses an invalid target.  It may depend on a node that is not connected to the execution chain, and got purged.
[2016.09.01-14.27.50:271][902]BlueprintEditorCompileResults:Warning: Warning [1320.76] Compile of BP_Boat failed. 4 Fatal Issue(s) 0 Warning(s) [in 929 ms] (/Game/ShipsAndExamples/BP_Boat.BP_Boat)
[2016.09.01-14.28.06:781][176]BlueprintLog: New page: Compile BP_Boat
[2016.09.01-14.28.07:453][176]BlueprintEditorCompileResults: Info [1337.94] Compile of BP_Boat successful! [in 671 ms] (/Game/ShipsAndExamples/BP_Boat.BP_Boat)
[2016.09.01-14.28.19:665][710]Cmd: OBJ SAVEPACKAGE PACKAGE="/Game/ShipsAndExamples/BP_Boat" FILE="../../../../../../Users/Schoollaptop/Desktop/OceanProject-4.12/Content/ShipsAndExamples/BP_Boat.uasset" SILENT=true
[2016.09.01-14.28.20:130][710]LogSavePackage: Save=438.81ms
[2016.09.01-14.28.20:130][710]LogSavePackage: Moving '../../../../../../Users/Schoollaptop/Desktop/OceanProject-4.12/Saved/BP_Boat415A9DD648801A583970358110F540DE.tmp' to '../../../../../../Users/Schoollaptop/Desktop/OceanProject-4.12/Content/ShipsAndExamples/BP_Boat.uasset'
[2016.09.01-14.28.20:143][710]LogSavePackage:Display: Finished SavePackage ../../../../../../Users/Schoollaptop/Desktop/OceanProject-4.12/Content/ShipsAndExamples/BP_Boat.uasset
[2016.09.01-14.28.30:954][ 11]BlueprintLog: New page: Compile BP_Boat
[2016.09.01-14.28.32:331][ 11]BlueprintEditorCompileResults: Info [1362.82] Compile of BP_Boat successful! [in 1,376 ms] (/Game/ShipsAndExamples/BP_Boat.BP_Boat)
[2016.09.01-14.28.33:100][ 20]Cmd: OBJ SAVEPACKAGE PACKAGE="/Game/ShipsAndExamples/BP_Boat" FILE="../../../../../../Users/Schoollaptop/Desktop/OceanProject-4.12/Content/ShipsAndExamples/BP_Boat.uasset" SILENT=true
[2016.09.01-14.28.33:519][ 20]LogSavePackage: Save=404.45ms
[2016.09.01-14.28.33:519][ 20]LogSavePackage: Moving '../../../../../../Users/Schoollaptop/Desktop/OceanProject-4.12/Saved/BP_Boat819E833449EB18B57CBCD2980AA1F8D0.tmp' to '../../../../../../Users/Schoollaptop/Desktop/OceanProject-4.12/Content/ShipsAndExamples/BP_Boat.uasset'
[2016.09.01-14.28.33:523][ 20]LogSavePackage:Display: Finished SavePackage ../../../../../../Users/Schoollaptop/Desktop/OceanProject-4.12/Content/ShipsAndExamples/BP_Boat.uasset
[2016.09.01-14.41.08:121][176]LogD3D11RHI: Timed out while waiting for GPU to catch up. (0.5 s)
[2016.09.01-14.41.12:918][223]LogD3D11RHI: Timed out while waiting for GPU to catch up. (0.5 s)
[2016.09.01-14.43.12:174][654]TrueSky:Display: Project directory: C:\Program Files (x86)\Epic Games\4.12\Engine\Binaries\Win64 
[2016.09.01-14.43.12:187][654]TrueSky:Display:  QTDIR  
[2016.09.01-14.43.12:306][654]TrueSky:Warning: Main.cpp(488): warning B0001: WARNING: errno!=0: Invalid argument 
[2016.09.01-14.43.12:318][654]TrueSky:Display: Loaded Library C:\Program Files (x86)\Epic Games\4.12\Engine\Binaries\ThirdParty\Simul\Win64\Qt5Gui.dll 
[2016.09.01-14.43.12:319][654]TrueSky:Display: Loaded Library C:\Program Files (x86)\Epic Games\4.12\Engine\Binaries\ThirdParty\Simul\Win64\SimulClouds_MD.dll 
[2016.09.01-14.43.12:320][654]TrueSky:Warning: d:\jarvis\releases\simulversion\4.1\simul\clouds\environment.cpp(69): warning B0001: WARNING: errno!=0: Invalid argument 
[2016.09.01-14.43.12:365][654]TrueSky:Display: Loaded Library C:\Program Files (x86)\Epic Games\4.12\Engine\Binaries\ThirdParty\Simul\Win64\SequencerQtWidgets_MD.dll 
[2016.09.01-14.43.15:986][654]TrueSky:Display: File exists :/translations/translations/qt_ja.qm 
[2016.09.01-14.43.15:986][654]TrueSky:Display: No file /qt_en.qm 
[2016.09.01-14.43.15:986][654]TrueSky:Display: Failed to load qt_en 
[2016.09.01-14.43.15:986][654]TrueSky:Display: Failed to install qtTranslator 
[2016.09.01-14.43.15:986][654]TrueSky:Display: Failed to load SequencerQtWidgets_en.qm 
[2016.09.01-14.43.15:986][654]TrueSky:Display: Failed to install sequencerQtWidgetsTranslator 
[2016.09.01-14.43.15:987][654]TrueSky:Display: Failed to load SkySequencer_en 
[2016.09.01-14.43.15:987][654]TrueSky:Display: Failed to install sequencerTranslator 
[2016.09.01-14.43.16:035][654]TrueSky:Display: Loaded Library C:\Program Files (x86)\Epic Games\4.12\Engine\Binaries\ThirdParty\Simul\Win64\SimulCrossPlatform_MD.dll 
[2016.09.01-14.43.31:619][240]TrueSky:Display: Loaded Library C:\Program Files (x86)\Epic Games\4.12\Engine\Binaries\ThirdParty\Simul\Win64\SimulSky_MD.dll 
[2016.09.01-14.59.41:403][587]Cmd: OBJ SAVEPACKAGE PACKAGE="/Game/Maps/dcSkyTestMap" FILE="../../../../../../Users/Schoollaptop/Desktop/OceanProject-4.12/Content/Maps/dcSkyTestMap.umap" SILENT=true AUTOSAVING=false KEEPDIRTY=false
[2016.09.01-14.59.42:075][587]LogBlueprint:Warning: Compiler Warning CreatePinForVariable: 'LightComponent' variable not found. Base class was probably changed.
[2016.09.01-14.59.42:077][587]LogBlueprint:Warning: Compiler Warning Could not find a variable named "LightComponent" in 'dcSkyTestMap_C'.
Make sure 'dcSkyTestMap_C' has been compiled for  trueSKYSun 
[2016.09.01-14.59.42:087][587]LogBlueprint:Warning: Compiler Warning [3232.57] Compile of PersistentLevel.dcSkyTestMap successful, but with 2 Warning(s) [in 99 ms] (/Game/Maps/dcSkyTestMap.dcSkyTestMap:PersistentLevel.dcSkyTestMap)
[2016.09.01-14.59.42:091][587]LogBlueprint:Warning: Compiler Warning [3232.58] Compile of PersistentLevel.dcSkyTestMap successful, but with 3 Warning(s) [in 0 ms] (/Game/Maps/dcSkyTestMap.dcSkyTestMap:PersistentLevel.dcSkyTestMap)
[2016.09.01-14.59.42:092][587]LogBlueprint:Warning: Compiler Warning [3232.58] Compile of PersistentLevel.dcSkyTestMap successful, but with 4 Warning(s) [in 0 ms] (/Game/Maps/dcSkyTestMap.dcSkyTestMap:PersistentLevel.dcSkyTestMap)
[2016.09.01-14.59.42:375][587]LogBlueprint:Warning: Compiler Warning [3232.86] Compile of PersistentLevel.dcSkyTestMap successful, but with 5 Warning(s) [in 283 ms] (/Game/Maps/dcSkyTestMap.dcSkyTestMap:PersistentLevel.dcSkyTestMap)
[2016.09.01-14.59.42:384][587]LogBlueprint:Warning: Compiler Warning [3232.87] Compile of PersistentLevel.dcSkyTestMap successful, but with 6 Warning(s) [in 8 ms] (/Game/Maps/dcSkyTestMap.dcSkyTestMap:PersistentLevel.dcSkyTestMap)
[2016.09.01-14.59.42:384][587]LogBlueprint:Warning: Compiler Warning [3232.87] Compile of PersistentLevel.dcSkyTestMap successful, but with 7 Warning(s) [in 0 ms] (/Game/Maps/dcSkyTestMap.dcSkyTestMap:PersistentLevel.dcSkyTestMap)
[2016.09.01-14.59.55:760][587]LogSavePackage: Save=13822.84ms
[2016.09.01-14.59.55:760][587]LogSavePackage: Moving '../../../../../../Users/Schoollaptop/Desktop/OceanProject-4.12/Saved/dcSkyTestMap44503D9F445B51527917EB9DFAF3EC04.tmp' to '../../../../../../Users/Schoollaptop/Desktop/OceanProject-4.12/Content/Maps/dcSkyTestMap.umap'
[2016.09.01-14.59.55:786][587]LogSavePackage:Display: Finished SavePackage ../../../../../../Users/Schoollaptop/Desktop/OceanProject-4.12/Content/Maps/dcSkyTestMap.umap
[2016.09.01-14.59.55:865][587]LogFileHelpers: Saving map 'dcSkyTestMap' took 15.019
[2016.09.01-14.59.55:882][587]Cmd: OBJ SAVEPACKAGE PACKAGE="/Game/NewTrueSkySequenceAsset" FILE="../../../../../../Users/Schoollaptop/Desktop/OceanProject-4.12/Content/NewTrueSkySequenceAsset.uasset" SILENT=true
[2016.09.01-14.59.55:938][587]LogSavePackage: Save=44.90ms
[2016.09.01-14.59.55:938][587]LogSavePackage: Moving '../../../../../../Users/Schoollaptop/Desktop/OceanProject-4.12/Saved/NewTrueSkySequenceAssetEE4771BF41C93E2F685F77B3D6FDAA51.tmp' to '../../../../../../Users/Schoollaptop/Desktop/OceanProject-4.12/Content/NewTrueSkySequenceAsset.uasset'
[2016.09.01-14.59.55:941][587]LogSavePackage:Display: Finished SavePackage ../../../../../../Users/Schoollaptop/Desktop/OceanProject-4.12/Content/NewTrueSkySequenceAsset.uasset
[2016.09.01-14.59.56:015][587]LogSavePackage: Save=48.79ms
[2016.09.01-14.59.56:015][587]LogSavePackage: Moving '../../../../../../Users/Schoollaptop/Desktop/OceanProject-4.12/Saved/CustomMacros1940A27E4D165779D715578655071E5E.tmp' to '../../../../../../Users/Schoollaptop/Desktop/OceanProject-4.12/Content/ShipsAndExamples/CustomThirdPerson/Blueprints/CustomMacros.uasset'
[2016.09.01-14.59.56:018][587]LogSavePackage:Display: Finished SavePackage ../../../../../../Users/Schoollaptop/Desktop/OceanProject-4.12/Content/ShipsAndExamples/CustomThirdPerson/Blueprints/CustomMacros.uasset
[2016.09.01-14.59.56:535][587]LogActorComponent: UnregisterComponent: (/Engine/Transient.EditorFloorComp) Not registered. Aborting.
[2016.09.01-14.59.56:733][587]LogWindowsTextInputMethodSystem:Display: IME system now deactivated.
[2016.09.01-14.59.57:191][588]Cmd: QUIT_EDITOR
[2016.09.01-14.59.57:401][588]LogExit: Preparing to exit.
[2016.09.01-14.59.59:145][588]LogExit: Editor shut down
[2016.09.01-14.59.59:148][588]LogExit: Transaction tracking system shut down
[2016.09.01-15.00.02:734][588]LogObj: Freed 0b from 0 cluster array pools.
[2016.09.01-15.00.02:736][588]LogExit: Object subsystem successfully closed.
[2016.09.01-15.00.03:611][588]LogD3D11RHI: Shutdown
[2016.09.01-15.00.03:611][588]LogD3D11RHI: CleanupD3DDevice
[2016.09.01-15.00.03:626][588]LogD3D11RHI: ~FD3D11DynamicRHI
[2016.09.01-15.00.04:160][588]LogModuleManager: Shutting down and abandoning module BlueprintGraph (219)
[2016.09.01-15.00.04:160][588]LogModuleManager: Shutting down and abandoning module SynthBenchmark (218)
[2016.09.01-15.00.04:160][588]LogModuleManager: Shutting down and abandoning module HierarchicalLODOutliner (217)
[2016.09.01-15.00.04:161][588]LogModuleManager: Shutting down and abandoning module CrashTracker (216)
[2016.09.01-15.00.04:161][588]LogModuleManager: Shutting down and abandoning module SceneOutliner (215)
[2016.09.01-15.00.04:162][588]LogModuleManager: Shutting down and abandoning module WidgetCarousel (214)
[2016.09.01-15.00.04:162][588]LogModuleManager: Shutting down and abandoning module AddContentDialog (213)
[2016.09.01-15.00.04:197][588]LogModuleManager: Shutting down and abandoning module GameplayTags (212)
[2016.09.01-15.00.04:197][588]LogModuleManager: Shutting down and abandoning module EditorWidgets (211)
[2016.09.01-15.00.04:197][588]LogModuleManager: Shutting down and abandoning module CollectionManager (210)
[2016.09.01-15.00.04:198][588]LogModuleManager: Shutting down and abandoning module StatsViewer (209)
[2016.09.01-15.00.04:199][588]LogModuleManager: Shutting down and abandoning module FoliageEdit (208)
[2016.09.01-15.00.04:199][588]LogModuleManager: Shutting down and abandoning module LandscapeEditor (207)
[2016.09.01-15.00.04:203][588]LogModuleManager: Shutting down and abandoning module SceneDepthPickerMode (206)
[2016.09.01-15.00.04:203][588]LogModuleManager: Shutting down and abandoning module ActorPickerMode (205)
[2016.09.01-15.00.04:203][588]LogModuleManager: Shutting down and abandoning module GeometryMode (204)
[2016.09.01-15.00.04:203][588]LogModuleManager: Shutting down and abandoning module TextureAlignMode (203)
[2016.09.01-15.00.04:203][588]LogModuleManager: Shutting down and abandoning module BspMode (202)
[2016.09.01-15.00.04:204][588]LogModuleManager: Shutting down and abandoning module HardwareSurvey (201)
[2016.09.01-15.00.04:204][588]LogModuleManager: Shutting down and abandoning module SequenceRecorderSections (200)
[2016.09.01-15.00.04:204][588]LogModuleManager: Shutting down and abandoning module SequenceRecorder (199)
[2016.09.01-15.00.04:207][588]LogModuleManager: Shutting down and abandoning module AutomationWorker (198)
[2016.09.01-15.00.04:208][588]LogModuleManager: Shutting down and abandoning module MatineeToLevelSequence (197)
[2016.09.01-15.00.04:209][588]LogModuleManager: Shutting down and abandoning module PlacementMode (196)
[2016.09.01-15.00.04:211][588]LogModuleManager: Shutting down and abandoning module LevelSequenceEditor (195)
[2016.09.01-15.00.04:215][588]LogModuleManager: Shutting down and abandoning module CharacterAI (194)
[2016.09.01-15.00.04:215][588]LogModuleManager: Shutting down and abandoning module SmartSnapping (193)
[2016.09.01-15.00.04:215][588]LogModuleManager: Shutting down and abandoning module SessionServices (192)
[2016.09.01-15.00.04:215][588]LogModuleManager: Shutting down and abandoning module ViewportSnapping (191)
[2016.09.01-15.00.04:215][588]LogModuleManager: Shutting down and abandoning module LogVisualizer (190)
[2016.09.01-15.00.04:224][588]LogModuleManager: Shutting down and abandoning module GameProjectGeneration (189)
[2016.09.01-15.00.04:227][588]LogModuleManager: Shutting down and abandoning module IntroTutorials (188)
[2016.09.01-15.00.04:228][588]LogModuleManager: Shutting down and abandoning module EditorLiveStreaming (187)
[2016.09.01-15.00.04:228][588]LogModuleManager: Shutting down and abandoning module IOSPlatformEditor (186)
[2016.09.01-15.00.04:229][588]LogModuleManager: Shutting down and abandoning module HTML5PlatformEditor (185)
[2016.09.01-15.00.04:229][588]LogModuleManager: Shutting down and abandoning module AndroidDeviceDetection (184)
[2016.09.01-15.00.04:960][588]LogModuleManager: Shutting down and abandoning module AndroidPlatformEditor (183)
[2016.09.01-15.00.04:964][588]LogModuleManager: Shutting down and abandoning module IOSRuntimeSettings (182)
[2016.09.01-15.00.04:964][588]LogModuleManager: Shutting down and abandoning module AndroidRuntimeSettings (181)
[2016.09.01-15.00.04:964][588]LogModuleManager: Shutting down and abandoning module MergeActors (180)
[2016.09.01-15.00.04:969][588]LogModuleManager: Shutting down and abandoning module SizeMap (179)
[2016.09.01-15.00.04:971][588]LogModuleManager: Shutting down and abandoning module TreeMap (178)
[2016.09.01-15.00.04:973][588]LogModuleManager: Shutting down and abandoning module ReferenceViewer (177)
[2016.09.01-15.00.04:975][588]LogModuleManager: Shutting down and abandoning module LocalizationService (176)
[2016.09.01-15.00.04:978][588]LogModuleManager: Shutting down and abandoning module LocalizationDashboard (175)
[2016.09.01-15.00.04:983][588]LogModuleManager: Shutting down and abandoning module HardwareTargeting (174)
[2016.09.01-15.00.04:983][588]LogModuleManager: Shutting down and abandoning module DeviceProfileEditor (173)
[2016.09.01-15.00.04:986][588]LogModuleManager: Shutting down and abandoning module UndoHistory (172)
[2016.09.01-15.00.04:987][588]LogModuleManager: Shutting down and abandoning module UserFeedback (171)
[2016.09.01-15.00.04:987][588]LogModuleManager: Shutting down and abandoning module XmlParser (170)
[2016.09.01-15.00.04:988][588]LogModuleManager: Shutting down and abandoning module Blutility (169)
[2016.09.01-15.00.04:989][588]LogModuleManager: Shutting down and abandoning module ProjectTargetPlatformEditor (168)
[2016.09.01-15.00.04:998][588]LogModuleManager: Shutting down and abandoning module ProjectSettingsViewer (167)
[2016.09.01-15.00.04:999][588]LogModuleManager: Shutting down and abandoning module InputBindingEditor (166)
[2016.09.01-15.00.05:002][588]LogModuleManager: Shutting down and abandoning module EditorSettingsViewer (165)
[2016.09.01-15.00.05:003][588]LogModuleManager: Shutting down and abandoning module SettingsEditor (164)
[2016.09.01-15.00.05:004][588]LogModuleManager: Shutting down and abandoning module ProjectLauncher (163)
[2016.09.01-15.00.05:005][588]LogModuleManager: Shutting down and abandoning module SessionFrontend (162)
[2016.09.01-15.00.05:007][588]LogModuleManager: Shutting down and abandoning module ProfilerClient (161)
[2016.09.01-15.00.05:008][588]LogModuleManager: Shutting down and abandoning module TargetDeviceServices (160)
[2016.09.01-15.00.05:009][588]LogModuleManager: Shutting down and abandoning module DeviceManager (159)
[2016.09.01-15.00.05:043][588]LogModuleManager: Shutting down and abandoning module AutomationController (158)
[2016.09.01-15.00.05:045][588]LogModuleManager: Shutting down and abandoning module AutomationWindow (157)
[2016.09.01-15.00.05:046][588]LogModuleManager: Shutting down and abandoning module Layers (156)
[2016.09.01-15.00.05:047][588]LogModuleManager: Shutting down and abandoning module ComponentVisualizers (155)
[2016.09.01-15.00.05:048][588]LogModuleManager: Shutting down and abandoning module DetailCustomizations (154)
[2016.09.01-15.00.05:050][588]LogModuleManager: Shutting down and abandoning module PackagesDialog (153)
[2016.09.01-15.00.05:050][588]LogModuleManager: Shutting down and abandoning module Persona (152)
[2016.09.01-15.00.05:053][588]LogModuleManager: Shutting down and abandoning module Kismet (151)
[2016.09.01-15.00.05:053][588]LogModuleManager: Shutting down and abandoning module GraphEditor (150)
[2016.09.01-15.00.05:053][588]LogModuleManager: Shutting down and abandoning module ClassViewer (149)
[2016.09.01-15.00.05:055][588]LogModuleManager: Shutting down and abandoning module Toolbox (148)
[2016.09.01-15.00.05:055][588]LogModuleManager: Shutting down and abandoning module ModuleUI (147)
[2016.09.01-15.00.05:056][588]LogModuleManager: Shutting down and abandoning module MovieSceneTools (146)
[2016.09.01-15.00.05:060][588]LogModuleManager: Shutting down and abandoning module OutputLog (145)
[2016.09.01-15.00.05:060][588]LogModuleManager: Shutting down and abandoning module GammaUI (144)
[2016.09.01-15.00.05:061][588]LogModuleManager: Shutting down and abandoning module Documentation (143)
[2016.09.01-15.00.05:061][588]LogModuleManager: Shutting down and abandoning module StreamingPauseRendering (142)
[2016.09.01-15.00.05:061][588]LogModuleManager: Shutting down and abandoning module AnalyticsET (141)
[2016.09.01-15.00.05:061][588]LogModuleManager: Shutting down and abandoning module Analytics (140)
[2016.09.01-15.00.05:061][588]LogModuleManager: Shutting down and abandoning module PortalServices (139)
[2016.09.01-15.00.05:061][588]LogModuleManager: Shutting down and abandoning module PortalRpc (138)
[2016.09.01-15.00.05:061][588]LogModuleManager: Shutting down and abandoning module MessagingRpc (137)
[2016.09.01-15.00.05:061][588]LogModuleManager: Shutting down and abandoning module GameplayDebugger (136)
[2016.09.01-15.00.05:062][588]LogModuleManager: Shutting down and abandoning module AITestSuite (135)
[2016.09.01-15.00.05:063][588]LogModuleManager: Shutting down and abandoning module AIModule (134)
[2016.09.01-15.00.05:063][588]LogModuleManager: Shutting down and abandoning module ProfilerService (133)
[2016.09.01-15.00.05:203][588]LogModuleManager: Shutting down and abandoning module TaskGraph (132)
[2016.09.01-15.00.05:204][588]LogModuleManager: Shutting down and abandoning module OceanPlugin (131)
[2016.09.01-15.00.05:204][588]LogModuleManager: Shutting down and abandoning module TrueSkyEditorPlugin (130)
[2016.09.01-15.00.05:205][588]LogModuleManager: Shutting down and abandoning module SlateRemote (129)
[2016.09.01-15.00.05:205][588]LogModuleManager: Shutting down and abandoning module SteamVRController (128)
[2016.09.01-15.00.05:205][588]LogModuleManager: Shutting down and abandoning module SteamVR (127)
[2016.09.01-15.00.05:205][588]LogModuleManager: Shutting down and abandoning module ProceduralMeshComponent (126)
[2016.09.01-15.00.05:205][588]LogModuleManager: Shutting down and abandoning module OculusLibrary (125)
[2016.09.01-15.00.05:206][588]LogModuleManager: Shutting down and abandoning module OculusInput (124)
[2016.09.01-15.00.05:206][588]LogModuleManager: Shutting down and abandoning module CustomMeshComponent (123)
[2016.09.01-15.00.05:206][588]LogModuleManager: Shutting down and abandoning module CableComponent (122)
[2016.09.01-15.00.05:206][588]LogModuleManager: Shutting down and abandoning module ArchVisCharacter (121)
[2016.09.01-15.00.05:206][588]LogModuleManager: Shutting down and abandoning module MediaPlayerEditor (120)
[2016.09.01-15.00.05:208][588]LogModuleManager: Shutting down and abandoning module HTML5Networking (119)
[2016.09.01-15.00.05:208][588]LogModuleManager: Shutting down and abandoning module SuperSearch (118)
[2016.09.01-15.00.05:208][588]LogModuleManager: Shutting down and abandoning module SuperSearchEditor (117)
[2016.09.01-15.00.05:208][588]LogModuleManager: Shutting down and abandoning module SpeedTreeImporter (116)
[2016.09.01-15.00.05:209][588]LogModuleManager: Shutting down and abandoning module PluginBrowser (115)
[2016.09.01-15.00.05:211][588]LogModuleManager: Shutting down and abandoning module EpicSurvey (114)
[2016.09.01-15.00.05:213][588]LogModuleManager: Shutting down and abandoning module DesktopPlatform (113)
[2016.09.01-15.00.05:213][588]LogModuleManager: Shutting down and abandoning module VisualStudioSourceCodeAccess (112)
[2016.09.01-15.00.05:214][588]LogModuleManager: Shutting down and abandoning module UObjectPlugin (111)
[2016.09.01-15.00.05:214][588]LogModuleManager: Shutting down and abandoning module SubversionSourceControl (110)
[2016.09.01-15.00.05:215][588]LogModuleManager: Shutting down and abandoning module PerforceSourceControl (109)
[2016.09.01-15.00.05:217][588]LogModuleManager: Shutting down and abandoning module SourceControl (108)
[2016.09.01-15.00.05:218][588]LogModuleManager: Shutting down and abandoning module GitSourceControl (107)
[2016.09.01-15.00.05:219][588]LogModuleManager: Shutting down and abandoning module LightPropagationVolumeEditor (106)
[2016.09.01-15.00.05:219][588]LogModuleManager: Shutting down and abandoning module PaperTiledImporter (105)
[2016.09.01-15.00.05:219][588]LogModuleManager: Shutting down and abandoning module PaperSpriteSheetImporter (104)
[2016.09.01-15.00.05:220][588]LogModuleManager: Shutting down and abandoning module MeshPaint (103)
[2016.09.01-15.00.05:220][588]LogModuleManager: Shutting down and abandoning module PixelInspectorModule (102)
[2016.09.01-15.00.05:221][588]LogModuleManager: Shutting down and abandoning module HotReload (101)
[2016.09.01-15.00.05:223][588]LogModuleManager: Shutting down and abandoning module MainFrame (100)
[2016.09.01-15.00.05:224][588]LogModuleManager: Shutting down and abandoning module LevelEditor (99)
[2016.09.01-15.00.05:230][588]LogModuleManager: Shutting down and abandoning module ContentBrowser (98)
[2016.09.01-15.00.05:235][588]LogModuleManager: Shutting down and abandoning module Paper2DEditor (97)
[2016.09.01-15.00.05:237][588]LogModuleManager: Shutting down and abandoning module OceanProject (96)
[2016.09.01-15.00.05:237][588]LogModuleManager: Shutting down and abandoning module TrueSkyPlugin (95)
[2016.09.01-15.00.05:287][588]LogModuleManager: Shutting down and abandoning module UdpMessaging (94)
[2016.09.01-15.00.05:388][588]LogModuleManager: Shutting down and abandoning module LightPropagationVolumeRuntime (93)
[2016.09.01-15.00.05:388][588]LogModuleManager: Shutting down and abandoning module Paper2D (92)
[2016.09.01-15.00.05:389][588]LogModuleManager: Shutting down and abandoning module WindowsMoviePlayer (91)
[2016.09.01-15.00.05:390][588]LogModuleManager: Shutting down and abandoning module Media (90)
[2016.09.01-15.00.05:390][588]LogModuleManager: Shutting down and abandoning module WmfMedia (89)
[2016.09.01-15.00.05:392][588]LogModuleManager: Shutting down and abandoning module MediaAssets (88)
[2016.09.01-15.00.05:392][588]LogModuleManager: Shutting down and abandoning module GameLiveStreaming (87)
[2016.09.01-15.00.05:393][588]LogModuleManager: Shutting down and abandoning module GameplayTagsEditor (86)
[20